/home/yaxin/My_Files/ml_final/Chord-Classification/Models/Logistic/logistic.py:72: UserWarning: Some classes occur only once — using random split.
  warnings.warn("Some classes occur only once — using random split.")
✅ Device: cuda:0
✅ Hyperparameters: lr=0.001, batch_size=128, epochs=10
✅ Total usable samples: 122912
✅ Feature matrix shape: (122912, 128)
✅ Number of classes: 320
Epoch 01/10 | Loss: 2008.7631
Epoch 02/10 | Loss: 1080.0306
Epoch 03/10 | Loss: 919.8995
Epoch 04/10 | Loss: 835.3581
Epoch 05/10 | Loss: 780.4371
Epoch 06/10 | Loss: 742.0881
Epoch 07/10 | Loss: 712.2448
Epoch 08/10 | Loss: 688.8393
Epoch 09/10 | Loss: 669.2263
Epoch 10/10 | Loss: 652.8585

✅ Final Accuracy: 0.798 | Macro F1-score: 0.380

Classification Report:
              precision    recall  f1-score   support

         A:7       0.33      0.10      0.15        10
       A:7/3       1.00      0.25      0.40         4
       A:7/5       1.00      0.67      0.80         3
      A:7/b7       0.00      0.00      0.00         5
       A:aug       0.00      0.00      0.00         1
       A:dim       0.00      0.00      0.00         4
     A:hdim7       0.50      1.00      0.67         1
       A:maj       0.84      0.96      0.89       493
     A:maj/3       0.67      0.74      0.70        19
     A:maj/5       1.00      0.14      0.25         7
      A:maj6       1.00      0.25      0.40         4
      A:maj7       0.80      0.44      0.57        18
    A:maj7/3       1.00      1.00      1.00         1
    A:maj7/5       0.00      0.00      0.00         1
    A:maj7/7       0.40      0.50      0.44         4
       A:min       0.87      0.95      0.91       397
     A:min/5       0.79      0.73      0.76        26
    A:min/b3       1.00      0.25      0.40         8
      A:min7       0.64      0.62      0.63        34
   A:min7/b7       1.00      0.19      0.32        21
      A:sus2       0.68      0.40      0.51        47
      A:sus4       0.36      0.31      0.33        13
  A:sus4(b7)       0.00      0.00      0.00         6
        Ab:7       0.00      0.00      0.00         4
      Ab:7/3       0.00      0.00      0.00         1
      Ab:7/5       1.00      0.50      0.67         2
     Ab:7/b7       1.00      0.25      0.40         4
      Ab:dim       1.00      0.80      0.89         5
     Ab:dim7       1.00      0.33      0.50         3
    Ab:hdim7       0.00      0.00      0.00         1
      Ab:maj       0.83      0.92      0.87       450
    Ab:maj/3       0.85      0.65      0.73        17
    Ab:maj/5       0.50      0.17      0.25         6
     Ab:maj6       0.50      0.11      0.18         9
     Ab:maj7       0.89      0.50      0.64        16
   Ab:maj7/5       0.50      1.00      0.67         1
   Ab:maj7/7       1.00      0.09      0.17        11
      Ab:min       0.80      0.94      0.86       259
    Ab:min/5       1.00      0.33      0.50         6
   Ab:min/b3       0.00      0.00      0.00        12
     Ab:min6       0.00      0.00      0.00         1
     Ab:min7       0.77      0.65      0.71        26
   Ab:min7/5       0.00      0.00      0.00         2
  Ab:min7/b7       0.50      0.31      0.38        13
  Ab:minmaj7       0.00      0.00      0.00         1
     Ab:sus2       0.51      0.45      0.48        42
     Ab:sus4       0.62      0.36      0.45        28
 Ab:sus4(b7)       0.38      0.33      0.35         9
         B:7       1.00      0.25      0.40         4
       B:7/5       0.00      0.00      0.00         2
      B:7/b7       0.00      0.00      0.00         4
       B:dim       0.80      0.73      0.76        11
     B:hdim7       1.00      1.00      1.00         2
       B:maj       0.79      0.93      0.86       351
     B:maj/3       0.62      0.77      0.69        13
     B:maj/5       0.33      0.13      0.19        23
      B:maj6       0.00      0.00      0.00         4
      B:maj7       0.67      0.18      0.29        11
    B:maj7/5       0.00      0.00      0.00         2
    B:maj7/7       0.58      0.35      0.44        20
       B:min       0.85      0.94      0.90       298
     B:min/5       0.00      0.00      0.00         8
    B:min/b3       0.00      0.00      0.00         1
      B:min7       0.85      0.65      0.73        62
    B:min7/5       0.00      0.00      0.00         1
   B:min7/b7       1.00      0.14      0.25        14
      B:sus2       0.70      0.47      0.56        45
      B:sus4       0.75      0.45      0.56        20
  B:sus4(b7)       0.00      0.00      0.00         6
        Bb:7       0.33      0.17      0.22         6
     Bb:7/b7       0.00      0.00      0.00         3
      Bb:dim       0.75      1.00      0.86         3
    Bb:hdim7       1.00      1.00      1.00         2
      Bb:maj       0.82      0.95      0.88       457
    Bb:maj/3       0.83      0.31      0.45        16
    Bb:maj/5       0.83      0.25      0.38        20
     Bb:maj6       1.00      0.27      0.43        11
     Bb:maj7       0.83      0.33      0.48        15
   Bb:maj7/3       0.00      0.00      0.00         2
   Bb:maj7/5       0.00      0.00      0.00         3
   Bb:maj7/7       0.33      0.20      0.25         5
      Bb:min       0.84      0.97      0.90       298
    Bb:min/5       1.00      0.25      0.40         4
   Bb:min/b3       1.00      1.00      1.00         1
     Bb:min7       0.64      0.43      0.51        42
  Bb:min7/b7       0.00      0.00      0.00         8
     Bb:sus2       0.56      0.44      0.49        43
     Bb:sus4       0.60      0.32      0.42        28
 Bb:sus4(b7)       0.67      0.31      0.42        13
        C#:7       0.67      0.40      0.50         5
      C#:7/3       0.00      0.00      0.00         1
      C#:7/5       0.00      0.00      0.00         6
     C#:7/b7       1.00      0.60      0.75         5
      C#:aug       0.00      0.00      0.00         2
      C#:dim       0.50      0.33      0.40         3
     C#:dim7       1.00      0.75      0.86         4
    C#:hdim7       0.00      0.00      0.00         2
      C#:maj       0.82      0.92      0.86       404
    C#:maj/3       0.42      0.56      0.48        18
    C#:maj/5       0.33      0.07      0.12        27
     C#:maj6       1.00      0.25      0.40         4
     C#:maj7       0.00      0.00      0.00         8
   C#:maj7/3       1.00      0.25      0.40         4
   C#:maj7/5       0.00      0.00      0.00         2
   C#:maj7/7       0.33      0.11      0.17         9
      C#:min       0.84      0.94      0.89       283
    C#:min/5       0.60      0.25      0.35        12
   C#:min/b3       0.00      0.00      0.00         6
     C#:min7       0.76      0.57      0.65        23
  C#:min7/b7       0.33      0.17      0.22         6
     C#:sus2       0.56      0.43      0.48        56
     C#:sus4       0.19      0.11      0.14        27
 C#:sus4(b7)       0.50      0.22      0.31         9
         C:7       0.00      0.00      0.00         3
       C:7/5       1.00      0.33      0.50         3
      C:7/b7       0.00      0.00      0.00         1
       C:aug       1.00      0.25      0.40         4
       C:dim       1.00      0.83      0.91         6
       C:maj       0.82      0.94      0.88       524
     C:maj/3       0.54      0.42      0.47        31
     C:maj/5       0.73      0.36      0.48        53
      C:maj6       0.33      0.17      0.22         6
      C:maj7       0.38      0.17      0.23        18
    C:maj7/3       0.50      0.25      0.33         4
    C:maj7/5       0.00      0.00      0.00         1
    C:maj7/7       0.50      0.50      0.50         8
       C:min       0.86      0.92      0.89       274
     C:min/5       0.88      0.50      0.64        14
    C:min/b3       0.20      0.09      0.12        22
      C:min7       0.68      0.54      0.60        28
    C:min7/5       0.00      0.00      0.00         4
   C:min7/b7       0.29      0.33      0.31         6
      C:sus2       0.56      0.51      0.53        84
      C:sus4       0.65      0.48      0.55        23
  C:sus4(b7)       0.38      0.38      0.38         8
         D:7       0.57      0.20      0.30        20
       D:7/3       0.00      0.00      0.00         1
       D:7/5       0.33      0.17      0.22         6
      D:7/b7       0.50      0.29      0.36         7
       D:aug       0.00      0.00      0.00         4
       D:dim       0.67      0.50      0.57         4
       D:maj       0.82      0.92      0.87       463
     D:maj/3       0.56      0.36      0.43        28
     D:maj/5       0.29      0.09      0.13        23
      D:maj6       0.00      0.00      0.00         4
      D:maj7       0.50      0.17      0.25         6
    D:maj7/5       0.00      0.00      0.00         1
    D:maj7/7       0.50      0.50      0.50         6
       D:min       0.79      0.93      0.85       313
     D:min/5       0.88      0.45      0.60        31
    D:min/b3       0.50      0.21      0.30        14
      D:min6       0.00      0.00      0.00         1
      D:min7       0.95      0.51      0.67        35
    D:min7/5       1.00      0.50      0.67         2
   D:min7/b7       0.43      0.25      0.32        12
      D:sus2       0.59      0.46      0.51        59
      D:sus4       0.41      0.28      0.33        25
  D:sus4(b7)       0.62      0.42      0.50        12
         E:7       0.67      0.29      0.40         7
       E:7/3       0.00      0.00      0.00         1
       E:7/5       0.00      0.00      0.00         1
      E:7/b7       0.00      0.00      0.00         1
       E:aug       0.00      0.00      0.00         1
       E:dim       1.00      0.50      0.67         6
     E:hdim7       1.00      0.33      0.50         3
       E:maj       0.86      0.94      0.90       460
     E:maj/3       0.75      0.46      0.57        26
     E:maj/5       0.57      0.27      0.36        15
      E:maj6       0.50      0.25      0.33         4
      E:maj7       0.50      0.17      0.25        12
    E:maj7/3       0.00      0.00      0.00         2
    E:maj7/5       1.00      1.00      1.00         1
    E:maj7/7       1.00      0.40      0.57         5
       E:min       0.88      0.95      0.91       348
     E:min/5       0.67      0.20      0.31        10
    E:min/b3       0.58      0.33      0.42        21
      E:min6       0.00      0.00      0.00         1
      E:min7       0.72      0.68      0.70        38
    E:min7/5       0.00      0.00      0.00         4
   E:min7/b7       0.50      0.17      0.25         6
      E:sus2       0.59      0.36      0.44        28
      E:sus4       0.53      0.35      0.42        26
  E:sus4(b7)       0.60      0.43      0.50         7
        Eb:7       0.45      0.62      0.53         8
      Eb:7/3       0.00      0.00      0.00         2
      Eb:7/5       0.00      0.00      0.00         1
     Eb:7/b7       0.00      0.00      0.00         3
      Eb:dim       1.00      0.50      0.67         2
    Eb:hdim7       0.00      0.00      0.00         1
      Eb:maj       0.85      0.94      0.89       453
    Eb:maj/3       0.68      0.55      0.61        31
    Eb:maj/5       0.50      0.12      0.19        25
     Eb:maj6       0.00      0.00      0.00         5
     Eb:maj7       0.67      0.55      0.60        11
   Eb:maj7/3       0.00      0.00      0.00         2
   Eb:maj7/5       0.00      0.00      0.00         1
   Eb:maj7/7       0.67      0.20      0.31        10
      Eb:min       0.84      0.94      0.89       218
    Eb:min/5       0.00      0.00      0.00         5
   Eb:min/b3       0.43      0.18      0.25        17
     Eb:min6       1.00      0.33      0.50         3
     Eb:min7       0.86      0.74      0.79        34
   Eb:min7/5       1.00      0.50      0.67         2
  Eb:min7/b7       0.00      0.00      0.00         7
     Eb:sus2       0.47      0.49      0.48        37
     Eb:sus4       0.48      0.41      0.44        27
 Eb:sus4(b7)       0.57      0.36      0.44        11
        F#:7       1.00      0.50      0.67         4
      F#:7/5       1.00      0.50      0.67         2
     F#:7/b7       0.00      0.00      0.00         4
      F#:aug       1.00      1.00      1.00         1
      F#:dim       0.50      0.60      0.55         5
    F#:hdim7       0.00      0.00      0.00         1
      F#:maj       0.83      0.94      0.88       404
    F#:maj/3       0.80      0.57      0.67        28
    F#:maj/5       1.00      0.12      0.22         8
     F#:maj6       0.00      0.00      0.00         5
     F#:maj7       0.21      0.33      0.26         9
   F#:maj7/3       0.00      0.00      0.00         1
   F#:maj7/5       1.00      0.75      0.86         4
   F#:maj7/7       0.00      0.00      0.00         6
      F#:min       0.91      0.99      0.95       287
    F#:min/5       0.67      0.25      0.36         8
   F#:min/b3       0.58      0.44      0.50        16
     F#:min7       0.73      0.61      0.67        18
  F#:min7/b7       0.00      0.00      0.00         3
     F#:sus2       0.63      0.28      0.39        43
     F#:sus4       0.09      0.07      0.08        14
 F#:sus4(b7)       0.62      0.62      0.62         8
         F:7       0.40      0.25      0.31         8
       F:7/3       1.00      0.50      0.67         2
       F:7/5       0.00      0.00      0.00         1
      F:7/b7       0.00      0.00      0.00         4
       F:dim       1.00      0.60      0.75         5
      F:dim7       0.00      0.00      0.00         1
     F:hdim7       0.00      0.00      0.00         2
       F:maj       0.82      0.93      0.87       528
     F:maj/3       0.88      0.44      0.58        16
     F:maj/5       0.57      0.29      0.38        14
      F:maj6       0.00      0.00      0.00        10
      F:maj7       0.43      0.15      0.22        20
    F:maj7/3       0.00      0.00      0.00         2
    F:maj7/5       0.00      0.00      0.00         3
    F:maj7/7       0.50      0.25      0.33         4
       F:min       0.80      0.96      0.87       277
     F:min/5       0.00      0.00      0.00         8
    F:min/b3       0.22      0.25      0.24         8
      F:min7       0.72      0.56      0.63        32
   F:min7/b7       1.00      0.14      0.25         7
      F:sus2       0.59      0.30      0.39        44
      F:sus4       0.40      0.22      0.29        18
  F:sus4(b7)       1.00      0.50      0.67        14
         G:7       0.50      0.25      0.33         4
       G:7/5       0.00      0.00      0.00         1
      G:7/b7       1.00      0.17      0.29         6
       G:dim       0.50      0.33      0.40         3
     G:hdim7       0.00      0.00      0.00         3
       G:maj       0.84      0.95      0.89       547
     G:maj/3       0.70      0.63      0.67        30
     G:maj/5       1.00      0.25      0.40        12
      G:maj6       0.50      0.50      0.50         4
      G:maj7       0.50      0.17      0.25        12
    G:maj7/3       0.50      1.00      0.67         1
    G:maj7/5       0.00      0.00      0.00         3
    G:maj7/7       0.75      0.43      0.55         7
       G:min       0.84      0.96      0.90       314
     G:min/5       0.00      0.00      0.00         3
    G:min/b3       1.00      0.33      0.50        18
      G:min7       0.52      0.46      0.49        24
    G:min7/5       0.00      0.00      0.00         1
   G:min7/b7       0.25      0.09      0.13        11
      G:sus2       0.47      0.35      0.40        48
      G:sus4       0.71      0.39      0.51        38
  G:sus4(b7)       0.50      0.47      0.48        15
           N       0.62      0.58      0.60       264

   micro avg       0.80      0.80      0.80     12292
   macro avg       0.51      0.34      0.38     12292
weighted avg       0.77      0.80      0.77     12292

Confusion Matrix:
[[  1   0   0 ...   0   0   0]
 [  0   1   0 ...   0   0   0]
 [  0   0   2 ...   0   0   0]
 ...
 [  0   0   0 ...  15   0   0]
 [  0   0   0 ...   0   7   0]
 [  0   0   0 ...   0   1 154]]
