/home/yaxin/My_Files/ml_final/Chord-Classification/Models/Logistic/logistic.py:72: UserWarning: Some classes occur only once — using random split.
  warnings.warn("Some classes occur only once — using random split.")
✅ Device: cuda:0
✅ Hyperparameters: lr=0.0001, batch_size=64, epochs=10
✅ Total usable samples: 122912
✅ Feature matrix shape: (122912, 128)
✅ Number of classes: 320
Epoch 01/10 | Loss: 7871.0582
Epoch 02/10 | Loss: 4629.8859
Epoch 03/10 | Loss: 3418.7516
Epoch 04/10 | Loss: 2950.2286
Epoch 05/10 | Loss: 2683.3231
Epoch 06/10 | Loss: 2498.8763
Epoch 07/10 | Loss: 2360.9038
Epoch 08/10 | Loss: 2251.4233
Epoch 09/10 | Loss: 2162.6894
Epoch 10/10 | Loss: 2088.0534

✅ Final Accuracy: 0.739 | Macro F1-score: 0.130

Classification Report:
              precision    recall  f1-score   support

         A:7       0.00      0.00      0.00        10
       A:7/3       0.00      0.00      0.00         4
       A:7/5       0.00      0.00      0.00         3
      A:7/b7       0.00      0.00      0.00         5
       A:aug       0.00      0.00      0.00         1
       A:dim       0.00      0.00      0.00         4
     A:hdim7       0.00      0.00      0.00         1
       A:maj       0.77      0.95      0.85       493
     A:maj/3       0.50      0.37      0.42        19
     A:maj/5       0.00      0.00      0.00         7
      A:maj6       0.00      0.00      0.00         4
      A:maj7       0.00      0.00      0.00        18
    A:maj7/3       0.00      0.00      0.00         1
    A:maj7/5       0.00      0.00      0.00         1
    A:maj7/7       0.00      0.00      0.00         4
       A:min       0.77      0.98      0.86       397
     A:min/5       0.90      0.35      0.50        26
    A:min/b3       0.00      0.00      0.00         8
      A:min7       0.42      0.24      0.30        34
   A:min7/b7       1.00      0.05      0.09        21
      A:sus2       0.58      0.23      0.33        47
      A:sus4       0.00      0.00      0.00        13
  A:sus4(b7)       0.00      0.00      0.00         6
        Ab:7       0.00      0.00      0.00         4
      Ab:7/3       0.00      0.00      0.00         1
      Ab:7/5       0.00      0.00      0.00         2
     Ab:7/b7       0.00      0.00      0.00         4
      Ab:dim       0.00      0.00      0.00         5
     Ab:dim7       0.00      0.00      0.00         3
    Ab:hdim7       0.00      0.00      0.00         1
      Ab:maj       0.76      0.94      0.84       450
    Ab:maj/3       0.67      0.12      0.20        17
    Ab:maj/5       0.00      0.00      0.00         6
     Ab:maj6       0.00      0.00      0.00         9
     Ab:maj7       0.00      0.00      0.00        16
   Ab:maj7/5       0.00      0.00      0.00         1
   Ab:maj7/7       0.00      0.00      0.00        11
      Ab:min       0.71      0.95      0.81       259
    Ab:min/5       0.00      0.00      0.00         6
   Ab:min/b3       0.00      0.00      0.00        12
     Ab:min6       0.00      0.00      0.00         1
     Ab:min7       0.38      0.12      0.18        26
   Ab:min7/5       0.00      0.00      0.00         2
  Ab:min7/b7       0.00      0.00      0.00        13
  Ab:minmaj7       0.00      0.00      0.00         1
     Ab:sus2       0.46      0.14      0.22        42
     Ab:sus4       0.00      0.00      0.00        28
 Ab:sus4(b7)       0.00      0.00      0.00         9
         B:7       0.00      0.00      0.00         4
       B:7/5       0.00      0.00      0.00         2
      B:7/b7       0.00      0.00      0.00         4
       B:dim       1.00      0.36      0.53        11
     B:hdim7       0.00      0.00      0.00         2
       B:maj       0.73      0.95      0.82       351
     B:maj/3       0.50      0.38      0.43        13
     B:maj/5       0.50      0.04      0.08        23
      B:maj6       0.00      0.00      0.00         4
      B:maj7       0.00      0.00      0.00        11
    B:maj7/5       0.00      0.00      0.00         2
    B:maj7/7       1.00      0.10      0.18        20
       B:min       0.78      0.94      0.85       298
     B:min/5       0.00      0.00      0.00         8
    B:min/b3       0.00      0.00      0.00         1
      B:min7       0.88      0.37      0.52        62
    B:min7/5       0.00      0.00      0.00         1
   B:min7/b7       0.00      0.00      0.00        14
      B:sus2       0.62      0.40      0.49        45
      B:sus4       0.50      0.05      0.09        20
  B:sus4(b7)       0.00      0.00      0.00         6
        Bb:7       0.00      0.00      0.00         6
     Bb:7/b7       0.00      0.00      0.00         3
      Bb:dim       0.00      0.00      0.00         3
    Bb:hdim7       0.00      0.00      0.00         2
      Bb:maj       0.75      0.94      0.83       457
    Bb:maj/3       0.00      0.00      0.00        16
    Bb:maj/5       1.00      0.15      0.26        20
     Bb:maj6       0.00      0.00      0.00        11
     Bb:maj7       0.50      0.07      0.12        15
   Bb:maj7/3       0.00      0.00      0.00         2
   Bb:maj7/5       0.00      0.00      0.00         3
   Bb:maj7/7       0.00      0.00      0.00         5
      Bb:min       0.75      0.97      0.85       298
    Bb:min/5       0.00      0.00      0.00         4
   Bb:min/b3       0.00      0.00      0.00         1
     Bb:min7       0.38      0.14      0.21        42
  Bb:min7/b7       0.00      0.00      0.00         8
     Bb:sus2       0.46      0.14      0.21        43
     Bb:sus4       0.33      0.04      0.06        28
 Bb:sus4(b7)       0.00      0.00      0.00        13
        C#:7       0.00      0.00      0.00         5
      C#:7/3       0.00      0.00      0.00         1
      C#:7/5       0.00      0.00      0.00         6
     C#:7/b7       0.00      0.00      0.00         5
      C#:aug       0.00      0.00      0.00         2
      C#:dim       0.00      0.00      0.00         3
     C#:dim7       0.00      0.00      0.00         4
    C#:hdim7       0.00      0.00      0.00         2
      C#:maj       0.75      0.90      0.82       404
    C#:maj/3       0.40      0.11      0.17        18
    C#:maj/5       0.00      0.00      0.00        27
     C#:maj6       0.00      0.00      0.00         4
     C#:maj7       0.00      0.00      0.00         8
   C#:maj7/3       0.00      0.00      0.00         4
   C#:maj7/5       0.00      0.00      0.00         2
   C#:maj7/7       0.00      0.00      0.00         9
      C#:min       0.75      0.90      0.82       283
    C#:min/5       0.00      0.00      0.00        12
   C#:min/b3       0.00      0.00      0.00         6
     C#:min7       0.56      0.22      0.31        23
  C#:min7/b7       0.00      0.00      0.00         6
     C#:sus2       0.54      0.34      0.42        56
     C#:sus4       0.00      0.00      0.00        27
 C#:sus4(b7)       0.00      0.00      0.00         9
         C:7       0.00      0.00      0.00         3
       C:7/5       0.00      0.00      0.00         3
      C:7/b7       0.00      0.00      0.00         1
       C:aug       0.00      0.00      0.00         4
       C:dim       1.00      0.17      0.29         6
       C:maj       0.73      0.94      0.83       524
     C:maj/3       0.20      0.03      0.06        31
     C:maj/5       0.60      0.06      0.10        53
      C:maj6       0.00      0.00      0.00         6
      C:maj7       1.00      0.11      0.20        18
    C:maj7/3       0.00      0.00      0.00         4
    C:maj7/5       0.00      0.00      0.00         1
    C:maj7/7       0.00      0.00      0.00         8
       C:min       0.76      0.94      0.84       274
     C:min/5       0.00      0.00      0.00        14
    C:min/b3       0.00      0.00      0.00        22
      C:min7       0.57      0.29      0.38        28
    C:min7/5       0.00      0.00      0.00         4
   C:min7/b7       0.00      0.00      0.00         6
      C:sus2       0.55      0.36      0.43        84
      C:sus4       0.45      0.22      0.29        23
  C:sus4(b7)       1.00      0.12      0.22         8
         D:7       0.00      0.00      0.00        20
       D:7/3       0.00      0.00      0.00         1
       D:7/5       0.00      0.00      0.00         6
      D:7/b7       1.00      0.14      0.25         7
       D:aug       0.00      0.00      0.00         4
       D:dim       0.00      0.00      0.00         4
       D:maj       0.74      0.93      0.82       463
     D:maj/3       0.67      0.07      0.13        28
     D:maj/5       0.00      0.00      0.00        23
      D:maj6       0.00      0.00      0.00         4
      D:maj7       0.00      0.00      0.00         6
    D:maj7/5       0.00      0.00      0.00         1
    D:maj7/7       0.50      0.17      0.25         6
       D:min       0.72      0.91      0.81       313
     D:min/5       0.67      0.06      0.12        31
    D:min/b3       0.00      0.00      0.00        14
      D:min6       0.00      0.00      0.00         1
      D:min7       0.85      0.31      0.46        35
    D:min7/5       0.00      0.00      0.00         2
   D:min7/b7       0.00      0.00      0.00        12
      D:sus2       0.58      0.37      0.45        59
      D:sus4       0.00      0.00      0.00        25
  D:sus4(b7)       0.00      0.00      0.00        12
         E:7       0.00      0.00      0.00         7
       E:7/3       0.00      0.00      0.00         1
       E:7/5       0.00      0.00      0.00         1
      E:7/b7       0.00      0.00      0.00         1
       E:aug       0.00      0.00      0.00         1
       E:dim       0.00      0.00      0.00         6
     E:hdim7       0.00      0.00      0.00         3
       E:maj       0.77      0.94      0.85       460
     E:maj/3       0.50      0.12      0.19        26
     E:maj/5       0.00      0.00      0.00        15
      E:maj6       0.00      0.00      0.00         4
      E:maj7       0.00      0.00      0.00        12
    E:maj7/3       0.00      0.00      0.00         2
    E:maj7/5       0.00      0.00      0.00         1
    E:maj7/7       0.00      0.00      0.00         5
       E:min       0.77      0.95      0.85       348
     E:min/5       0.00      0.00      0.00        10
    E:min/b3       0.00      0.00      0.00        21
      E:min6       0.00      0.00      0.00         1
      E:min7       0.63      0.32      0.42        38
    E:min7/5       0.00      0.00      0.00         4
   E:min7/b7       0.00      0.00      0.00         6
      E:sus2       0.40      0.07      0.12        28
      E:sus4       0.33      0.04      0.07        26
  E:sus4(b7)       1.00      0.14      0.25         7
        Eb:7       0.00      0.00      0.00         8
      Eb:7/3       0.00      0.00      0.00         2
      Eb:7/5       0.00      0.00      0.00         1
     Eb:7/b7       0.00      0.00      0.00         3
      Eb:dim       0.00      0.00      0.00         2
    Eb:hdim7       0.00      0.00      0.00         1
      Eb:maj       0.74      0.95      0.83       453
    Eb:maj/3       1.00      0.10      0.18        31
    Eb:maj/5       0.00      0.00      0.00        25
     Eb:maj6       0.00      0.00      0.00         5
     Eb:maj7       0.00      0.00      0.00        11
   Eb:maj7/3       0.00      0.00      0.00         2
   Eb:maj7/5       0.00      0.00      0.00         1
   Eb:maj7/7       1.00      0.10      0.18        10
      Eb:min       0.75      0.94      0.84       218
    Eb:min/5       0.00      0.00      0.00         5
   Eb:min/b3       0.00      0.00      0.00        17
     Eb:min6       0.00      0.00      0.00         3
     Eb:min7       0.62      0.29      0.40        34
   Eb:min7/5       0.00      0.00      0.00         2
  Eb:min7/b7       0.00      0.00      0.00         7
     Eb:sus2       0.38      0.22      0.28        37
     Eb:sus4       0.50      0.11      0.18        27
 Eb:sus4(b7)       0.00      0.00      0.00        11
        F#:7       0.00      0.00      0.00         4
      F#:7/5       0.00      0.00      0.00         2
     F#:7/b7       0.00      0.00      0.00         4
      F#:aug       0.00      0.00      0.00         1
      F#:dim       0.00      0.00      0.00         5
    F#:hdim7       0.00      0.00      0.00         1
      F#:maj       0.76      0.94      0.84       404
    F#:maj/3       0.54      0.25      0.34        28
    F#:maj/5       0.00      0.00      0.00         8
     F#:maj6       0.00      0.00      0.00         5
     F#:maj7       0.33      0.11      0.17         9
   F#:maj7/3       0.00      0.00      0.00         1
   F#:maj7/5       0.00      0.00      0.00         4
   F#:maj7/7       0.00      0.00      0.00         6
      F#:min       0.81      0.98      0.89       287
    F#:min/5       0.00      0.00      0.00         8
   F#:min/b3       0.00      0.00      0.00        16
     F#:min7       0.60      0.17      0.26        18
  F#:min7/b7       0.00      0.00      0.00         3
     F#:sus2       0.50      0.05      0.09        43
     F#:sus4       0.00      0.00      0.00        14
 F#:sus4(b7)       0.00      0.00      0.00         8
         F:7       0.00      0.00      0.00         8
       F:7/3       0.00      0.00      0.00         2
       F:7/5       0.00      0.00      0.00         1
      F:7/b7       0.00      0.00      0.00         4
       F:dim       0.00      0.00      0.00         5
      F:dim7       0.00      0.00      0.00         1
     F:hdim7       0.00      0.00      0.00         2
       F:maj       0.75      0.93      0.83       528
     F:maj/3       0.00      0.00      0.00        16
     F:maj/5       0.00      0.00      0.00        14
      F:maj6       0.00      0.00      0.00        10
      F:maj7       0.00      0.00      0.00        20
    F:maj7/3       0.00      0.00      0.00         2
    F:maj7/5       0.00      0.00      0.00         3
    F:maj7/7       0.00      0.00      0.00         4
       F:min       0.72      0.95      0.82       277
     F:min/5       0.00      0.00      0.00         8
    F:min/b3       0.00      0.00      0.00         8
      F:min7       0.76      0.41      0.53        32
   F:min7/b7       0.00      0.00      0.00         7
      F:sus2       0.54      0.16      0.25        44
      F:sus4       0.00      0.00      0.00        18
  F:sus4(b7)       0.00      0.00      0.00        14
         G:7       0.00      0.00      0.00         4
       G:7/5       0.00      0.00      0.00         1
      G:7/b7       0.00      0.00      0.00         6
       G:dim       0.00      0.00      0.00         3
     G:hdim7       0.00      0.00      0.00         3
       G:maj       0.74      0.95      0.83       547
     G:maj/3       0.57      0.40      0.47        30
     G:maj/5       0.00      0.00      0.00        12
      G:maj6       0.00      0.00      0.00         4
      G:maj7       0.00      0.00      0.00        12
    G:maj7/3       0.00      0.00      0.00         1
    G:maj7/5       0.00      0.00      0.00         3
    G:maj7/7       0.00      0.00      0.00         7
       G:min       0.76      0.95      0.84       314
     G:min/5       0.00      0.00      0.00         3
    G:min/b3       0.00      0.00      0.00        18
      G:min7       0.46      0.25      0.32        24
    G:min7/5       0.00      0.00      0.00         1
   G:min7/b7       0.00      0.00      0.00        11
      G:sus2       0.46      0.23      0.31        48
      G:sus4       0.43      0.08      0.13        38
  G:sus4(b7)       0.00      0.00      0.00        15
           N       0.63      0.62      0.63       264

    accuracy                           0.74     12292
   macro avg       0.20      0.12      0.13     12292
weighted avg       0.65      0.74      0.67     12292

Confusion Matrix:
[[  0   0   0 ...   0   0   0]
 [  0   0   0 ...   0   0   0]
 [  0   0   0 ...   0   0   0]
 ...
 [  0   0   0 ...   3   0   0]
 [  0   0   0 ...   2   0   0]
 [  0   0   0 ...   0   0 165]]
