/home/yaxin/My_Files/ml_final/Chord-Classification/Models/Logistic/logistic.py:72: UserWarning: Some classes occur only once — using random split.
  warnings.warn("Some classes occur only once — using random split.")
✅ Device: cuda:0
✅ Hyperparameters: lr=0.0001, batch_size=128, epochs=10
✅ Total usable samples: 122912
✅ Feature matrix shape: (122912, 128)
✅ Number of classes: 320
Epoch 01/10 | Loss: 4317.4923
Epoch 02/10 | Loss: 3064.1232
Epoch 03/10 | Loss: 2244.4513
Epoch 04/10 | Loss: 1822.5097
Epoch 05/10 | Loss: 1600.8901
Epoch 06/10 | Loss: 1464.3161
Epoch 07/10 | Loss: 1368.5133
Epoch 08/10 | Loss: 1294.9577
Epoch 09/10 | Loss: 1236.6695
Epoch 10/10 | Loss: 1187.6745

✅ Final Accuracy: 0.721 | Macro F1-score: 0.101

Classification Report:
              precision    recall  f1-score   support

         A:7       0.00      0.00      0.00        10
       A:7/3       0.00      0.00      0.00         4
       A:7/5       0.00      0.00      0.00         3
      A:7/b7       0.00      0.00      0.00         5
       A:aug       0.00      0.00      0.00         1
       A:dim       0.00      0.00      0.00         4
     A:hdim7       0.00      0.00      0.00         1
       A:maj       0.76      0.95      0.84       493
     A:maj/3       0.00      0.00      0.00        19
     A:maj/5       0.00      0.00      0.00         7
      A:maj6       0.00      0.00      0.00         4
      A:maj7       0.00      0.00      0.00        18
    A:maj7/3       0.00      0.00      0.00         1
    A:maj7/5       0.00      0.00      0.00         1
    A:maj7/7       0.00      0.00      0.00         4
       A:min       0.76      0.97      0.86       397
     A:min/5       0.78      0.27      0.40        26
    A:min/b3       0.00      0.00      0.00         8
      A:min7       0.38      0.15      0.21        34
   A:min7/b7       1.00      0.05      0.09        21
      A:sus2       0.40      0.13      0.19        47
      A:sus4       0.00      0.00      0.00        13
  A:sus4(b7)       0.00      0.00      0.00         6
        Ab:7       0.00      0.00      0.00         4
      Ab:7/3       0.00      0.00      0.00         1
      Ab:7/5       0.00      0.00      0.00         2
     Ab:7/b7       0.00      0.00      0.00         4
      Ab:dim       0.00      0.00      0.00         5
     Ab:dim7       0.00      0.00      0.00         3
    Ab:hdim7       0.00      0.00      0.00         1
      Ab:maj       0.74      0.93      0.82       450
    Ab:maj/3       1.00      0.06      0.11        17
    Ab:maj/5       0.00      0.00      0.00         6
     Ab:maj6       0.00      0.00      0.00         9
     Ab:maj7       0.00      0.00      0.00        16
   Ab:maj7/5       0.00      0.00      0.00         1
   Ab:maj7/7       0.00      0.00      0.00        11
      Ab:min       0.70      0.94      0.80       259
    Ab:min/5       0.00      0.00      0.00         6
   Ab:min/b3       0.00      0.00      0.00        12
     Ab:min6       0.00      0.00      0.00         1
     Ab:min7       0.40      0.08      0.13        26
   Ab:min7/5       0.00      0.00      0.00         2
  Ab:min7/b7       0.00      0.00      0.00        13
  Ab:minmaj7       0.00      0.00      0.00         1
     Ab:sus2       0.67      0.05      0.09        42
     Ab:sus4       0.00      0.00      0.00        28
 Ab:sus4(b7)       0.00      0.00      0.00         9
         B:7       0.00      0.00      0.00         4
       B:7/5       0.00      0.00      0.00         2
      B:7/b7       0.00      0.00      0.00         4
       B:dim       0.00      0.00      0.00        11
     B:hdim7       0.00      0.00      0.00         2
       B:maj       0.71      0.94      0.81       351
     B:maj/3       0.75      0.23      0.35        13
     B:maj/5       0.00      0.00      0.00        23
      B:maj6       0.00      0.00      0.00         4
      B:maj7       0.00      0.00      0.00        11
    B:maj7/5       0.00      0.00      0.00         2
    B:maj7/7       0.00      0.00      0.00        20
       B:min       0.74      0.93      0.82       298
     B:min/5       0.00      0.00      0.00         8
    B:min/b3       0.00      0.00      0.00         1
      B:min7       0.87      0.21      0.34        62
    B:min7/5       0.00      0.00      0.00         1
   B:min7/b7       0.00      0.00      0.00        14
      B:sus2       0.61      0.24      0.35        45
      B:sus4       0.50      0.05      0.09        20
  B:sus4(b7)       0.00      0.00      0.00         6
        Bb:7       0.00      0.00      0.00         6
     Bb:7/b7       0.00      0.00      0.00         3
      Bb:dim       0.00      0.00      0.00         3
    Bb:hdim7       0.00      0.00      0.00         2
      Bb:maj       0.73      0.92      0.81       457
    Bb:maj/3       0.00      0.00      0.00        16
    Bb:maj/5       0.00      0.00      0.00        20
     Bb:maj6       0.00      0.00      0.00        11
     Bb:maj7       1.00      0.07      0.12        15
   Bb:maj7/3       0.00      0.00      0.00         2
   Bb:maj7/5       0.00      0.00      0.00         3
   Bb:maj7/7       0.00      0.00      0.00         5
      Bb:min       0.73      0.96      0.83       298
    Bb:min/5       0.00      0.00      0.00         4
   Bb:min/b3       0.00      0.00      0.00         1
     Bb:min7       0.22      0.05      0.08        42
  Bb:min7/b7       0.00      0.00      0.00         8
     Bb:sus2       0.43      0.07      0.12        43
     Bb:sus4       0.33      0.04      0.06        28
 Bb:sus4(b7)       0.00      0.00      0.00        13
        C#:7       0.00      0.00      0.00         5
      C#:7/3       0.00      0.00      0.00         1
      C#:7/5       0.00      0.00      0.00         6
     C#:7/b7       0.00      0.00      0.00         5
      C#:aug       0.00      0.00      0.00         2
      C#:dim       0.00      0.00      0.00         3
     C#:dim7       0.00      0.00      0.00         4
    C#:hdim7       0.00      0.00      0.00         2
      C#:maj       0.72      0.90      0.80       404
    C#:maj/3       0.00      0.00      0.00        18
    C#:maj/5       0.00      0.00      0.00        27
     C#:maj6       0.00      0.00      0.00         4
     C#:maj7       0.00      0.00      0.00         8
   C#:maj7/3       0.00      0.00      0.00         4
   C#:maj7/5       0.00      0.00      0.00         2
   C#:maj7/7       0.00      0.00      0.00         9
      C#:min       0.74      0.91      0.82       283
    C#:min/5       0.00      0.00      0.00        12
   C#:min/b3       0.00      0.00      0.00         6
     C#:min7       0.43      0.13      0.20        23
  C#:min7/b7       0.00      0.00      0.00         6
     C#:sus2       0.48      0.25      0.33        56
     C#:sus4       0.00      0.00      0.00        27
 C#:sus4(b7)       0.00      0.00      0.00         9
         C:7       0.00      0.00      0.00         3
       C:7/5       0.00      0.00      0.00         3
      C:7/b7       0.00      0.00      0.00         1
       C:aug       0.00      0.00      0.00         4
       C:dim       0.00      0.00      0.00         6
       C:maj       0.71      0.92      0.80       524
     C:maj/3       1.00      0.03      0.06        31
     C:maj/5       0.00      0.00      0.00        53
      C:maj6       0.00      0.00      0.00         6
      C:maj7       0.00      0.00      0.00        18
    C:maj7/3       0.00      0.00      0.00         4
    C:maj7/5       0.00      0.00      0.00         1
    C:maj7/7       0.00      0.00      0.00         8
       C:min       0.72      0.94      0.81       274
     C:min/5       0.00      0.00      0.00        14
    C:min/b3       0.00      0.00      0.00        22
      C:min7       0.40      0.07      0.12        28
    C:min7/5       0.00      0.00      0.00         4
   C:min7/b7       0.00      0.00      0.00         6
      C:sus2       0.50      0.32      0.39        84
      C:sus4       0.00      0.00      0.00        23
  C:sus4(b7)       0.00      0.00      0.00         8
         D:7       0.00      0.00      0.00        20
       D:7/3       0.00      0.00      0.00         1
       D:7/5       0.00      0.00      0.00         6
      D:7/b7       0.00      0.00      0.00         7
       D:aug       0.00      0.00      0.00         4
       D:dim       0.00      0.00      0.00         4
       D:maj       0.72      0.91      0.80       463
     D:maj/3       0.00      0.00      0.00        28
     D:maj/5       0.00      0.00      0.00        23
      D:maj6       0.00      0.00      0.00         4
      D:maj7       0.00      0.00      0.00         6
    D:maj7/5       0.00      0.00      0.00         1
    D:maj7/7       0.00      0.00      0.00         6
       D:min       0.70      0.91      0.79       313
     D:min/5       0.00      0.00      0.00        31
    D:min/b3       0.00      0.00      0.00        14
      D:min6       0.00      0.00      0.00         1
      D:min7       0.75      0.26      0.38        35
    D:min7/5       0.00      0.00      0.00         2
   D:min7/b7       0.00      0.00      0.00        12
      D:sus2       0.60      0.36      0.45        59
      D:sus4       0.00      0.00      0.00        25
  D:sus4(b7)       0.00      0.00      0.00        12
         E:7       0.00      0.00      0.00         7
       E:7/3       0.00      0.00      0.00         1
       E:7/5       0.00      0.00      0.00         1
      E:7/b7       0.00      0.00      0.00         1
       E:aug       0.00      0.00      0.00         1
       E:dim       0.00      0.00      0.00         6
     E:hdim7       0.00      0.00      0.00         3
       E:maj       0.75      0.93      0.83       460
     E:maj/3       0.50      0.04      0.07        26
     E:maj/5       0.00      0.00      0.00        15
      E:maj6       0.00      0.00      0.00         4
      E:maj7       0.00      0.00      0.00        12
    E:maj7/3       0.00      0.00      0.00         2
    E:maj7/5       0.00      0.00      0.00         1
    E:maj7/7       0.00      0.00      0.00         5
       E:min       0.76      0.94      0.84       348
     E:min/5       0.00      0.00      0.00        10
    E:min/b3       0.00      0.00      0.00        21
      E:min6       0.00      0.00      0.00         1
      E:min7       0.47      0.18      0.26        38
    E:min7/5       0.00      0.00      0.00         4
   E:min7/b7       0.00      0.00      0.00         6
      E:sus2       0.00      0.00      0.00        28
      E:sus4       0.00      0.00      0.00        26
  E:sus4(b7)       0.00      0.00      0.00         7
        Eb:7       0.00      0.00      0.00         8
      Eb:7/3       0.00      0.00      0.00         2
      Eb:7/5       0.00      0.00      0.00         1
     Eb:7/b7       0.00      0.00      0.00         3
      Eb:dim       0.00      0.00      0.00         2
    Eb:hdim7       0.00      0.00      0.00         1
      Eb:maj       0.71      0.95      0.81       453
    Eb:maj/3       0.00      0.00      0.00        31
    Eb:maj/5       0.00      0.00      0.00        25
     Eb:maj6       0.00      0.00      0.00         5
     Eb:maj7       0.00      0.00      0.00        11
   Eb:maj7/3       0.00      0.00      0.00         2
   Eb:maj7/5       0.00      0.00      0.00         1
   Eb:maj7/7       0.00      0.00      0.00        10
      Eb:min       0.73      0.94      0.82       218
    Eb:min/5       0.00      0.00      0.00         5
   Eb:min/b3       0.00      0.00      0.00        17
     Eb:min6       0.00      0.00      0.00         3
     Eb:min7       0.50      0.18      0.26        34
   Eb:min7/5       0.00      0.00      0.00         2
  Eb:min7/b7       0.00      0.00      0.00         7
     Eb:sus2       0.38      0.16      0.23        37
     Eb:sus4       0.50      0.04      0.07        27
 Eb:sus4(b7)       0.00      0.00      0.00        11
        F#:7       0.00      0.00      0.00         4
      F#:7/5       0.00      0.00      0.00         2
     F#:7/b7       0.00      0.00      0.00         4
      F#:aug       0.00      0.00      0.00         1
      F#:dim       0.00      0.00      0.00         5
    F#:hdim7       0.00      0.00      0.00         1
      F#:maj       0.73      0.94      0.82       404
    F#:maj/3       0.50      0.11      0.18        28
    F#:maj/5       0.00      0.00      0.00         8
     F#:maj6       0.00      0.00      0.00         5
     F#:maj7       0.00      0.00      0.00         9
   F#:maj7/3       0.00      0.00      0.00         1
   F#:maj7/5       0.00      0.00      0.00         4
   F#:maj7/7       0.00      0.00      0.00         6
      F#:min       0.78      0.98      0.87       287
    F#:min/5       0.00      0.00      0.00         8
   F#:min/b3       0.00      0.00      0.00        16
     F#:min7       0.00      0.00      0.00        18
  F#:min7/b7       0.00      0.00      0.00         3
     F#:sus2       1.00      0.02      0.05        43
     F#:sus4       0.00      0.00      0.00        14
 F#:sus4(b7)       0.00      0.00      0.00         8
         F:7       0.00      0.00      0.00         8
       F:7/3       0.00      0.00      0.00         2
       F:7/5       0.00      0.00      0.00         1
      F:7/b7       0.00      0.00      0.00         4
       F:dim       0.00      0.00      0.00         5
      F:dim7       0.00      0.00      0.00         1
     F:hdim7       0.00      0.00      0.00         2
       F:maj       0.73      0.92      0.81       528
     F:maj/3       0.00      0.00      0.00        16
     F:maj/5       0.00      0.00      0.00        14
      F:maj6       0.00      0.00      0.00        10
      F:maj7       0.00      0.00      0.00        20
    F:maj7/3       0.00      0.00      0.00         2
    F:maj7/5       0.00      0.00      0.00         3
    F:maj7/7       0.00      0.00      0.00         4
       F:min       0.71      0.94      0.81       277
     F:min/5       0.00      0.00      0.00         8
    F:min/b3       0.00      0.00      0.00         8
      F:min7       0.89      0.25      0.39        32
   F:min7/b7       0.00      0.00      0.00         7
      F:sus2       0.62      0.11      0.19        44
      F:sus4       0.00      0.00      0.00        18
  F:sus4(b7)       0.00      0.00      0.00        14
         G:7       0.00      0.00      0.00         4
       G:7/5       0.00      0.00      0.00         1
      G:7/b7       0.00      0.00      0.00         6
       G:dim       0.00      0.00      0.00         3
     G:hdim7       0.00      0.00      0.00         3
       G:maj       0.72      0.95      0.82       547
     G:maj/3       0.60      0.30      0.40        30
     G:maj/5       0.00      0.00      0.00        12
      G:maj6       0.00      0.00      0.00         4
      G:maj7       0.00      0.00      0.00        12
    G:maj7/3       0.00      0.00      0.00         1
    G:maj7/5       0.00      0.00      0.00         3
    G:maj7/7       0.00      0.00      0.00         7
       G:min       0.73      0.94      0.82       314
     G:min/5       0.00      0.00      0.00         3
    G:min/b3       0.00      0.00      0.00        18
      G:min7       0.57      0.17      0.26        24
    G:min7/5       0.00      0.00      0.00         1
   G:min7/b7       0.00      0.00      0.00        11
      G:sus2       0.44      0.15      0.22        48
      G:sus4       0.67      0.05      0.10        38
  G:sus4(b7)       0.00      0.00      0.00        15
           N       0.62      0.62      0.62       264

    accuracy                           0.72     12292
   macro avg       0.14      0.10      0.10     12292
weighted avg       0.61      0.72      0.64     12292

Confusion Matrix:
[[  0   0   0 ...   0   0   0]
 [  0   0   0 ...   0   0   0]
 [  0   0   0 ...   0   0   0]
 ...
 [  0   0   0 ...   2   0   0]
 [  0   0   0 ...   1   0   0]
 [  0   0   0 ...   0   0 163]]
