/home/yaxin/My_Files/ml_final/Chord-Classification/Models/Logistic/logistic.py:72: UserWarning: Some classes occur only once — using random split.
  warnings.warn("Some classes occur only once — using random split.")
✅ Device: cuda:0
✅ Hyperparameters: lr=0.001, batch_size=32, epochs=20
✅ Total usable samples: 122912
✅ Feature matrix shape: (122912, 128)
✅ Number of classes: 320
Epoch 01/20 | Loss: 5923.6608
Epoch 02/20 | Loss: 3550.7992
Epoch 03/20 | Loss: 3113.9641
Epoch 04/20 | Loss: 2878.5890
Epoch 05/20 | Loss: 2727.1852
Epoch 06/20 | Loss: 2617.0989
Epoch 07/20 | Loss: 2538.2326
Epoch 08/20 | Loss: 2469.8818
Epoch 09/20 | Loss: 2416.8343
Epoch 10/20 | Loss: 2370.8655
Epoch 11/20 | Loss: 2332.5609
Epoch 12/20 | Loss: 2299.3926
Epoch 13/20 | Loss: 2272.3746
Epoch 14/20 | Loss: 2241.7467
Epoch 15/20 | Loss: 2219.3644
Epoch 16/20 | Loss: 2200.8827
Epoch 17/20 | Loss: 2179.0111
Epoch 18/20 | Loss: 2164.7685
Epoch 19/20 | Loss: 2148.7754
Epoch 20/20 | Loss: 2132.6086

✅ Final Accuracy: 0.815 | Macro F1-score: 0.480

Classification Report:
              precision    recall  f1-score   support

         A:7       0.75      0.30      0.43        10
       A:7/3       1.00      0.25      0.40         4
       A:7/5       1.00      0.67      0.80         3
      A:7/b7       1.00      0.60      0.75         5
       A:aug       0.00      0.00      0.00         1
       A:dim       1.00      0.50      0.67         4
     A:hdim7       0.50      1.00      0.67         1
       A:maj       0.87      0.95      0.91       493
     A:maj/3       0.70      0.74      0.72        19
     A:maj/5       1.00      0.29      0.44         7
      A:maj6       1.00      0.25      0.40         4
      A:maj7       1.00      0.50      0.67        18
    A:maj7/3       1.00      1.00      1.00         1
    A:maj7/5       0.00      0.00      0.00         1
    A:maj7/7       0.50      0.75      0.60         4
       A:min       0.89      0.94      0.92       397
     A:min/5       0.76      0.73      0.75        26
    A:min/b3       0.60      0.38      0.46         8
      A:min7       0.74      0.59      0.66        34
   A:min7/b7       1.00      0.38      0.55        21
      A:sus2       0.56      0.43      0.48        47
      A:sus4       0.40      0.46      0.43        13
  A:sus4(b7)       0.00      0.00      0.00         6
        Ab:7       1.00      0.25      0.40         4
      Ab:7/3       0.00      0.00      0.00         1
      Ab:7/5       0.50      0.50      0.50         2
     Ab:7/b7       1.00      0.25      0.40         4
      Ab:dim       1.00      0.60      0.75         5
     Ab:dim7       0.50      0.33      0.40         3
    Ab:hdim7       1.00      1.00      1.00         1
      Ab:maj       0.85      0.92      0.88       450
    Ab:maj/3       1.00      0.65      0.79        17
    Ab:maj/5       0.67      0.33      0.44         6
     Ab:maj6       0.80      0.44      0.57         9
     Ab:maj7       0.83      0.31      0.45        16
   Ab:maj7/5       0.33      1.00      0.50         1
   Ab:maj7/7       1.00      0.18      0.31        11
      Ab:min       0.80      0.95      0.87       259
    Ab:min/5       1.00      0.17      0.29         6
   Ab:min/b3       0.33      0.08      0.13        12
     Ab:min6       0.00      0.00      0.00         1
     Ab:min7       0.71      0.65      0.68        26
   Ab:min7/5       0.00      0.00      0.00         2
  Ab:min7/b7       0.57      0.31      0.40        13
  Ab:minmaj7       0.00      0.00      0.00         1
     Ab:sus2       0.56      0.43      0.49        42
     Ab:sus4       0.50      0.43      0.46        28
 Ab:sus4(b7)       0.50      0.44      0.47         9
         B:7       1.00      0.25      0.40         4
       B:7/5       0.00      0.00      0.00         2
      B:7/b7       1.00      0.50      0.67         4
       B:dim       0.91      0.91      0.91        11
     B:hdim7       0.50      1.00      0.67         2
       B:maj       0.83      0.93      0.88       351
     B:maj/3       0.67      0.92      0.77        13
     B:maj/5       0.50      0.30      0.38        23
      B:maj6       0.50      0.25      0.33         4
      B:maj7       0.80      0.36      0.50        11
    B:maj7/5       1.00      0.50      0.67         2
    B:maj7/7       0.64      0.35      0.45        20
       B:min       0.89      0.94      0.92       298
     B:min/5       0.50      0.38      0.43         8
    B:min/b3       0.00      0.00      0.00         1
      B:min7       0.90      0.71      0.79        62
    B:min7/5       0.00      0.00      0.00         1
   B:min7/b7       0.67      0.14      0.24        14
      B:sus2       0.63      0.49      0.55        45
      B:sus4       0.79      0.55      0.65        20
  B:sus4(b7)       0.00      0.00      0.00         6
        Bb:7       0.50      0.17      0.25         6
     Bb:7/b7       0.67      0.67      0.67         3
      Bb:dim       1.00      1.00      1.00         3
    Bb:hdim7       1.00      1.00      1.00         2
      Bb:maj       0.85      0.95      0.90       457
    Bb:maj/3       0.50      0.31      0.38        16
    Bb:maj/5       0.78      0.35      0.48        20
     Bb:maj6       0.75      0.27      0.40        11
     Bb:maj7       0.86      0.40      0.55        15
   Bb:maj7/3       0.00      0.00      0.00         2
   Bb:maj7/5       1.00      0.67      0.80         3
   Bb:maj7/7       0.33      0.40      0.36         5
      Bb:min       0.86      0.97      0.91       298
    Bb:min/5       0.50      0.25      0.33         4
   Bb:min/b3       0.50      1.00      0.67         1
     Bb:min7       0.64      0.50      0.56        42
  Bb:min7/b7       0.00      0.00      0.00         8
     Bb:sus2       0.59      0.44      0.51        43
     Bb:sus4       0.63      0.43      0.51        28
 Bb:sus4(b7)       0.67      0.31      0.42        13
        C#:7       0.60      0.60      0.60         5
      C#:7/3       0.00      0.00      0.00         1
      C#:7/5       0.50      0.17      0.25         6
     C#:7/b7       1.00      0.80      0.89         5
      C#:aug       1.00      0.50      0.67         2
      C#:dim       0.67      0.67      0.67         3
     C#:dim7       1.00      0.75      0.86         4
    C#:hdim7       0.00      0.00      0.00         2
      C#:maj       0.86      0.90      0.88       404
    C#:maj/3       0.50      0.61      0.55        18
    C#:maj/5       0.25      0.07      0.11        27
     C#:maj6       1.00      0.25      0.40         4
     C#:maj7       0.67      0.25      0.36         8
   C#:maj7/3       0.50      0.50      0.50         4
   C#:maj7/5       0.00      0.00      0.00         2
   C#:maj7/7       0.60      0.33      0.43         9
      C#:min       0.86      0.95      0.90       283
    C#:min/5       0.57      0.33      0.42        12
   C#:min/b3       0.00      0.00      0.00         6
     C#:min7       0.93      0.57      0.70        23
  C#:min7/b7       0.33      0.33      0.33         6
     C#:sus2       0.53      0.46      0.50        56
     C#:sus4       0.34      0.37      0.36        27
 C#:sus4(b7)       0.60      0.33      0.43         9
         C:7       1.00      0.33      0.50         3
       C:7/5       1.00      0.33      0.50         3
      C:7/b7       0.00      0.00      0.00         1
       C:aug       0.50      0.25      0.33         4
       C:dim       0.83      0.83      0.83         6
       C:maj       0.85      0.95      0.90       524
     C:maj/3       0.65      0.55      0.60        31
     C:maj/5       0.69      0.42      0.52        53
      C:maj6       0.40      0.33      0.36         6
      C:maj7       0.38      0.28      0.32        18
    C:maj7/3       0.50      0.25      0.33         4
    C:maj7/5       0.00      0.00      0.00         1
    C:maj7/7       0.55      0.75      0.63         8
       C:min       0.89      0.92      0.90       274
     C:min/5       0.82      0.64      0.72        14
    C:min/b3       0.14      0.05      0.07        22
      C:min7       0.60      0.54      0.57        28
    C:min7/5       1.00      0.25      0.40         4
   C:min7/b7       0.23      0.50      0.32         6
      C:sus2       0.66      0.54      0.59        84
      C:sus4       0.64      0.39      0.49        23
  C:sus4(b7)       0.33      0.38      0.35         8
         D:7       0.64      0.35      0.45        20
       D:7/3       0.00      0.00      0.00         1
       D:7/5       1.00      0.17      0.29         6
      D:7/b7       0.50      0.43      0.46         7
       D:aug       1.00      0.75      0.86         4
       D:dim       1.00      0.50      0.67         4
       D:maj       0.84      0.94      0.89       463
     D:maj/3       0.64      0.32      0.43        28
     D:maj/5       0.23      0.13      0.17        23
      D:maj6       0.00      0.00      0.00         4
      D:maj7       0.20      0.17      0.18         6
    D:maj7/5       1.00      1.00      1.00         1
    D:maj7/7       0.80      0.67      0.73         6
       D:min       0.83      0.93      0.88       313
     D:min/5       0.86      0.58      0.69        31
    D:min/b3       0.50      0.29      0.36        14
      D:min6       0.00      0.00      0.00         1
      D:min7       0.94      0.49      0.64        35
    D:min7/5       1.00      0.50      0.67         2
   D:min7/b7       0.50      0.33      0.40        12
      D:sus2       0.69      0.53      0.60        59
      D:sus4       0.43      0.36      0.39        25
  D:sus4(b7)       0.67      0.50      0.57        12
         E:7       0.75      0.86      0.80         7
       E:7/3       0.00      0.00      0.00         1
       E:7/5       1.00      1.00      1.00         1
      E:7/b7       0.00      0.00      0.00         1
       E:aug       1.00      1.00      1.00         1
       E:dim       1.00      0.67      0.80         6
     E:hdim7       1.00      0.33      0.50         3
       E:maj       0.88      0.93      0.90       460
     E:maj/3       0.70      0.62      0.65        26
     E:maj/5       0.42      0.33      0.37        15
      E:maj6       1.00      0.25      0.40         4
      E:maj7       0.67      0.33      0.44        12
    E:maj7/3       0.00      0.00      0.00         2
    E:maj7/5       1.00      1.00      1.00         1
    E:maj7/7       1.00      0.40      0.57         5
       E:min       0.89      0.95      0.92       348
     E:min/5       1.00      0.20      0.33        10
    E:min/b3       0.57      0.38      0.46        21
      E:min6       1.00      1.00      1.00         1
      E:min7       0.74      0.68      0.71        38
    E:min7/5       1.00      0.25      0.40         4
   E:min7/b7       0.25      0.17      0.20         6
      E:sus2       0.55      0.39      0.46        28
      E:sus4       0.59      0.38      0.47        26
  E:sus4(b7)       0.57      0.57      0.57         7
        Eb:7       0.70      0.88      0.78         8
      Eb:7/3       1.00      1.00      1.00         2
      Eb:7/5       0.00      0.00      0.00         1
     Eb:7/b7       0.00      0.00      0.00         3
      Eb:dim       1.00      0.50      0.67         2
    Eb:hdim7       0.00      0.00      0.00         1
      Eb:maj       0.88      0.93      0.91       453
    Eb:maj/3       0.75      0.68      0.71        31
    Eb:maj/5       0.65      0.44      0.52        25
     Eb:maj6       0.00      0.00      0.00         5
     Eb:maj7       0.75      0.55      0.63        11
   Eb:maj7/3       0.00      0.00      0.00         2
   Eb:maj7/5       1.00      1.00      1.00         1
   Eb:maj7/7       0.33      0.20      0.25        10
      Eb:min       0.87      0.93      0.90       218
    Eb:min/5       0.67      0.40      0.50         5
   Eb:min/b3       0.45      0.29      0.36        17
     Eb:min6       1.00      0.33      0.50         3
     Eb:min7       0.85      0.82      0.84        34
   Eb:min7/5       1.00      0.50      0.67         2
  Eb:min7/b7       0.33      0.29      0.31         7
     Eb:sus2       0.39      0.54      0.45        37
     Eb:sus4       0.58      0.52      0.55        27
 Eb:sus4(b7)       0.50      0.55      0.52        11
        F#:7       1.00      0.75      0.86         4
      F#:7/5       1.00      0.50      0.67         2
     F#:7/b7       0.00      0.00      0.00         4
      F#:aug       1.00      1.00      1.00         1
      F#:dim       0.67      0.80      0.73         5
    F#:hdim7       0.00      0.00      0.00         1
      F#:maj       0.84      0.94      0.89       404
    F#:maj/3       0.79      0.54      0.64        28
    F#:maj/5       1.00      0.12      0.22         8
     F#:maj6       0.00      0.00      0.00         5
     F#:maj7       0.30      0.33      0.32         9
   F#:maj7/3       0.00      0.00      0.00         1
   F#:maj7/5       1.00      0.75      0.86         4
   F#:maj7/7       0.50      0.33      0.40         6
      F#:min       0.92      0.98      0.95       287
    F#:min/5       0.67      0.50      0.57         8
   F#:min/b3       0.59      0.62      0.61        16
     F#:min7       0.67      0.67      0.67        18
  F#:min7/b7       0.00      0.00      0.00         3
     F#:sus2       0.68      0.30      0.42        43
     F#:sus4       0.21      0.21      0.21        14
 F#:sus4(b7)       0.56      0.62      0.59         8
         F:7       0.60      0.38      0.46         8
       F:7/3       1.00      0.50      0.67         2
       F:7/5       0.00      0.00      0.00         1
      F:7/b7       0.00      0.00      0.00         4
       F:dim       1.00      0.40      0.57         5
      F:dim7       0.00      0.00      0.00         1
     F:hdim7       0.00      0.00      0.00         2
       F:maj       0.86      0.93      0.89       528
     F:maj/3       0.83      0.62      0.71        16
     F:maj/5       0.71      0.36      0.48        14
      F:maj6       0.00      0.00      0.00        10
      F:maj7       0.54      0.35      0.42        20
    F:maj7/3       0.00      0.00      0.00         2
    F:maj7/5       0.00      0.00      0.00         3
    F:maj7/7       1.00      0.25      0.40         4
       F:min       0.85      0.94      0.89       277
     F:min/5       0.40      0.25      0.31         8
    F:min/b3       0.33      0.38      0.35         8
      F:min7       0.70      0.72      0.71        32
   F:min7/b7       0.50      0.14      0.22         7
      F:sus2       0.55      0.41      0.47        44
      F:sus4       0.31      0.22      0.26        18
  F:sus4(b7)       0.80      0.57      0.67        14
         G:7       0.67      0.50      0.57         4
       G:7/5       0.00      0.00      0.00         1
      G:7/b7       0.80      0.67      0.73         6
       G:dim       0.33      0.33      0.33         3
     G:hdim7       0.00      0.00      0.00         3
       G:maj       0.86      0.93      0.90       547
     G:maj/3       0.75      0.70      0.72        30
     G:maj/5       0.50      0.42      0.45        12
      G:maj6       0.50      0.50      0.50         4
      G:maj7       0.50      0.25      0.33        12
    G:maj7/3       1.00      1.00      1.00         1
    G:maj7/5       0.00      0.00      0.00         3
    G:maj7/7       0.75      0.43      0.55         7
       G:min       0.88      0.96      0.92       314
     G:min/5       0.38      1.00      0.55         3
    G:min/b3       0.58      0.39      0.47        18
      G:min7       0.57      0.71      0.63        24
    G:min7/5       0.00      0.00      0.00         1
   G:min7/b7       0.43      0.27      0.33        11
      G:sus2       0.46      0.40      0.43        48
      G:sus4       0.75      0.39      0.52        38
  G:sus4(b7)       0.53      0.60      0.56        15
           N       0.61      0.58      0.60       264

   micro avg       0.82      0.81      0.81     12292
   macro avg       0.60      0.45      0.48     12292
weighted avg       0.80      0.81      0.80     12292

Confusion Matrix:
[[  3   0   0 ...   0   0   0]
 [  0   1   0 ...   0   0   0]
 [  0   0   2 ...   0   0   0]
 ...
 [  0   0   0 ...  15   0   0]
 [  0   0   0 ...   0   9   0]
 [  0   0   0 ...   0   1 153]]
