/home/yaxin/My_Files/ml_final/Chord-Classification/Models/Logistic/logistic.py:72: UserWarning: Some classes occur only once — using random split.
  warnings.warn("Some classes occur only once — using random split.")
✅ Device: cuda:0
✅ Hyperparameters: lr=0.001, batch_size=64, epochs=30
✅ Total usable samples: 122912
✅ Feature matrix shape: (122912, 128)
✅ Number of classes: 320
Epoch 01/30 | Loss: 3402.7572
Epoch 02/30 | Loss: 1936.1375
Epoch 03/30 | Loss: 1672.8266
Epoch 04/30 | Loss: 1534.2694
Epoch 05/30 | Loss: 1444.5441
Epoch 06/30 | Loss: 1379.0591
Epoch 07/30 | Loss: 1330.8398
Epoch 08/30 | Loss: 1291.2770
Epoch 09/30 | Loss: 1259.9664
Epoch 10/30 | Loss: 1231.5946
Epoch 11/30 | Loss: 1208.2772
Epoch 12/30 | Loss: 1189.3667
Epoch 13/30 | Loss: 1171.2563
Epoch 14/30 | Loss: 1157.0831
Epoch 15/30 | Loss: 1143.1990
Epoch 16/30 | Loss: 1130.2158
Epoch 17/30 | Loss: 1118.8061
Epoch 18/30 | Loss: 1108.1133
Epoch 19/30 | Loss: 1099.9633
Epoch 20/30 | Loss: 1091.1607
Epoch 21/30 | Loss: 1082.6822
Epoch 22/30 | Loss: 1074.6620
Epoch 23/30 | Loss: 1067.6941
Epoch 24/30 | Loss: 1060.2912
Epoch 25/30 | Loss: 1055.2961
Epoch 26/30 | Loss: 1049.4511
Epoch 27/30 | Loss: 1044.8608
Epoch 28/30 | Loss: 1039.1818
Epoch 29/30 | Loss: 1033.0274
Epoch 30/30 | Loss: 1029.2463

✅ Final Accuracy: 0.819 | Macro F1-score: 0.485

Classification Report:
              precision    recall  f1-score   support

         A:7       0.60      0.30      0.40        10
       A:7/3       1.00      0.25      0.40         4
       A:7/5       1.00      0.67      0.80         3
      A:7/b7       1.00      0.60      0.75         5
       A:aug       0.00      0.00      0.00         1
       A:dim       1.00      0.25      0.40         4
     A:hdim7       0.50      1.00      0.67         1
       A:maj       0.88      0.94      0.91       493
     A:maj/3       0.73      0.84      0.78        19
     A:maj/5       1.00      0.14      0.25         7
      A:maj6       1.00      0.25      0.40         4
      A:maj7       0.71      0.56      0.62        18
    A:maj7/3       1.00      1.00      1.00         1
    A:maj7/5       0.00      0.00      0.00         1
    A:maj7/7       0.38      0.75      0.50         4
       A:min       0.87      0.97      0.92       397
     A:min/5       0.79      0.73      0.76        26
    A:min/b3       0.75      0.38      0.50         8
      A:min7       0.73      0.56      0.63        34
   A:min7/b7       0.88      0.33      0.48        21
      A:sus2       0.56      0.38      0.46        47
      A:sus4       0.46      0.46      0.46        13
  A:sus4(b7)       0.00      0.00      0.00         6
        Ab:7       0.67      0.50      0.57         4
      Ab:7/3       0.00      0.00      0.00         1
      Ab:7/5       0.50      0.50      0.50         2
     Ab:7/b7       1.00      0.25      0.40         4
      Ab:dim       1.00      0.80      0.89         5
     Ab:dim7       1.00      0.33      0.50         3
    Ab:hdim7       1.00      1.00      1.00         1
      Ab:maj       0.87      0.93      0.90       450
    Ab:maj/3       1.00      0.65      0.79        17
    Ab:maj/5       0.67      0.67      0.67         6
     Ab:maj6       0.80      0.44      0.57         9
     Ab:maj7       0.75      0.38      0.50        16
   Ab:maj7/5       1.00      1.00      1.00         1
   Ab:maj7/7       0.75      0.27      0.40        11
      Ab:min       0.83      0.94      0.88       259
    Ab:min/5       0.60      0.50      0.55         6
   Ab:min/b3       0.25      0.08      0.12        12
     Ab:min6       0.00      0.00      0.00         1
     Ab:min7       0.69      0.77      0.73        26
   Ab:min7/5       0.00      0.00      0.00         2
  Ab:min7/b7       0.57      0.31      0.40        13
  Ab:minmaj7       0.00      0.00      0.00         1
     Ab:sus2       0.55      0.43      0.48        42
     Ab:sus4       0.65      0.46      0.54        28
 Ab:sus4(b7)       0.50      0.44      0.47         9
         B:7       1.00      0.25      0.40         4
       B:7/5       0.00      0.00      0.00         2
      B:7/b7       1.00      0.25      0.40         4
       B:dim       0.90      0.82      0.86        11
     B:hdim7       0.50      0.50      0.50         2
       B:maj       0.84      0.94      0.89       351
     B:maj/3       0.75      0.92      0.83        13
     B:maj/5       0.67      0.26      0.38        23
      B:maj6       0.00      0.00      0.00         4
      B:maj7       0.80      0.36      0.50        11
    B:maj7/5       1.00      0.50      0.67         2
    B:maj7/7       0.67      0.40      0.50        20
       B:min       0.88      0.95      0.91       298
     B:min/5       0.75      0.38      0.50         8
    B:min/b3       0.00      0.00      0.00         1
      B:min7       0.89      0.66      0.76        62
    B:min7/5       0.00      0.00      0.00         1
   B:min7/b7       1.00      0.14      0.25        14
      B:sus2       0.71      0.56      0.62        45
      B:sus4       0.91      0.50      0.65        20
  B:sus4(b7)       0.67      0.33      0.44         6
        Bb:7       0.50      0.33      0.40         6
     Bb:7/b7       0.67      0.67      0.67         3
      Bb:dim       1.00      1.00      1.00         3
    Bb:hdim7       1.00      1.00      1.00         2
      Bb:maj       0.87      0.95      0.91       457
    Bb:maj/3       0.73      0.50      0.59        16
    Bb:maj/5       0.83      0.25      0.38        20
     Bb:maj6       0.67      0.36      0.47        11
     Bb:maj7       0.86      0.40      0.55        15
   Bb:maj7/3       0.00      0.00      0.00         2
   Bb:maj7/5       1.00      0.67      0.80         3
   Bb:maj7/7       0.25      0.20      0.22         5
      Bb:min       0.88      0.96      0.92       298
    Bb:min/5       0.33      0.25      0.29         4
   Bb:min/b3       0.50      1.00      0.67         1
     Bb:min7       0.66      0.55      0.60        42
  Bb:min7/b7       0.00      0.00      0.00         8
     Bb:sus2       0.64      0.49      0.55        43
     Bb:sus4       0.67      0.43      0.52        28
 Bb:sus4(b7)       1.00      0.31      0.47        13
        C#:7       0.60      0.60      0.60         5
      C#:7/3       0.00      0.00      0.00         1
      C#:7/5       1.00      0.17      0.29         6
     C#:7/b7       1.00      0.80      0.89         5
      C#:aug       0.50      0.50      0.50         2
      C#:dim       0.67      0.67      0.67         3
     C#:dim7       1.00      0.75      0.86         4
    C#:hdim7       0.00      0.00      0.00         2
      C#:maj       0.85      0.90      0.87       404
    C#:maj/3       0.44      0.61      0.51        18
    C#:maj/5       0.27      0.11      0.16        27
     C#:maj6       1.00      0.25      0.40         4
     C#:maj7       0.80      0.50      0.62         8
   C#:maj7/3       0.50      0.50      0.50         4
   C#:maj7/5       0.00      0.00      0.00         2
   C#:maj7/7       0.50      0.33      0.40         9
      C#:min       0.86      0.95      0.90       283
    C#:min/5       0.43      0.25      0.32        12
   C#:min/b3       0.00      0.00      0.00         6
     C#:min7       0.76      0.57      0.65        23
  C#:min7/b7       0.40      0.33      0.36         6
     C#:sus2       0.56      0.52      0.54        56
     C#:sus4       0.40      0.30      0.34        27
 C#:sus4(b7)       0.40      0.22      0.29         9
         C:7       1.00      0.33      0.50         3
       C:7/5       1.00      0.33      0.50         3
      C:7/b7       0.00      0.00      0.00         1
       C:aug       0.25      0.25      0.25         4
       C:dim       0.83      0.83      0.83         6
       C:maj       0.86      0.95      0.90       524
     C:maj/3       0.54      0.48      0.51        31
     C:maj/5       0.69      0.47      0.56        53
      C:maj6       0.50      0.33      0.40         6
      C:maj7       0.56      0.28      0.37        18
    C:maj7/3       0.67      0.50      0.57         4
    C:maj7/5       0.00      0.00      0.00         1
    C:maj7/7       0.67      0.75      0.71         8
       C:min       0.89      0.92      0.90       274
     C:min/5       0.89      0.57      0.70        14
    C:min/b3       0.17      0.05      0.07        22
      C:min7       0.74      0.50      0.60        28
    C:min7/5       1.00      0.25      0.40         4
   C:min7/b7       0.23      0.50      0.32         6
      C:sus2       0.57      0.60      0.58        84
      C:sus4       0.64      0.39      0.49        23
  C:sus4(b7)       0.43      0.38      0.40         8
         D:7       0.50      0.20      0.29        20
       D:7/3       0.00      0.00      0.00         1
       D:7/5       0.50      0.17      0.25         6
      D:7/b7       0.50      0.43      0.46         7
       D:aug       1.00      0.75      0.86         4
       D:dim       1.00      0.75      0.86         4
       D:maj       0.85      0.93      0.89       463
     D:maj/3       0.56      0.36      0.43        28
     D:maj/5       0.25      0.22      0.23        23
      D:maj6       0.00      0.00      0.00         4
      D:maj7       0.67      0.33      0.44         6
    D:maj7/5       1.00      1.00      1.00         1
    D:maj7/7       0.50      0.67      0.57         6
       D:min       0.85      0.92      0.89       313
     D:min/5       0.85      0.55      0.67        31
    D:min/b3       0.44      0.29      0.35        14
      D:min6       0.00      0.00      0.00         1
      D:min7       0.90      0.54      0.68        35
    D:min7/5       1.00      0.50      0.67         2
   D:min7/b7       0.45      0.42      0.43        12
      D:sus2       0.67      0.51      0.58        59
      D:sus4       0.44      0.48      0.46        25
  D:sus4(b7)       0.67      0.33      0.44        12
         E:7       0.45      0.71      0.56         7
       E:7/3       0.00      0.00      0.00         1
       E:7/5       1.00      1.00      1.00         1
      E:7/b7       0.00      0.00      0.00         1
       E:aug       1.00      1.00      1.00         1
       E:dim       1.00      0.67      0.80         6
     E:hdim7       1.00      0.33      0.50         3
       E:maj       0.90      0.92      0.91       460
     E:maj/3       0.71      0.65      0.68        26
     E:maj/5       0.50      0.27      0.35        15
      E:maj6       0.50      0.25      0.33         4
      E:maj7       0.57      0.33      0.42        12
    E:maj7/3       0.00      0.00      0.00         2
    E:maj7/5       0.50      1.00      0.67         1
    E:maj7/7       1.00      0.40      0.57         5
       E:min       0.90      0.95      0.92       348
     E:min/5       0.80      0.40      0.53        10
    E:min/b3       0.53      0.38      0.44        21
      E:min6       1.00      1.00      1.00         1
      E:min7       0.68      0.68      0.68        38
    E:min7/5       1.00      0.25      0.40         4
   E:min7/b7       0.00      0.00      0.00         6
      E:sus2       0.42      0.50      0.46        28
      E:sus4       0.67      0.46      0.55        26
  E:sus4(b7)       0.57      0.57      0.57         7
        Eb:7       0.70      0.88      0.78         8
      Eb:7/3       1.00      1.00      1.00         2
      Eb:7/5       0.00      0.00      0.00         1
     Eb:7/b7       0.50      0.33      0.40         3
      Eb:dim       0.67      1.00      0.80         2
    Eb:hdim7       0.00      0.00      0.00         1
      Eb:maj       0.87      0.95      0.91       453
    Eb:maj/3       0.62      0.65      0.63        31
    Eb:maj/5       0.65      0.44      0.52        25
     Eb:maj6       0.00      0.00      0.00         5
     Eb:maj7       0.60      0.55      0.57        11
   Eb:maj7/3       0.00      0.00      0.00         2
   Eb:maj7/5       1.00      1.00      1.00         1
   Eb:maj7/7       0.50      0.20      0.29        10
      Eb:min       0.89      0.94      0.91       218
    Eb:min/5       0.67      0.40      0.50         5
   Eb:min/b3       0.50      0.24      0.32        17
     Eb:min6       1.00      0.33      0.50         3
     Eb:min7       0.85      0.82      0.84        34
   Eb:min7/5       1.00      0.50      0.67         2
  Eb:min7/b7       0.40      0.29      0.33         7
     Eb:sus2       0.53      0.49      0.51        37
     Eb:sus4       0.52      0.59      0.55        27
 Eb:sus4(b7)       0.57      0.36      0.44        11
        F#:7       1.00      0.50      0.67         4
      F#:7/5       1.00      0.50      0.67         2
     F#:7/b7       0.00      0.00      0.00         4
      F#:aug       1.00      1.00      1.00         1
      F#:dim       0.67      0.80      0.73         5
    F#:hdim7       0.00      0.00      0.00         1
      F#:maj       0.85      0.95      0.90       404
    F#:maj/3       0.82      0.64      0.72        28
    F#:maj/5       1.00      0.12      0.22         8
     F#:maj6       0.00      0.00      0.00         5
     F#:maj7       0.38      0.33      0.35         9
   F#:maj7/3       0.00      0.00      0.00         1
   F#:maj7/5       1.00      0.75      0.86         4
   F#:maj7/7       0.50      0.50      0.50         6
      F#:min       0.93      0.98      0.96       287
    F#:min/5       0.71      0.62      0.67         8
   F#:min/b3       0.67      0.62      0.65        16
     F#:min7       0.67      0.78      0.72        18
  F#:min7/b7       0.00      0.00      0.00         3
     F#:sus2       0.74      0.40      0.52        43
     F#:sus4       0.33      0.29      0.31        14
 F#:sus4(b7)       0.83      0.62      0.71         8
         F:7       0.60      0.38      0.46         8
       F:7/3       1.00      0.50      0.67         2
       F:7/5       0.00      0.00      0.00         1
      F:7/b7       0.00      0.00      0.00         4
       F:dim       1.00      0.60      0.75         5
      F:dim7       0.00      0.00      0.00         1
     F:hdim7       0.00      0.00      0.00         2
       F:maj       0.84      0.93      0.88       528
     F:maj/3       0.69      0.56      0.62        16
     F:maj/5       0.57      0.29      0.38        14
      F:maj6       0.00      0.00      0.00        10
      F:maj7       0.45      0.25      0.32        20
    F:maj7/3       0.00      0.00      0.00         2
    F:maj7/5       0.00      0.00      0.00         3
    F:maj7/7       0.50      0.25      0.33         4
       F:min       0.83      0.94      0.88       277
     F:min/5       0.50      0.25      0.33         8
    F:min/b3       0.75      0.38      0.50         8
      F:min7       0.79      0.69      0.73        32
   F:min7/b7       0.50      0.14      0.22         7
      F:sus2       0.50      0.36      0.42        44
      F:sus4       0.46      0.33      0.39        18
  F:sus4(b7)       0.80      0.57      0.67        14
         G:7       0.67      0.50      0.57         4
       G:7/5       0.00      0.00      0.00         1
      G:7/b7       1.00      0.67      0.80         6
       G:dim       0.50      0.33      0.40         3
     G:hdim7       1.00      0.33      0.50         3
       G:maj       0.87      0.94      0.90       547
     G:maj/3       0.70      0.70      0.70        30
     G:maj/5       0.50      0.42      0.45        12
      G:maj6       0.60      0.75      0.67         4
      G:maj7       0.43      0.25      0.32        12
    G:maj7/3       0.50      1.00      0.67         1
    G:maj7/5       0.00      0.00      0.00         3
    G:maj7/7       0.80      0.57      0.67         7
       G:min       0.88      0.96      0.92       314
     G:min/5       0.29      0.67      0.40         3
    G:min/b3       0.69      0.50      0.58        18
      G:min7       0.56      0.62      0.59        24
    G:min7/5       0.00      0.00      0.00         1
   G:min7/b7       0.44      0.36      0.40        11
      G:sus2       0.50      0.35      0.41        48
      G:sus4       0.77      0.45      0.57        38
  G:sus4(b7)       0.50      0.40      0.44        15
           N       0.60      0.59      0.60       264

   micro avg       0.82      0.82      0.82     12292
   macro avg       0.60      0.46      0.49     12292
weighted avg       0.80      0.82      0.80     12292

Confusion Matrix:
[[  3   0   0 ...   0   0   0]
 [  0   1   0 ...   0   0   0]
 [  0   0   2 ...   0   0   0]
 ...
 [  0   0   0 ...  17   0   0]
 [  0   0   0 ...   0   6   0]
 [  0   0   0 ...   0   1 155]]
