/home/yaxin/My_Files/ml_final/Chord-Classification/Models/Logistic/logistic.py:72: UserWarning: Some classes occur only once — using random split.
  warnings.warn("Some classes occur only once — using random split.")
✅ Device: cuda:0
✅ Hyperparameters: lr=0.0001, batch_size=32, epochs=20
✅ Total usable samples: 122912
✅ Feature matrix shape: (122912, 128)
✅ Number of classes: 320
Epoch 01/20 | Loss: 13707.9903
Epoch 02/20 | Loss: 7219.6388
Epoch 03/20 | Loss: 5779.3143
Epoch 04/20 | Loss: 5136.8817
Epoch 05/20 | Loss: 4725.7181
Epoch 06/20 | Loss: 4432.6218
Epoch 07/20 | Loss: 4209.0664
Epoch 08/20 | Loss: 4031.2799
Epoch 09/20 | Loss: 3884.3239
Epoch 10/20 | Loss: 3761.0993
Epoch 11/20 | Loss: 3654.7518
Epoch 12/20 | Loss: 3562.0846
Epoch 13/20 | Loss: 3480.8263
Epoch 14/20 | Loss: 3408.0226
Epoch 15/20 | Loss: 3343.5607
Epoch 16/20 | Loss: 3284.4723
Epoch 17/20 | Loss: 3230.4786
Epoch 18/20 | Loss: 3181.6233
Epoch 19/20 | Loss: 3136.5234
Epoch 20/20 | Loss: 3094.4753

✅ Final Accuracy: 0.779 | Macro F1-score: 0.273

Classification Report:
              precision    recall  f1-score   support

         A:7       0.00      0.00      0.00        10
       A:7/3       1.00      0.25      0.40         4
       A:7/5       0.00      0.00      0.00         3
      A:7/b7       0.00      0.00      0.00         5
       A:aug       0.00      0.00      0.00         1
       A:dim       0.00      0.00      0.00         4
     A:hdim7       0.00      0.00      0.00         1
       A:maj       0.81      0.96      0.88       493
     A:maj/3       0.65      0.68      0.67        19
     A:maj/5       0.00      0.00      0.00         7
      A:maj6       0.00      0.00      0.00         4
      A:maj7       0.56      0.28      0.37        18
    A:maj7/3       1.00      1.00      1.00         1
    A:maj7/5       0.00      0.00      0.00         1
    A:maj7/7       0.00      0.00      0.00         4
       A:min       0.84      0.96      0.90       397
     A:min/5       0.90      0.73      0.81        26
    A:min/b3       1.00      0.12      0.22         8
      A:min7       0.50      0.41      0.45        34
   A:min7/b7       0.80      0.19      0.31        21
      A:sus2       0.62      0.34      0.44        47
      A:sus4       0.29      0.15      0.20        13
  A:sus4(b7)       0.00      0.00      0.00         6
        Ab:7       0.00      0.00      0.00         4
      Ab:7/3       0.00      0.00      0.00         1
      Ab:7/5       1.00      0.50      0.67         2
     Ab:7/b7       1.00      0.25      0.40         4
      Ab:dim       1.00      0.60      0.75         5
     Ab:dim7       0.00      0.00      0.00         3
    Ab:hdim7       0.00      0.00      0.00         1
      Ab:maj       0.80      0.93      0.86       450
    Ab:maj/3       1.00      0.47      0.64        17
    Ab:maj/5       0.00      0.00      0.00         6
     Ab:maj6       0.33      0.11      0.17         9
     Ab:maj7       1.00      0.06      0.12        16
   Ab:maj7/5       1.00      1.00      1.00         1
   Ab:maj7/7       0.50      0.09      0.15        11
      Ab:min       0.75      0.95      0.84       259
    Ab:min/5       1.00      0.17      0.29         6
   Ab:min/b3       0.00      0.00      0.00        12
     Ab:min6       0.00      0.00      0.00         1
     Ab:min7       0.81      0.50      0.62        26
   Ab:min7/5       0.00      0.00      0.00         2
  Ab:min7/b7       1.00      0.23      0.38        13
  Ab:minmaj7       0.00      0.00      0.00         1
     Ab:sus2       0.50      0.33      0.40        42
     Ab:sus4       0.55      0.21      0.31        28
 Ab:sus4(b7)       0.50      0.22      0.31         9
         B:7       1.00      0.25      0.40         4
       B:7/5       0.00      0.00      0.00         2
      B:7/b7       0.00      0.00      0.00         4
       B:dim       0.70      0.64      0.67        11
     B:hdim7       1.00      0.50      0.67         2
       B:maj       0.78      0.93      0.85       351
     B:maj/3       0.53      0.69      0.60        13
     B:maj/5       0.43      0.13      0.20        23
      B:maj6       0.00      0.00      0.00         4
      B:maj7       1.00      0.18      0.31        11
    B:maj7/5       0.00      0.00      0.00         2
    B:maj7/7       0.71      0.25      0.37        20
       B:min       0.83      0.93      0.88       298
     B:min/5       0.00      0.00      0.00         8
    B:min/b3       0.00      0.00      0.00         1
      B:min7       0.85      0.55      0.67        62
    B:min7/5       0.00      0.00      0.00         1
   B:min7/b7       0.00      0.00      0.00        14
      B:sus2       0.69      0.49      0.57        45
      B:sus4       0.88      0.35      0.50        20
  B:sus4(b7)       0.00      0.00      0.00         6
        Bb:7       0.00      0.00      0.00         6
     Bb:7/b7       0.00      0.00      0.00         3
      Bb:dim       1.00      1.00      1.00         3
    Bb:hdim7       1.00      1.00      1.00         2
      Bb:maj       0.80      0.95      0.87       457
    Bb:maj/3       0.80      0.25      0.38        16
    Bb:maj/5       0.83      0.25      0.38        20
     Bb:maj6       1.00      0.18      0.31        11
     Bb:maj7       0.67      0.13      0.22        15
   Bb:maj7/3       0.00      0.00      0.00         2
   Bb:maj7/5       0.00      0.00      0.00         3
   Bb:maj7/7       0.00      0.00      0.00         5
      Bb:min       0.82      0.96      0.89       298
    Bb:min/5       0.00      0.00      0.00         4
   Bb:min/b3       0.00      0.00      0.00         1
     Bb:min7       0.59      0.40      0.48        42
  Bb:min7/b7       0.00      0.00      0.00         8
     Bb:sus2       0.68      0.35      0.46        43
     Bb:sus4       0.46      0.21      0.29        28
 Bb:sus4(b7)       1.00      0.15      0.27        13
        C#:7       0.00      0.00      0.00         5
      C#:7/3       0.00      0.00      0.00         1
      C#:7/5       0.00      0.00      0.00         6
     C#:7/b7       0.00      0.00      0.00         5
      C#:aug       0.00      0.00      0.00         2
      C#:dim       1.00      0.33      0.50         3
     C#:dim7       1.00      0.25      0.40         4
    C#:hdim7       0.00      0.00      0.00         2
      C#:maj       0.77      0.92      0.84       404
    C#:maj/3       0.38      0.28      0.32        18
    C#:maj/5       0.20      0.04      0.06        27
     C#:maj6       0.00      0.00      0.00         4
     C#:maj7       0.00      0.00      0.00         8
   C#:maj7/3       0.00      0.00      0.00         4
   C#:maj7/5       0.00      0.00      0.00         2
   C#:maj7/7       0.00      0.00      0.00         9
      C#:min       0.82      0.93      0.87       283
    C#:min/5       0.50      0.08      0.14        12
   C#:min/b3       0.00      0.00      0.00         6
     C#:min7       0.73      0.48      0.58        23
  C#:min7/b7       1.00      0.17      0.29         6
     C#:sus2       0.52      0.41      0.46        56
     C#:sus4       0.08      0.04      0.05        27
 C#:sus4(b7)       1.00      0.11      0.20         9
         C:7       0.00      0.00      0.00         3
       C:7/5       0.00      0.00      0.00         3
      C:7/b7       0.00      0.00      0.00         1
       C:aug       0.00      0.00      0.00         4
       C:dim       1.00      0.83      0.91         6
       C:maj       0.79      0.95      0.86       524
     C:maj/3       0.60      0.29      0.39        31
     C:maj/5       0.78      0.26      0.39        53
      C:maj6       0.50      0.17      0.25         6
      C:maj7       0.43      0.17      0.24        18
    C:maj7/3       0.00      0.00      0.00         4
    C:maj7/5       0.00      0.00      0.00         1
    C:maj7/7       0.25      0.12      0.17         8
       C:min       0.82      0.93      0.87       274
     C:min/5       0.80      0.29      0.42        14
    C:min/b3       0.25      0.05      0.08        22
      C:min7       0.59      0.46      0.52        28
    C:min7/5       0.00      0.00      0.00         4
   C:min7/b7       0.25      0.33      0.29         6
      C:sus2       0.56      0.45      0.50        84
      C:sus4       0.69      0.39      0.50        23
  C:sus4(b7)       0.40      0.25      0.31         8
         D:7       0.75      0.15      0.25        20
       D:7/3       0.00      0.00      0.00         1
       D:7/5       0.00      0.00      0.00         6
      D:7/b7       0.33      0.14      0.20         7
       D:aug       0.00      0.00      0.00         4
       D:dim       1.00      0.25      0.40         4
       D:maj       0.79      0.93      0.86       463
     D:maj/3       0.50      0.25      0.33        28
     D:maj/5       0.50      0.09      0.15        23
      D:maj6       0.00      0.00      0.00         4
      D:maj7       0.00      0.00      0.00         6
    D:maj7/5       0.00      0.00      0.00         1
    D:maj7/7       0.60      0.50      0.55         6
       D:min       0.77      0.92      0.84       313
     D:min/5       0.79      0.35      0.49        31
    D:min/b3       0.60      0.21      0.32        14
      D:min6       0.00      0.00      0.00         1
      D:min7       0.75      0.51      0.61        35
    D:min7/5       0.00      0.00      0.00         2
   D:min7/b7       0.50      0.17      0.25        12
      D:sus2       0.62      0.41      0.49        59
      D:sus4       0.56      0.20      0.29        25
  D:sus4(b7)       0.57      0.33      0.42        12
         E:7       1.00      0.14      0.25         7
       E:7/3       0.00      0.00      0.00         1
       E:7/5       0.00      0.00      0.00         1
      E:7/b7       0.00      0.00      0.00         1
       E:aug       0.00      0.00      0.00         1
       E:dim       0.00      0.00      0.00         6
     E:hdim7       0.00      0.00      0.00         3
       E:maj       0.84      0.94      0.89       460
     E:maj/3       0.67      0.46      0.55        26
     E:maj/5       0.38      0.20      0.26        15
      E:maj6       0.00      0.00      0.00         4
      E:maj7       1.00      0.08      0.15        12
    E:maj7/3       0.00      0.00      0.00         2
    E:maj7/5       0.00      0.00      0.00         1
    E:maj7/7       0.00      0.00      0.00         5
       E:min       0.83      0.97      0.89       348
     E:min/5       1.00      0.10      0.18        10
    E:min/b3       0.56      0.24      0.33        21
      E:min6       0.00      0.00      0.00         1
      E:min7       0.68      0.50      0.58        38
    E:min7/5       0.00      0.00      0.00         4
   E:min7/b7       0.00      0.00      0.00         6
      E:sus2       0.53      0.29      0.37        28
      E:sus4       0.44      0.15      0.23        26
  E:sus4(b7)       0.75      0.43      0.55         7
        Eb:7       0.71      0.62      0.67         8
      Eb:7/3       0.00      0.00      0.00         2
      Eb:7/5       0.00      0.00      0.00         1
     Eb:7/b7       0.00      0.00      0.00         3
      Eb:dim       1.00      0.50      0.67         2
    Eb:hdim7       0.00      0.00      0.00         1
      Eb:maj       0.79      0.96      0.86       453
    Eb:maj/3       0.69      0.29      0.41        31
    Eb:maj/5       0.75      0.12      0.21        25
     Eb:maj6       0.00      0.00      0.00         5
     Eb:maj7       0.25      0.09      0.13        11
   Eb:maj7/3       0.00      0.00      0.00         2
   Eb:maj7/5       0.00      0.00      0.00         1
   Eb:maj7/7       0.67      0.20      0.31        10
      Eb:min       0.80      0.94      0.87       218
    Eb:min/5       0.00      0.00      0.00         5
   Eb:min/b3       0.67      0.12      0.20        17
     Eb:min6       0.00      0.00      0.00         3
     Eb:min7       0.77      0.50      0.61        34
   Eb:min7/5       0.00      0.00      0.00         2
  Eb:min7/b7       0.00      0.00      0.00         7
     Eb:sus2       0.47      0.43      0.45        37
     Eb:sus4       0.42      0.19      0.26        27
 Eb:sus4(b7)       0.50      0.18      0.27        11
        F#:7       0.00      0.00      0.00         4
      F#:7/5       0.00      0.00      0.00         2
     F#:7/b7       0.00      0.00      0.00         4
      F#:aug       1.00      1.00      1.00         1
      F#:dim       0.67      0.40      0.50         5
    F#:hdim7       0.00      0.00      0.00         1
      F#:maj       0.80      0.95      0.87       404
    F#:maj/3       0.70      0.50      0.58        28
    F#:maj/5       0.00      0.00      0.00         8
     F#:maj6       0.00      0.00      0.00         5
     F#:maj7       0.29      0.22      0.25         9
   F#:maj7/3       0.00      0.00      0.00         1
   F#:maj7/5       1.00      0.50      0.67         4
   F#:maj7/7       0.00      0.00      0.00         6
      F#:min       0.87      0.98      0.92       287
    F#:min/5       0.67      0.25      0.36         8
   F#:min/b3       0.62      0.31      0.42        16
     F#:min7       0.77      0.56      0.65        18
  F#:min7/b7       0.00      0.00      0.00         3
     F#:sus2       0.56      0.12      0.19        43
     F#:sus4       0.11      0.07      0.09        14
 F#:sus4(b7)       0.60      0.38      0.46         8
         F:7       0.50      0.12      0.20         8
       F:7/3       0.00      0.00      0.00         2
       F:7/5       0.00      0.00      0.00         1
      F:7/b7       0.00      0.00      0.00         4
       F:dim       1.00      0.20      0.33         5
      F:dim7       0.00      0.00      0.00         1
     F:hdim7       0.00      0.00      0.00         2
       F:maj       0.79      0.93      0.86       528
     F:maj/3       0.55      0.38      0.44        16
     F:maj/5       1.00      0.14      0.25        14
      F:maj6       0.00      0.00      0.00        10
      F:maj7       0.40      0.10      0.16        20
    F:maj7/3       0.00      0.00      0.00         2
    F:maj7/5       0.00      0.00      0.00         3
    F:maj7/7       0.00      0.00      0.00         4
       F:min       0.75      0.96      0.84       277
     F:min/5       0.00      0.00      0.00         8
    F:min/b3       0.50      0.25      0.33         8
      F:min7       0.83      0.59      0.69        32
   F:min7/b7       0.00      0.00      0.00         7
      F:sus2       0.53      0.23      0.32        44
      F:sus4       0.29      0.11      0.16        18
  F:sus4(b7)       1.00      0.14      0.25        14
         G:7       0.50      0.25      0.33         4
       G:7/5       0.00      0.00      0.00         1
      G:7/b7       0.00      0.00      0.00         6
       G:dim       0.00      0.00      0.00         3
     G:hdim7       0.00      0.00      0.00         3
       G:maj       0.81      0.96      0.88       547
     G:maj/3       0.67      0.67      0.67        30
     G:maj/5       0.50      0.08      0.14        12
      G:maj6       0.00      0.00      0.00         4
      G:maj7       0.50      0.17      0.25        12
    G:maj7/3       0.00      0.00      0.00         1
    G:maj7/5       0.00      0.00      0.00         3
    G:maj7/7       1.00      0.43      0.60         7
       G:min       0.81      0.96      0.88       314
     G:min/5       0.00      0.00      0.00         3
    G:min/b3       0.80      0.22      0.35        18
      G:min7       0.62      0.42      0.50        24
    G:min7/5       0.00      0.00      0.00         1
   G:min7/b7       0.50      0.09      0.15        11
      G:sus2       0.50      0.29      0.37        48
      G:sus4       0.79      0.29      0.42        38
  G:sus4(b7)       0.55      0.40      0.46        15
           N       0.63      0.61      0.62       264

    accuracy                           0.78     12292
   macro avg       0.40      0.24      0.27     12292
weighted avg       0.74      0.78      0.74     12292

Confusion Matrix:
[[  0   0   0 ...   0   0   0]
 [  0   1   0 ...   0   0   0]
 [  0   0   0 ...   0   0   0]
 ...
 [  0   0   0 ...  11   0   0]
 [  0   0   0 ...   0   6   0]
 [  0   0   0 ...   0   0 161]]
