/home/yaxin/My_Files/ml_final/Chord-Classification/Models/Logistic/logistic.py:72: UserWarning: Some classes occur only once — using random split.
  warnings.warn("Some classes occur only once — using random split.")
✅ Device: cuda:0
✅ Hyperparameters: lr=0.0002, batch_size=64, epochs=10
✅ Total usable samples: 122912
✅ Feature matrix shape: (122912, 128)
✅ Number of classes: 320
Epoch 01/10 | Loss: 6278.2368
Epoch 02/10 | Loss: 3224.3336
Epoch 03/10 | Loss: 2621.1777
Epoch 04/10 | Loss: 2330.0802
Epoch 05/10 | Loss: 2144.9130
Epoch 06/10 | Loss: 2013.6779
Epoch 07/10 | Loss: 1914.1296
Epoch 08/10 | Loss: 1834.6433
Epoch 09/10 | Loss: 1769.9254
Epoch 10/10 | Loss: 1715.5296

✅ Final Accuracy: 0.766 | Macro F1-score: 0.210

Classification Report:
              precision    recall  f1-score   support

         A:7       0.00      0.00      0.00        10
       A:7/3       0.00      0.00      0.00         4
       A:7/5       0.00      0.00      0.00         3
      A:7/b7       0.00      0.00      0.00         5
       A:aug       0.00      0.00      0.00         1
       A:dim       0.00      0.00      0.00         4
     A:hdim7       0.00      0.00      0.00         1
       A:maj       0.79      0.96      0.86       493
     A:maj/3       0.61      0.58      0.59        19
     A:maj/5       0.00      0.00      0.00         7
      A:maj6       0.00      0.00      0.00         4
      A:maj7       0.67      0.11      0.19        18
    A:maj7/3       0.00      0.00      0.00         1
    A:maj7/5       0.00      0.00      0.00         1
    A:maj7/7       0.00      0.00      0.00         4
       A:min       0.83      0.97      0.89       397
     A:min/5       0.89      0.65      0.76        26
    A:min/b3       1.00      0.12      0.22         8
      A:min7       0.54      0.44      0.48        34
   A:min7/b7       1.00      0.14      0.25        21
      A:sus2       0.62      0.34      0.44        47
      A:sus4       0.17      0.08      0.11        13
  A:sus4(b7)       0.00      0.00      0.00         6
        Ab:7       0.00      0.00      0.00         4
      Ab:7/3       0.00      0.00      0.00         1
      Ab:7/5       0.00      0.00      0.00         2
     Ab:7/b7       0.00      0.00      0.00         4
      Ab:dim       0.00      0.00      0.00         5
     Ab:dim7       0.00      0.00      0.00         3
    Ab:hdim7       0.00      0.00      0.00         1
      Ab:maj       0.79      0.93      0.86       450
    Ab:maj/3       0.83      0.29      0.43        17
    Ab:maj/5       0.00      0.00      0.00         6
     Ab:maj6       1.00      0.11      0.20         9
     Ab:maj7       0.00      0.00      0.00        16
   Ab:maj7/5       0.00      0.00      0.00         1
   Ab:maj7/7       0.00      0.00      0.00        11
      Ab:min       0.75      0.95      0.84       259
    Ab:min/5       0.67      0.33      0.44         6
   Ab:min/b3       0.00      0.00      0.00        12
     Ab:min6       0.00      0.00      0.00         1
     Ab:min7       0.80      0.46      0.59        26
   Ab:min7/5       0.00      0.00      0.00         2
  Ab:min7/b7       1.00      0.08      0.14        13
  Ab:minmaj7       0.00      0.00      0.00         1
     Ab:sus2       0.55      0.29      0.38        42
     Ab:sus4       1.00      0.14      0.25        28
 Ab:sus4(b7)       0.50      0.22      0.31         9
         B:7       0.00      0.00      0.00         4
       B:7/5       0.00      0.00      0.00         2
      B:7/b7       0.00      0.00      0.00         4
       B:dim       0.86      0.55      0.67        11
     B:hdim7       0.00      0.00      0.00         2
       B:maj       0.77      0.94      0.84       351
     B:maj/3       0.56      0.69      0.62        13
     B:maj/5       0.50      0.13      0.21        23
      B:maj6       0.00      0.00      0.00         4
      B:maj7       1.00      0.09      0.17        11
    B:maj7/5       0.00      0.00      0.00         2
    B:maj7/7       0.71      0.25      0.37        20
       B:min       0.82      0.95      0.88       298
     B:min/5       0.00      0.00      0.00         8
    B:min/b3       0.00      0.00      0.00         1
      B:min7       0.89      0.52      0.65        62
    B:min7/5       0.00      0.00      0.00         1
   B:min7/b7       0.00      0.00      0.00        14
      B:sus2       0.62      0.44      0.52        45
      B:sus4       0.80      0.20      0.32        20
  B:sus4(b7)       0.00      0.00      0.00         6
        Bb:7       0.00      0.00      0.00         6
     Bb:7/b7       0.00      0.00      0.00         3
      Bb:dim       1.00      0.67      0.80         3
    Bb:hdim7       1.00      0.50      0.67         2
      Bb:maj       0.77      0.93      0.84       457
    Bb:maj/3       0.67      0.12      0.21        16
    Bb:maj/5       0.80      0.20      0.32        20
     Bb:maj6       1.00      0.18      0.31        11
     Bb:maj7       0.67      0.13      0.22        15
   Bb:maj7/3       0.00      0.00      0.00         2
   Bb:maj7/5       0.00      0.00      0.00         3
   Bb:maj7/7       0.00      0.00      0.00         5
      Bb:min       0.79      0.97      0.87       298
    Bb:min/5       0.00      0.00      0.00         4
   Bb:min/b3       0.00      0.00      0.00         1
     Bb:min7       0.54      0.31      0.39        42
  Bb:min7/b7       0.00      0.00      0.00         8
     Bb:sus2       0.55      0.26      0.35        43
     Bb:sus4       0.50      0.14      0.22        28
 Bb:sus4(b7)       1.00      0.08      0.14        13
        C#:7       0.00      0.00      0.00         5
      C#:7/3       0.00      0.00      0.00         1
      C#:7/5       0.00      0.00      0.00         6
     C#:7/b7       0.00      0.00      0.00         5
      C#:aug       0.00      0.00      0.00         2
      C#:dim       0.00      0.00      0.00         3
     C#:dim7       1.00      0.25      0.40         4
    C#:hdim7       0.00      0.00      0.00         2
      C#:maj       0.76      0.92      0.83       404
    C#:maj/3       0.31      0.22      0.26        18
    C#:maj/5       0.20      0.04      0.06        27
     C#:maj6       0.00      0.00      0.00         4
     C#:maj7       0.00      0.00      0.00         8
   C#:maj7/3       0.00      0.00      0.00         4
   C#:maj7/5       0.00      0.00      0.00         2
   C#:maj7/7       0.00      0.00      0.00         9
      C#:min       0.79      0.92      0.85       283
    C#:min/5       0.00      0.00      0.00        12
   C#:min/b3       0.00      0.00      0.00         6
     C#:min7       0.71      0.43      0.54        23
  C#:min7/b7       1.00      0.17      0.29         6
     C#:sus2       0.54      0.39      0.45        56
     C#:sus4       0.00      0.00      0.00        27
 C#:sus4(b7)       0.00      0.00      0.00         9
         C:7       0.00      0.00      0.00         3
       C:7/5       0.00      0.00      0.00         3
      C:7/b7       0.00      0.00      0.00         1
       C:aug       0.00      0.00      0.00         4
       C:dim       1.00      0.83      0.91         6
       C:maj       0.78      0.95      0.85       524
     C:maj/3       0.83      0.16      0.27        31
     C:maj/5       0.77      0.19      0.30        53
      C:maj6       0.00      0.00      0.00         6
      C:maj7       0.50      0.11      0.18        18
    C:maj7/3       0.00      0.00      0.00         4
    C:maj7/5       0.00      0.00      0.00         1
    C:maj7/7       0.33      0.12      0.18         8
       C:min       0.80      0.93      0.86       274
     C:min/5       0.67      0.14      0.24        14
    C:min/b3       0.25      0.05      0.08        22
      C:min7       0.61      0.39      0.48        28
    C:min7/5       0.00      0.00      0.00         4
   C:min7/b7       0.22      0.33      0.27         6
      C:sus2       0.57      0.46      0.51        84
      C:sus4       0.67      0.35      0.46        23
  C:sus4(b7)       0.60      0.38      0.46         8
         D:7       0.75      0.15      0.25        20
       D:7/3       0.00      0.00      0.00         1
       D:7/5       0.00      0.00      0.00         6
      D:7/b7       1.00      0.14      0.25         7
       D:aug       0.00      0.00      0.00         4
       D:dim       1.00      0.25      0.40         4
       D:maj       0.78      0.93      0.85       463
     D:maj/3       0.55      0.21      0.31        28
     D:maj/5       0.50      0.09      0.15        23
      D:maj6       0.00      0.00      0.00         4
      D:maj7       0.00      0.00      0.00         6
    D:maj7/5       0.00      0.00      0.00         1
    D:maj7/7       0.40      0.33      0.36         6
       D:min       0.77      0.92      0.84       313
     D:min/5       0.82      0.29      0.43        31
    D:min/b3       1.00      0.07      0.13        14
      D:min6       0.00      0.00      0.00         1
      D:min7       0.77      0.49      0.60        35
    D:min7/5       0.00      0.00      0.00         2
   D:min7/b7       0.33      0.08      0.13        12
      D:sus2       0.58      0.42      0.49        59
      D:sus4       0.00      0.00      0.00        25
  D:sus4(b7)       0.50      0.17      0.25        12
         E:7       0.00      0.00      0.00         7
       E:7/3       0.00      0.00      0.00         1
       E:7/5       0.00      0.00      0.00         1
      E:7/b7       0.00      0.00      0.00         1
       E:aug       0.00      0.00      0.00         1
       E:dim       0.00      0.00      0.00         6
     E:hdim7       0.00      0.00      0.00         3
       E:maj       0.81      0.94      0.87       460
     E:maj/3       0.75      0.35      0.47        26
     E:maj/5       0.40      0.13      0.20        15
      E:maj6       0.00      0.00      0.00         4
      E:maj7       1.00      0.08      0.15        12
    E:maj7/3       0.00      0.00      0.00         2
    E:maj7/5       0.00      0.00      0.00         1
    E:maj7/7       0.00      0.00      0.00         5
       E:min       0.81      0.96      0.88       348
     E:min/5       1.00      0.10      0.18        10
    E:min/b3       0.67      0.19      0.30        21
      E:min6       0.00      0.00      0.00         1
      E:min7       0.58      0.47      0.52        38
    E:min7/5       0.00      0.00      0.00         4
   E:min7/b7       0.00      0.00      0.00         6
      E:sus2       0.54      0.25      0.34        28
      E:sus4       0.33      0.12      0.17        26
  E:sus4(b7)       1.00      0.14      0.25         7
        Eb:7       0.75      0.38      0.50         8
      Eb:7/3       0.00      0.00      0.00         2
      Eb:7/5       0.00      0.00      0.00         1
     Eb:7/b7       0.00      0.00      0.00         3
      Eb:dim       0.00      0.00      0.00         2
    Eb:hdim7       0.00      0.00      0.00         1
      Eb:maj       0.77      0.96      0.86       453
    Eb:maj/3       0.78      0.23      0.35        31
    Eb:maj/5       0.75      0.12      0.21        25
     Eb:maj6       0.00      0.00      0.00         5
     Eb:maj7       0.00      0.00      0.00        11
   Eb:maj7/3       0.00      0.00      0.00         2
   Eb:maj7/5       0.00      0.00      0.00         1
   Eb:maj7/7       0.80      0.40      0.53        10
      Eb:min       0.79      0.95      0.86       218
    Eb:min/5       0.00      0.00      0.00         5
   Eb:min/b3       0.00      0.00      0.00        17
     Eb:min6       0.00      0.00      0.00         3
     Eb:min7       0.82      0.41      0.55        34
   Eb:min7/5       0.00      0.00      0.00         2
  Eb:min7/b7       0.00      0.00      0.00         7
     Eb:sus2       0.37      0.30      0.33        37
     Eb:sus4       0.45      0.19      0.26        27
 Eb:sus4(b7)       0.50      0.09      0.15        11
        F#:7       0.00      0.00      0.00         4
      F#:7/5       0.00      0.00      0.00         2
     F#:7/b7       0.00      0.00      0.00         4
      F#:aug       0.00      0.00      0.00         1
      F#:dim       0.50      0.20      0.29         5
    F#:hdim7       0.00      0.00      0.00         1
      F#:maj       0.79      0.95      0.86       404
    F#:maj/3       0.65      0.39      0.49        28
    F#:maj/5       0.00      0.00      0.00         8
     F#:maj6       0.00      0.00      0.00         5
     F#:maj7       0.50      0.11      0.18         9
   F#:maj7/3       0.00      0.00      0.00         1
   F#:maj7/5       1.00      0.50      0.67         4
   F#:maj7/7       0.00      0.00      0.00         6
      F#:min       0.85      0.98      0.91       287
    F#:min/5       1.00      0.12      0.22         8
   F#:min/b3       0.50      0.19      0.27        16
     F#:min7       0.75      0.50      0.60        18
  F#:min7/b7       0.00      0.00      0.00         3
     F#:sus2       0.29      0.05      0.08        43
     F#:sus4       0.00      0.00      0.00        14
 F#:sus4(b7)       0.60      0.38      0.46         8
         F:7       0.00      0.00      0.00         8
       F:7/3       0.00      0.00      0.00         2
       F:7/5       0.00      0.00      0.00         1
      F:7/b7       0.00      0.00      0.00         4
       F:dim       0.00      0.00      0.00         5
      F:dim7       0.00      0.00      0.00         1
     F:hdim7       0.00      0.00      0.00         2
       F:maj       0.78      0.93      0.85       528
     F:maj/3       0.50      0.25      0.33        16
     F:maj/5       1.00      0.07      0.13        14
      F:maj6       0.00      0.00      0.00        10
      F:maj7       0.25      0.05      0.08        20
    F:maj7/3       0.00      0.00      0.00         2
    F:maj7/5       0.00      0.00      0.00         3
    F:maj7/7       0.00      0.00      0.00         4
       F:min       0.76      0.95      0.84       277
     F:min/5       0.00      0.00      0.00         8
    F:min/b3       0.33      0.12      0.18         8
      F:min7       0.83      0.59      0.69        32
   F:min7/b7       0.00      0.00      0.00         7
      F:sus2       0.48      0.27      0.35        44
      F:sus4       0.14      0.06      0.08        18
  F:sus4(b7)       0.00      0.00      0.00        14
         G:7       0.00      0.00      0.00         4
       G:7/5       0.00      0.00      0.00         1
      G:7/b7       0.00      0.00      0.00         6
       G:dim       0.00      0.00      0.00         3
     G:hdim7       0.00      0.00      0.00         3
       G:maj       0.79      0.95      0.86       547
     G:maj/3       0.64      0.53      0.58        30
     G:maj/5       0.00      0.00      0.00        12
      G:maj6       0.00      0.00      0.00         4
      G:maj7       0.50      0.08      0.14        12
    G:maj7/3       0.00      0.00      0.00         1
    G:maj7/5       0.00      0.00      0.00         3
    G:maj7/7       1.00      0.14      0.25         7
       G:min       0.79      0.96      0.87       314
     G:min/5       0.00      0.00      0.00         3
    G:min/b3       1.00      0.17      0.29        18
      G:min7       0.53      0.33      0.41        24
    G:min7/5       0.00      0.00      0.00         1
   G:min7/b7       0.00      0.00      0.00        11
      G:sus2       0.50      0.27      0.35        48
      G:sus4       0.67      0.16      0.26        38
  G:sus4(b7)       0.58      0.47      0.52        15
           N       0.62      0.63      0.63       264

    accuracy                           0.77     12292
   macro avg       0.33      0.18      0.21     12292
weighted avg       0.71      0.77      0.72     12292

Confusion Matrix:
[[  0   0   0 ...   0   0   0]
 [  0   0   0 ...   0   0   0]
 [  0   0   0 ...   0   0   0]
 ...
 [  0   0   0 ...   6   0   0]
 [  0   0   0 ...   0   7   0]
 [  0   0   0 ...   1   0 166]]
