/home/yaxin/My_Files/ml_final/Chord-Classification/Models/Logistic/logistic.py:72: UserWarning: Some classes occur only once — using random split.
  warnings.warn("Some classes occur only once — using random split.")
✅ Device: cuda:0
✅ Hyperparameters: lr=0.0002, batch_size=64, epochs=30
✅ Total usable samples: 122912
✅ Feature matrix shape: (122912, 128)
✅ Number of classes: 320
Epoch 01/30 | Loss: 6236.8591
Epoch 02/30 | Loss: 3219.2081
Epoch 03/30 | Loss: 2623.2583
Epoch 04/30 | Loss: 2332.3734
Epoch 05/30 | Loss: 2146.5675
Epoch 06/30 | Loss: 2014.8625
Epoch 07/30 | Loss: 1915.4464
Epoch 08/30 | Loss: 1835.5671
Epoch 09/30 | Loss: 1770.5720
Epoch 10/30 | Loss: 1716.0937
Epoch 11/30 | Loss: 1668.9850
Epoch 12/30 | Loss: 1628.1944
Epoch 13/30 | Loss: 1592.4150
Epoch 14/30 | Loss: 1560.8790
Epoch 15/30 | Loss: 1532.6510
Epoch 16/30 | Loss: 1506.5767
Epoch 17/30 | Loss: 1482.8706
Epoch 18/30 | Loss: 1462.1194
Epoch 19/30 | Loss: 1442.0926
Epoch 20/30 | Loss: 1423.7618
Epoch 21/30 | Loss: 1406.7415
Epoch 22/30 | Loss: 1390.9576
Epoch 23/30 | Loss: 1376.4574
Epoch 24/30 | Loss: 1362.6720
Epoch 25/30 | Loss: 1349.8421
Epoch 26/30 | Loss: 1337.3846
Epoch 27/30 | Loss: 1325.8961
Epoch 28/30 | Loss: 1314.9172
Epoch 29/30 | Loss: 1304.8341
Epoch 30/30 | Loss: 1294.9807

✅ Final Accuracy: 0.799 | Macro F1-score: 0.374

Classification Report:
              precision    recall  f1-score   support

         A:7       0.50      0.10      0.17        10
       A:7/3       1.00      0.25      0.40         4
       A:7/5       1.00      0.67      0.80         3
      A:7/b7       0.00      0.00      0.00         5
       A:aug       0.00      0.00      0.00         1
       A:dim       1.00      0.25      0.40         4
     A:hdim7       1.00      1.00      1.00         1
       A:maj       0.84      0.96      0.89       493
     A:maj/3       0.65      0.68      0.67        19
     A:maj/5       1.00      0.14      0.25         7
      A:maj6       1.00      0.25      0.40         4
      A:maj7       0.80      0.44      0.57        18
    A:maj7/3       1.00      1.00      1.00         1
    A:maj7/5       0.00      0.00      0.00         1
    A:maj7/7       0.40      0.50      0.44         4
       A:min       0.86      0.96      0.91       397
     A:min/5       0.86      0.73      0.79        26
    A:min/b3       1.00      0.25      0.40         8
      A:min7       0.66      0.56      0.60        34
   A:min7/b7       0.67      0.19      0.30        21
      A:sus2       0.68      0.40      0.51        47
      A:sus4       0.45      0.38      0.42        13
  A:sus4(b7)       0.00      0.00      0.00         6
        Ab:7       0.00      0.00      0.00         4
      Ab:7/3       0.00      0.00      0.00         1
      Ab:7/5       1.00      0.50      0.67         2
     Ab:7/b7       1.00      0.25      0.40         4
      Ab:dim       1.00      0.80      0.89         5
     Ab:dim7       1.00      0.33      0.50         3
    Ab:hdim7       0.00      0.00      0.00         1
      Ab:maj       0.82      0.93      0.87       450
    Ab:maj/3       0.91      0.59      0.71        17
    Ab:maj/5       0.00      0.00      0.00         6
     Ab:maj6       0.50      0.11      0.18         9
     Ab:maj7       0.86      0.38      0.52        16
   Ab:maj7/5       0.50      1.00      0.67         1
   Ab:maj7/7       1.00      0.09      0.17        11
      Ab:min       0.79      0.95      0.86       259
    Ab:min/5       1.00      0.17      0.29         6
   Ab:min/b3       0.00      0.00      0.00        12
     Ab:min6       0.00      0.00      0.00         1
     Ab:min7       0.78      0.69      0.73        26
   Ab:min7/5       0.00      0.00      0.00         2
  Ab:min7/b7       0.67      0.31      0.42        13
  Ab:minmaj7       0.00      0.00      0.00         1
     Ab:sus2       0.55      0.43      0.48        42
     Ab:sus4       0.60      0.32      0.42        28
 Ab:sus4(b7)       0.57      0.44      0.50         9
         B:7       1.00      0.25      0.40         4
       B:7/5       0.00      0.00      0.00         2
      B:7/b7       0.00      0.00      0.00         4
       B:dim       0.73      0.73      0.73        11
     B:hdim7       0.67      1.00      0.80         2
       B:maj       0.81      0.93      0.86       351
     B:maj/3       0.65      0.85      0.73        13
     B:maj/5       0.38      0.13      0.19        23
      B:maj6       0.00      0.00      0.00         4
      B:maj7       0.80      0.36      0.50        11
    B:maj7/5       0.00      0.00      0.00         2
    B:maj7/7       0.64      0.35      0.45        20
       B:min       0.86      0.94      0.90       298
     B:min/5       0.50      0.12      0.20         8
    B:min/b3       0.00      0.00      0.00         1
      B:min7       0.85      0.65      0.73        62
    B:min7/5       0.00      0.00      0.00         1
   B:min7/b7       1.00      0.14      0.25        14
      B:sus2       0.73      0.49      0.59        45
      B:sus4       0.90      0.45      0.60        20
  B:sus4(b7)       0.00      0.00      0.00         6
        Bb:7       0.50      0.17      0.25         6
     Bb:7/b7       0.00      0.00      0.00         3
      Bb:dim       1.00      1.00      1.00         3
    Bb:hdim7       1.00      1.00      1.00         2
      Bb:maj       0.81      0.95      0.88       457
    Bb:maj/3       0.83      0.31      0.45        16
    Bb:maj/5       0.71      0.25      0.37        20
     Bb:maj6       1.00      0.27      0.43        11
     Bb:maj7       0.67      0.27      0.38        15
   Bb:maj7/3       0.00      0.00      0.00         2
   Bb:maj7/5       0.00      0.00      0.00         3
   Bb:maj7/7       0.00      0.00      0.00         5
      Bb:min       0.84      0.97      0.90       298
    Bb:min/5       1.00      0.25      0.40         4
   Bb:min/b3       0.50      1.00      0.67         1
     Bb:min7       0.61      0.45      0.52        42
  Bb:min7/b7       0.00      0.00      0.00         8
     Bb:sus2       0.61      0.40      0.48        43
     Bb:sus4       0.61      0.39      0.48        28
 Bb:sus4(b7)       1.00      0.23      0.38        13
        C#:7       1.00      0.40      0.57         5
      C#:7/3       0.00      0.00      0.00         1
      C#:7/5       0.00      0.00      0.00         6
     C#:7/b7       1.00      0.60      0.75         5
      C#:aug       0.00      0.00      0.00         2
      C#:dim       0.50      0.33      0.40         3
     C#:dim7       1.00      0.50      0.67         4
    C#:hdim7       0.00      0.00      0.00         2
      C#:maj       0.82      0.92      0.86       404
    C#:maj/3       0.41      0.39      0.40        18
    C#:maj/5       0.33      0.07      0.12        27
     C#:maj6       1.00      0.25      0.40         4
     C#:maj7       0.00      0.00      0.00         8
   C#:maj7/3       1.00      0.25      0.40         4
   C#:maj7/5       0.00      0.00      0.00         2
   C#:maj7/7       0.33      0.11      0.17         9
      C#:min       0.83      0.95      0.89       283
    C#:min/5       0.40      0.17      0.24        12
   C#:min/b3       0.00      0.00      0.00         6
     C#:min7       0.75      0.52      0.62        23
  C#:min7/b7       0.50      0.17      0.25         6
     C#:sus2       0.52      0.41      0.46        56
     C#:sus4       0.19      0.15      0.17        27
 C#:sus4(b7)       0.50      0.22      0.31         9
         C:7       0.00      0.00      0.00         3
       C:7/5       0.00      0.00      0.00         3
      C:7/b7       0.00      0.00      0.00         1
       C:aug       1.00      0.25      0.40         4
       C:dim       1.00      0.83      0.91         6
       C:maj       0.83      0.95      0.88       524
     C:maj/3       0.64      0.45      0.53        31
     C:maj/5       0.73      0.36      0.48        53
      C:maj6       0.50      0.17      0.25         6
      C:maj7       0.43      0.17      0.24        18
    C:maj7/3       1.00      0.25      0.40         4
    C:maj7/5       0.00      0.00      0.00         1
    C:maj7/7       0.50      0.38      0.43         8
       C:min       0.86      0.92      0.89       274
     C:min/5       0.88      0.50      0.64        14
    C:min/b3       0.33      0.09      0.14        22
      C:min7       0.62      0.54      0.58        28
    C:min7/5       0.00      0.00      0.00         4
   C:min7/b7       0.33      0.50      0.40         6
      C:sus2       0.56      0.54      0.55        84
      C:sus4       0.56      0.39      0.46        23
  C:sus4(b7)       0.43      0.38      0.40         8
         D:7       0.50      0.15      0.23        20
       D:7/3       0.00      0.00      0.00         1
       D:7/5       0.00      0.00      0.00         6
      D:7/b7       0.50      0.29      0.36         7
       D:aug       1.00      0.25      0.40         4
       D:dim       1.00      0.50      0.67         4
       D:maj       0.81      0.93      0.87       463
     D:maj/3       0.59      0.36      0.44        28
     D:maj/5       0.29      0.09      0.13        23
      D:maj6       0.00      0.00      0.00         4
      D:maj7       0.50      0.17      0.25         6
    D:maj7/5       0.00      0.00      0.00         1
    D:maj7/7       0.50      0.50      0.50         6
       D:min       0.80      0.92      0.86       313
     D:min/5       0.88      0.48      0.62        31
    D:min/b3       0.75      0.21      0.33        14
      D:min6       0.00      0.00      0.00         1
      D:min7       0.86      0.51      0.64        35
    D:min7/5       0.50      0.50      0.50         2
   D:min7/b7       0.50      0.17      0.25        12
      D:sus2       0.62      0.44      0.51        59
      D:sus4       0.36      0.16      0.22        25
  D:sus4(b7)       0.71      0.42      0.53        12
         E:7       0.67      0.29      0.40         7
       E:7/3       0.00      0.00      0.00         1
       E:7/5       0.00      0.00      0.00         1
      E:7/b7       0.00      0.00      0.00         1
       E:aug       0.00      0.00      0.00         1
       E:dim       1.00      0.50      0.67         6
     E:hdim7       0.00      0.00      0.00         3
       E:maj       0.86      0.94      0.90       460
     E:maj/3       0.78      0.54      0.64        26
     E:maj/5       0.50      0.27      0.35        15
      E:maj6       1.00      0.25      0.40         4
      E:maj7       0.33      0.17      0.22        12
    E:maj7/3       0.00      0.00      0.00         2
    E:maj7/5       1.00      1.00      1.00         1
    E:maj7/7       1.00      0.20      0.33         5
       E:min       0.86      0.96      0.90       348
     E:min/5       0.67      0.20      0.31        10
    E:min/b3       0.55      0.29      0.38        21
      E:min6       0.00      0.00      0.00         1
      E:min7       0.71      0.66      0.68        38
    E:min7/5       0.00      0.00      0.00         4
   E:min7/b7       0.00      0.00      0.00         6
      E:sus2       0.56      0.36      0.43        28
      E:sus4       0.53      0.31      0.39        26
  E:sus4(b7)       0.60      0.43      0.50         7
        Eb:7       0.50      0.62      0.56         8
      Eb:7/3       0.00      0.00      0.00         2
      Eb:7/5       0.00      0.00      0.00         1
     Eb:7/b7       0.00      0.00      0.00         3
      Eb:dim       1.00      0.50      0.67         2
    Eb:hdim7       0.00      0.00      0.00         1
      Eb:maj       0.84      0.95      0.89       453
    Eb:maj/3       0.70      0.52      0.59        31
    Eb:maj/5       0.80      0.16      0.27        25
     Eb:maj6       0.50      0.20      0.29         5
     Eb:maj7       0.67      0.55      0.60        11
   Eb:maj7/3       0.00      0.00      0.00         2
   Eb:maj7/5       0.00      0.00      0.00         1
   Eb:maj7/7       0.75      0.30      0.43        10
      Eb:min       0.84      0.95      0.89       218
    Eb:min/5       0.00      0.00      0.00         5
   Eb:min/b3       0.29      0.12      0.17        17
     Eb:min6       1.00      0.33      0.50         3
     Eb:min7       0.83      0.74      0.78        34
   Eb:min7/5       1.00      0.50      0.67         2
  Eb:min7/b7       0.00      0.00      0.00         7
     Eb:sus2       0.49      0.49      0.49        37
     Eb:sus4       0.52      0.41      0.46        27
 Eb:sus4(b7)       0.57      0.36      0.44        11
        F#:7       1.00      0.75      0.86         4
      F#:7/5       0.00      0.00      0.00         2
     F#:7/b7       0.00      0.00      0.00         4
      F#:aug       1.00      1.00      1.00         1
      F#:dim       0.60      0.60      0.60         5
    F#:hdim7       0.00      0.00      0.00         1
      F#:maj       0.84      0.95      0.89       404
    F#:maj/3       0.75      0.54      0.62        28
    F#:maj/5       1.00      0.12      0.22         8
     F#:maj6       0.00      0.00      0.00         5
     F#:maj7       0.30      0.33      0.32         9
   F#:maj7/3       0.00      0.00      0.00         1
   F#:maj7/5       1.00      0.75      0.86         4
   F#:maj7/7       0.00      0.00      0.00         6
      F#:min       0.90      0.99      0.94       287
    F#:min/5       0.67      0.25      0.36         8
   F#:min/b3       0.60      0.38      0.46        16
     F#:min7       0.69      0.61      0.65        18
  F#:min7/b7       0.00      0.00      0.00         3
     F#:sus2       0.56      0.21      0.31        43
     F#:sus4       0.15      0.14      0.15        14
 F#:sus4(b7)       0.67      0.50      0.57         8
         F:7       0.50      0.25      0.33         8
       F:7/3       1.00      0.50      0.67         2
       F:7/5       0.00      0.00      0.00         1
      F:7/b7       0.00      0.00      0.00         4
       F:dim       1.00      0.60      0.75         5
      F:dim7       0.00      0.00      0.00         1
     F:hdim7       0.00      0.00      0.00         2
       F:maj       0.83      0.93      0.88       528
     F:maj/3       0.64      0.44      0.52        16
     F:maj/5       0.57      0.29      0.38        14
      F:maj6       0.00      0.00      0.00        10
      F:maj7       0.50      0.15      0.23        20
    F:maj7/3       0.00      0.00      0.00         2
    F:maj7/5       0.00      0.00      0.00         3
    F:maj7/7       1.00      0.25      0.40         4
       F:min       0.79      0.96      0.87       277
     F:min/5       0.00      0.00      0.00         8
    F:min/b3       0.29      0.25      0.27         8
      F:min7       0.84      0.66      0.74        32
   F:min7/b7       0.00      0.00      0.00         7
      F:sus2       0.50      0.30      0.37        44
      F:sus4       0.40      0.22      0.29        18
  F:sus4(b7)       1.00      0.36      0.53        14
         G:7       1.00      0.25      0.40         4
       G:7/5       0.00      0.00      0.00         1
      G:7/b7       1.00      0.17      0.29         6
       G:dim       0.50      0.33      0.40         3
     G:hdim7       0.00      0.00      0.00         3
       G:maj       0.84      0.95      0.89       547
     G:maj/3       0.72      0.70      0.71        30
     G:maj/5       1.00      0.25      0.40        12
      G:maj6       0.50      0.50      0.50         4
      G:maj7       0.50      0.17      0.25        12
    G:maj7/3       0.00      0.00      0.00         1
    G:maj7/5       0.00      0.00      0.00         3
    G:maj7/7       0.75      0.43      0.55         7
       G:min       0.84      0.97      0.90       314
     G:min/5       0.00      0.00      0.00         3
    G:min/b3       1.00      0.39      0.56        18
      G:min7       0.61      0.46      0.52        24
    G:min7/5       0.00      0.00      0.00         1
   G:min7/b7       0.50      0.27      0.35        11
      G:sus2       0.52      0.33      0.41        48
      G:sus4       0.75      0.39      0.52        38
  G:sus4(b7)       0.54      0.47      0.50        15
           N       0.60      0.62      0.61       264

   micro avg       0.80      0.80      0.80     12292
   macro avg       0.51      0.33      0.38     12292
weighted avg       0.77      0.80      0.77     12292

Confusion Matrix:
[[  1   0   0 ...   0   0   0]
 [  0   1   0 ...   0   0   0]
 [  0   0   2 ...   0   0   0]
 ...
 [  0   0   0 ...  15   0   0]
 [  0   0   0 ...   0   7   0]
 [  0   0   0 ...   0   1 164]]
