/home/yaxin/My_Files/ml_final/Chord-Classification/Models/Logistic/logistic.py:72: UserWarning: Some classes occur only once — using random split.
  warnings.warn("Some classes occur only once — using random split.")
✅ Device: cuda:0
✅ Hyperparameters: lr=0.0002, batch_size=32, epochs=20
✅ Total usable samples: 122912
✅ Feature matrix shape: (122912, 128)
✅ Number of classes: 320
Epoch 01/20 | Loss: 10386.6003
Epoch 02/20 | Loss: 5501.3284
Epoch 03/20 | Loss: 4614.0757
Epoch 04/20 | Loss: 4152.1881
Epoch 05/20 | Loss: 3851.8048
Epoch 06/20 | Loss: 3636.5407
Epoch 07/20 | Loss: 3471.1426
Epoch 08/20 | Loss: 3339.8614
Epoch 09/20 | Loss: 3231.1261
Epoch 10/20 | Loss: 3139.5240
Epoch 11/20 | Loss: 3061.8507
Epoch 12/20 | Loss: 2993.9570
Epoch 13/20 | Loss: 2932.7571
Epoch 14/20 | Loss: 2879.7239
Epoch 15/20 | Loss: 2830.8109
Epoch 16/20 | Loss: 2787.7827
Epoch 17/20 | Loss: 2748.5033
Epoch 18/20 | Loss: 2712.7879
Epoch 19/20 | Loss: 2679.3169
Epoch 20/20 | Loss: 2647.6274

✅ Final Accuracy: 0.797 | Macro F1-score: 0.363

Classification Report:
              precision    recall  f1-score   support

         A:7       0.50      0.10      0.17        10
       A:7/3       1.00      0.25      0.40         4
       A:7/5       1.00      0.67      0.80         3
      A:7/b7       0.00      0.00      0.00         5
       A:aug       0.00      0.00      0.00         1
       A:dim       1.00      0.25      0.40         4
     A:hdim7       1.00      1.00      1.00         1
       A:maj       0.82      0.96      0.89       493
     A:maj/3       0.68      0.68      0.68        19
     A:maj/5       0.00      0.00      0.00         7
      A:maj6       0.00      0.00      0.00         4
      A:maj7       0.89      0.44      0.59        18
    A:maj7/3       1.00      1.00      1.00         1
    A:maj7/5       0.00      0.00      0.00         1
    A:maj7/7       0.40      0.50      0.44         4
       A:min       0.85      0.96      0.91       397
     A:min/5       0.83      0.73      0.78        26
    A:min/b3       1.00      0.25      0.40         8
      A:min7       0.65      0.50      0.57        34
   A:min7/b7       0.67      0.19      0.30        21
      A:sus2       0.63      0.36      0.46        47
      A:sus4       0.40      0.31      0.35        13
  A:sus4(b7)       0.00      0.00      0.00         6
        Ab:7       0.00      0.00      0.00         4
      Ab:7/3       0.00      0.00      0.00         1
      Ab:7/5       1.00      0.50      0.67         2
     Ab:7/b7       1.00      0.25      0.40         4
      Ab:dim       1.00      0.80      0.89         5
     Ab:dim7       1.00      0.33      0.50         3
    Ab:hdim7       0.00      0.00      0.00         1
      Ab:maj       0.83      0.92      0.87       450
    Ab:maj/3       0.92      0.65      0.76        17
    Ab:maj/5       0.00      0.00      0.00         6
     Ab:maj6       0.50      0.11      0.18         9
     Ab:maj7       0.86      0.38      0.52        16
   Ab:maj7/5       1.00      1.00      1.00         1
   Ab:maj7/7       1.00      0.09      0.17        11
      Ab:min       0.78      0.95      0.86       259
    Ab:min/5       0.67      0.33      0.44         6
   Ab:min/b3       0.00      0.00      0.00        12
     Ab:min6       0.00      0.00      0.00         1
     Ab:min7       0.81      0.65      0.72        26
   Ab:min7/5       0.00      0.00      0.00         2
  Ab:min7/b7       0.57      0.31      0.40        13
  Ab:minmaj7       0.00      0.00      0.00         1
     Ab:sus2       0.51      0.43      0.47        42
     Ab:sus4       0.60      0.32      0.42        28
 Ab:sus4(b7)       0.38      0.33      0.35         9
         B:7       1.00      0.25      0.40         4
       B:7/5       0.00      0.00      0.00         2
      B:7/b7       0.00      0.00      0.00         4
       B:dim       0.80      0.73      0.76        11
     B:hdim7       1.00      1.00      1.00         2
       B:maj       0.80      0.93      0.86       351
     B:maj/3       0.65      0.85      0.73        13
     B:maj/5       0.38      0.13      0.19        23
      B:maj6       0.00      0.00      0.00         4
      B:maj7       0.75      0.27      0.40        11
    B:maj7/5       0.00      0.00      0.00         2
    B:maj7/7       0.70      0.35      0.47        20
       B:min       0.85      0.94      0.89       298
     B:min/5       0.00      0.00      0.00         8
    B:min/b3       0.00      0.00      0.00         1
      B:min7       0.85      0.65      0.73        62
    B:min7/5       0.00      0.00      0.00         1
   B:min7/b7       1.00      0.07      0.13        14
      B:sus2       0.73      0.49      0.59        45
      B:sus4       0.89      0.40      0.55        20
  B:sus4(b7)       0.00      0.00      0.00         6
        Bb:7       0.50      0.17      0.25         6
     Bb:7/b7       0.00      0.00      0.00         3
      Bb:dim       0.75      1.00      0.86         3
    Bb:hdim7       1.00      1.00      1.00         2
      Bb:maj       0.81      0.95      0.88       457
    Bb:maj/3       0.83      0.31      0.45        16
    Bb:maj/5       0.71      0.25      0.37        20
     Bb:maj6       1.00      0.27      0.43        11
     Bb:maj7       0.71      0.33      0.45        15
   Bb:maj7/3       0.00      0.00      0.00         2
   Bb:maj7/5       0.00      0.00      0.00         3
   Bb:maj7/7       0.00      0.00      0.00         5
      Bb:min       0.84      0.97      0.90       298
    Bb:min/5       1.00      0.25      0.40         4
   Bb:min/b3       1.00      1.00      1.00         1
     Bb:min7       0.62      0.50      0.55        42
  Bb:min7/b7       0.00      0.00      0.00         8
     Bb:sus2       0.57      0.37      0.45        43
     Bb:sus4       0.55      0.39      0.46        28
 Bb:sus4(b7)       0.75      0.23      0.35        13
        C#:7       1.00      0.20      0.33         5
      C#:7/3       0.00      0.00      0.00         1
      C#:7/5       0.00      0.00      0.00         6
     C#:7/b7       1.00      0.60      0.75         5
      C#:aug       0.00      0.00      0.00         2
      C#:dim       0.50      0.33      0.40         3
     C#:dim7       1.00      0.25      0.40         4
    C#:hdim7       0.00      0.00      0.00         2
      C#:maj       0.81      0.92      0.86       404
    C#:maj/3       0.50      0.61      0.55        18
    C#:maj/5       0.40      0.07      0.12        27
     C#:maj6       0.00      0.00      0.00         4
     C#:maj7       0.00      0.00      0.00         8
   C#:maj7/3       1.00      0.25      0.40         4
   C#:maj7/5       0.00      0.00      0.00         2
   C#:maj7/7       0.33      0.11      0.17         9
      C#:min       0.84      0.95      0.89       283
    C#:min/5       0.60      0.25      0.35        12
   C#:min/b3       0.00      0.00      0.00         6
     C#:min7       0.76      0.57      0.65        23
  C#:min7/b7       0.50      0.17      0.25         6
     C#:sus2       0.53      0.43      0.48        56
     C#:sus4       0.20      0.11      0.14        27
 C#:sus4(b7)       0.50      0.22      0.31         9
         C:7       0.00      0.00      0.00         3
       C:7/5       0.00      0.00      0.00         3
      C:7/b7       0.00      0.00      0.00         1
       C:aug       1.00      0.25      0.40         4
       C:dim       1.00      0.83      0.91         6
       C:maj       0.82      0.95      0.88       524
     C:maj/3       0.72      0.42      0.53        31
     C:maj/5       0.69      0.34      0.46        53
      C:maj6       0.33      0.17      0.22         6
      C:maj7       0.38      0.17      0.23        18
    C:maj7/3       0.00      0.00      0.00         4
    C:maj7/5       0.00      0.00      0.00         1
    C:maj7/7       0.43      0.38      0.40         8
       C:min       0.85      0.92      0.89       274
     C:min/5       0.88      0.50      0.64        14
    C:min/b3       0.17      0.05      0.07        22
      C:min7       0.58      0.54      0.56        28
    C:min7/5       0.00      0.00      0.00         4
   C:min7/b7       0.29      0.33      0.31         6
      C:sus2       0.57      0.52      0.55        84
      C:sus4       0.57      0.35      0.43        23
  C:sus4(b7)       0.43      0.38      0.40         8
         D:7       0.75      0.15      0.25        20
       D:7/3       0.00      0.00      0.00         1
       D:7/5       0.00      0.00      0.00         6
      D:7/b7       0.33      0.14      0.20         7
       D:aug       1.00      0.25      0.40         4
       D:dim       1.00      0.50      0.67         4
       D:maj       0.81      0.94      0.87       463
     D:maj/3       0.55      0.39      0.46        28
     D:maj/5       0.29      0.09      0.13        23
      D:maj6       0.00      0.00      0.00         4
      D:maj7       1.00      0.17      0.29         6
    D:maj7/5       0.00      0.00      0.00         1
    D:maj7/7       0.50      0.50      0.50         6
       D:min       0.80      0.92      0.86       313
     D:min/5       0.88      0.45      0.60        31
    D:min/b3       0.75      0.21      0.33        14
      D:min6       0.00      0.00      0.00         1
      D:min7       0.86      0.51      0.64        35
    D:min7/5       0.00      0.00      0.00         2
   D:min7/b7       0.50      0.17      0.25        12
      D:sus2       0.63      0.44      0.52        59
      D:sus4       0.31      0.16      0.21        25
  D:sus4(b7)       0.71      0.42      0.53        12
         E:7       0.75      0.43      0.55         7
       E:7/3       0.00      0.00      0.00         1
       E:7/5       0.00      0.00      0.00         1
      E:7/b7       0.00      0.00      0.00         1
       E:aug       0.00      0.00      0.00         1
       E:dim       1.00      0.33      0.50         6
     E:hdim7       0.00      0.00      0.00         3
       E:maj       0.86      0.93      0.90       460
     E:maj/3       0.78      0.54      0.64        26
     E:maj/5       0.57      0.27      0.36        15
      E:maj6       1.00      0.25      0.40         4
      E:maj7       0.50      0.17      0.25        12
    E:maj7/3       0.00      0.00      0.00         2
    E:maj7/5       1.00      1.00      1.00         1
    E:maj7/7       1.00      0.40      0.57         5
       E:min       0.86      0.96      0.91       348
     E:min/5       0.50      0.10      0.17        10
    E:min/b3       0.64      0.33      0.44        21
      E:min6       0.00      0.00      0.00         1
      E:min7       0.75      0.63      0.69        38
    E:min7/5       0.00      0.00      0.00         4
   E:min7/b7       0.00      0.00      0.00         6
      E:sus2       0.56      0.36      0.43        28
      E:sus4       0.53      0.31      0.39        26
  E:sus4(b7)       0.60      0.43      0.50         7
        Eb:7       0.56      0.62      0.59         8
      Eb:7/3       0.00      0.00      0.00         2
      Eb:7/5       0.00      0.00      0.00         1
     Eb:7/b7       0.00      0.00      0.00         3
      Eb:dim       1.00      0.50      0.67         2
    Eb:hdim7       0.00      0.00      0.00         1
      Eb:maj       0.83      0.96      0.89       453
    Eb:maj/3       0.71      0.48      0.58        31
    Eb:maj/5       0.71      0.20      0.31        25
     Eb:maj6       0.00      0.00      0.00         5
     Eb:maj7       0.56      0.45      0.50        11
   Eb:maj7/3       0.00      0.00      0.00         2
   Eb:maj7/5       0.00      0.00      0.00         1
   Eb:maj7/7       0.67      0.20      0.31        10
      Eb:min       0.85      0.94      0.89       218
    Eb:min/5       0.00      0.00      0.00         5
   Eb:min/b3       0.33      0.18      0.23        17
     Eb:min6       1.00      0.33      0.50         3
     Eb:min7       0.83      0.74      0.78        34
   Eb:min7/5       1.00      0.50      0.67         2
  Eb:min7/b7       0.00      0.00      0.00         7
     Eb:sus2       0.44      0.41      0.42        37
     Eb:sus4       0.53      0.37      0.43        27
 Eb:sus4(b7)       0.57      0.36      0.44        11
        F#:7       1.00      0.50      0.67         4
      F#:7/5       0.00      0.00      0.00         2
     F#:7/b7       0.00      0.00      0.00         4
      F#:aug       1.00      1.00      1.00         1
      F#:dim       0.60      0.60      0.60         5
    F#:hdim7       0.00      0.00      0.00         1
      F#:maj       0.83      0.95      0.89       404
    F#:maj/3       0.78      0.50      0.61        28
    F#:maj/5       1.00      0.12      0.22         8
     F#:maj6       0.00      0.00      0.00         5
     F#:maj7       0.27      0.33      0.30         9
   F#:maj7/3       0.00      0.00      0.00         1
   F#:maj7/5       1.00      0.75      0.86         4
   F#:maj7/7       0.00      0.00      0.00         6
      F#:min       0.91      0.99      0.95       287
    F#:min/5       0.67      0.25      0.36         8
   F#:min/b3       0.67      0.38      0.48        16
     F#:min7       0.79      0.61      0.69        18
  F#:min7/b7       0.00      0.00      0.00         3
     F#:sus2       0.56      0.21      0.31        43
     F#:sus4       0.21      0.21      0.21        14
 F#:sus4(b7)       0.56      0.62      0.59         8
         F:7       0.50      0.25      0.33         8
       F:7/3       1.00      0.50      0.67         2
       F:7/5       0.00      0.00      0.00         1
      F:7/b7       0.00      0.00      0.00         4
       F:dim       1.00      0.60      0.75         5
      F:dim7       0.00      0.00      0.00         1
     F:hdim7       0.00      0.00      0.00         2
       F:maj       0.83      0.93      0.88       528
     F:maj/3       0.54      0.44      0.48        16
     F:maj/5       0.67      0.29      0.40        14
      F:maj6       0.00      0.00      0.00        10
      F:maj7       0.50      0.15      0.23        20
    F:maj7/3       0.00      0.00      0.00         2
    F:maj7/5       0.00      0.00      0.00         3
    F:maj7/7       1.00      0.25      0.40         4
       F:min       0.79      0.96      0.87       277
     F:min/5       0.00      0.00      0.00         8
    F:min/b3       0.40      0.25      0.31         8
      F:min7       0.75      0.66      0.70        32
   F:min7/b7       0.00      0.00      0.00         7
      F:sus2       0.50      0.27      0.35        44
      F:sus4       0.29      0.11      0.16        18
  F:sus4(b7)       1.00      0.36      0.53        14
         G:7       1.00      0.25      0.40         4
       G:7/5       0.00      0.00      0.00         1
      G:7/b7       0.67      0.33      0.44         6
       G:dim       1.00      0.33      0.50         3
     G:hdim7       0.00      0.00      0.00         3
       G:maj       0.84      0.96      0.89       547
     G:maj/3       0.70      0.70      0.70        30
     G:maj/5       1.00      0.25      0.40        12
      G:maj6       0.33      0.25      0.29         4
      G:maj7       0.50      0.17      0.25        12
    G:maj7/3       0.00      0.00      0.00         1
    G:maj7/5       0.00      0.00      0.00         3
    G:maj7/7       0.75      0.43      0.55         7
       G:min       0.84      0.97      0.90       314
     G:min/5       0.00      0.00      0.00         3
    G:min/b3       1.00      0.39      0.56        18
      G:min7       0.58      0.46      0.51        24
    G:min7/5       0.00      0.00      0.00         1
   G:min7/b7       0.50      0.18      0.27        11
      G:sus2       0.52      0.31      0.39        48
      G:sus4       0.74      0.37      0.49        38
  G:sus4(b7)       0.54      0.47      0.50        15
           N       0.59      0.61      0.60       264

   micro avg       0.80      0.80      0.80     12292
   macro avg       0.49      0.32      0.36     12292
weighted avg       0.77      0.80      0.77     12292

Confusion Matrix:
[[  1   0   0 ...   0   0   0]
 [  0   1   0 ...   0   0   0]
 [  0   0   2 ...   0   0   0]
 ...
 [  0   0   0 ...  14   0   0]
 [  0   0   0 ...   0   7   0]
 [  0   0   0 ...   0   0 162]]
