/home/yaxin/My_Files/ml_final/Chord-Classification/Models/Logistic/logistic.py:72: UserWarning: Some classes occur only once — using random split.
  warnings.warn("Some classes occur only once — using random split.")
✅ Device: cuda:0
✅ Hyperparameters: lr=0.0005, batch_size=128, epochs=30
✅ Total usable samples: 122912
✅ Feature matrix shape: (122912, 128)
✅ Number of classes: 320
Epoch 01/30 | Loss: 2664.5574
Epoch 02/30 | Loss: 1350.4118
Epoch 03/30 | Loss: 1120.5882
Epoch 04/30 | Loss: 1002.5848
Epoch 05/30 | Loss: 926.4989
Epoch 06/30 | Loss: 873.1559
Epoch 07/30 | Loss: 832.1730
Epoch 08/30 | Loss: 799.9623
Epoch 09/30 | Loss: 773.4304
Epoch 10/30 | Loss: 751.2420
Epoch 11/30 | Loss: 732.3727
Epoch 12/30 | Loss: 716.6111
Epoch 13/30 | Loss: 701.9710
Epoch 14/30 | Loss: 688.8237
Epoch 15/30 | Loss: 677.9960
Epoch 16/30 | Loss: 667.7268
Epoch 17/30 | Loss: 657.8824
Epoch 18/30 | Loss: 649.2295
Epoch 19/30 | Loss: 641.5026
Epoch 20/30 | Loss: 634.0948
Epoch 21/30 | Loss: 627.3463
Epoch 22/30 | Loss: 620.8261
Epoch 23/30 | Loss: 615.2021
Epoch 24/30 | Loss: 609.5781
Epoch 25/30 | Loss: 604.9867
Epoch 26/30 | Loss: 599.6354
Epoch 27/30 | Loss: 595.1313
Epoch 28/30 | Loss: 590.7470
Epoch 29/30 | Loss: 587.1682
Epoch 30/30 | Loss: 583.6046

✅ Final Accuracy: 0.807 | Macro F1-score: 0.429

Classification Report:
              precision    recall  f1-score   support

         A:7       0.50      0.10      0.17        10
       A:7/3       1.00      0.25      0.40         4
       A:7/5       1.00      0.67      0.80         3
      A:7/b7       1.00      0.60      0.75         5
       A:aug       0.00      0.00      0.00         1
       A:dim       1.00      0.25      0.40         4
     A:hdim7       1.00      1.00      1.00         1
       A:maj       0.84      0.96      0.90       493
     A:maj/3       0.70      0.74      0.72        19
     A:maj/5       1.00      0.14      0.25         7
      A:maj6       1.00      0.25      0.40         4
      A:maj7       0.82      0.50      0.62        18
    A:maj7/3       1.00      1.00      1.00         1
    A:maj7/5       0.00      0.00      0.00         1
    A:maj7/7       0.50      0.50      0.50         4
       A:min       0.87      0.96      0.91       397
     A:min/5       0.83      0.73      0.78        26
    A:min/b3       1.00      0.38      0.55         8
      A:min7       0.72      0.62      0.67        34
   A:min7/b7       0.71      0.24      0.36        21
      A:sus2       0.60      0.38      0.47        47
      A:sus4       0.42      0.38      0.40        13
  A:sus4(b7)       0.00      0.00      0.00         6
        Ab:7       0.00      0.00      0.00         4
      Ab:7/3       0.00      0.00      0.00         1
      Ab:7/5       1.00      0.50      0.67         2
     Ab:7/b7       1.00      0.25      0.40         4
      Ab:dim       0.80      0.80      0.80         5
     Ab:dim7       1.00      0.33      0.50         3
    Ab:hdim7       1.00      1.00      1.00         1
      Ab:maj       0.84      0.93      0.88       450
    Ab:maj/3       0.92      0.65      0.76        17
    Ab:maj/5       0.50      0.17      0.25         6
     Ab:maj6       0.67      0.22      0.33         9
     Ab:maj7       0.86      0.38      0.52        16
   Ab:maj7/5       0.50      1.00      0.67         1
   Ab:maj7/7       0.50      0.09      0.15        11
      Ab:min       0.82      0.95      0.88       259
    Ab:min/5       0.67      0.33      0.44         6
   Ab:min/b3       0.17      0.08      0.11        12
     Ab:min6       0.00      0.00      0.00         1
     Ab:min7       0.68      0.65      0.67        26
   Ab:min7/5       0.00      0.00      0.00         2
  Ab:min7/b7       0.50      0.31      0.38        13
  Ab:minmaj7       0.00      0.00      0.00         1
     Ab:sus2       0.57      0.48      0.52        42
     Ab:sus4       0.62      0.36      0.45        28
 Ab:sus4(b7)       0.44      0.44      0.44         9
         B:7       1.00      0.25      0.40         4
       B:7/5       0.00      0.00      0.00         2
      B:7/b7       0.00      0.00      0.00         4
       B:dim       0.80      0.73      0.76        11
     B:hdim7       0.67      1.00      0.80         2
       B:maj       0.82      0.93      0.87       351
     B:maj/3       0.71      0.92      0.80        13
     B:maj/5       0.33      0.13      0.19        23
      B:maj6       0.33      0.25      0.29         4
      B:maj7       0.80      0.36      0.50        11
    B:maj7/5       1.00      0.50      0.67         2
    B:maj7/7       0.58      0.35      0.44        20
       B:min       0.87      0.95      0.91       298
     B:min/5       0.50      0.12      0.20         8
    B:min/b3       0.00      0.00      0.00         1
      B:min7       0.87      0.65      0.74        62
    B:min7/5       0.00      0.00      0.00         1
   B:min7/b7       1.00      0.14      0.25        14
      B:sus2       0.70      0.47      0.56        45
      B:sus4       0.92      0.55      0.69        20
  B:sus4(b7)       0.00      0.00      0.00         6
        Bb:7       0.33      0.17      0.22         6
     Bb:7/b7       0.50      0.33      0.40         3
      Bb:dim       1.00      1.00      1.00         3
    Bb:hdim7       1.00      1.00      1.00         2
      Bb:maj       0.83      0.95      0.89       457
    Bb:maj/3       0.71      0.31      0.43        16
    Bb:maj/5       0.71      0.25      0.37        20
     Bb:maj6       1.00      0.27      0.43        11
     Bb:maj7       0.71      0.33      0.45        15
   Bb:maj7/3       0.00      0.00      0.00         2
   Bb:maj7/5       0.50      0.33      0.40         3
   Bb:maj7/7       0.00      0.00      0.00         5
      Bb:min       0.85      0.96      0.90       298
    Bb:min/5       1.00      0.25      0.40         4
   Bb:min/b3       1.00      1.00      1.00         1
     Bb:min7       0.64      0.50      0.56        42
  Bb:min7/b7       0.00      0.00      0.00         8
     Bb:sus2       0.63      0.44      0.52        43
     Bb:sus4       0.61      0.39      0.48        28
 Bb:sus4(b7)       1.00      0.31      0.47        13
        C#:7       0.50      0.40      0.44         5
      C#:7/3       0.00      0.00      0.00         1
      C#:7/5       0.50      0.17      0.25         6
     C#:7/b7       1.00      0.80      0.89         5
      C#:aug       0.00      0.00      0.00         2
      C#:dim       0.67      0.67      0.67         3
     C#:dim7       1.00      0.75      0.86         4
    C#:hdim7       0.00      0.00      0.00         2
      C#:maj       0.83      0.91      0.87       404
    C#:maj/3       0.52      0.61      0.56        18
    C#:maj/5       0.29      0.07      0.12        27
     C#:maj6       1.00      0.25      0.40         4
     C#:maj7       0.67      0.25      0.36         8
   C#:maj7/3       1.00      0.50      0.67         4
   C#:maj7/5       0.00      0.00      0.00         2
   C#:maj7/7       0.50      0.22      0.31         9
      C#:min       0.85      0.94      0.90       283
    C#:min/5       0.50      0.25      0.33        12
   C#:min/b3       0.00      0.00      0.00         6
     C#:min7       0.76      0.57      0.65        23
  C#:min7/b7       0.50      0.33      0.40         6
     C#:sus2       0.56      0.41      0.47        56
     C#:sus4       0.32      0.26      0.29        27
 C#:sus4(b7)       0.29      0.22      0.25         9
         C:7       0.00      0.00      0.00         3
       C:7/5       1.00      0.33      0.50         3
      C:7/b7       0.00      0.00      0.00         1
       C:aug       1.00      0.25      0.40         4
       C:dim       1.00      0.83      0.91         6
       C:maj       0.82      0.95      0.88       524
     C:maj/3       0.73      0.52      0.60        31
     C:maj/5       0.71      0.38      0.49        53
      C:maj6       0.50      0.17      0.25         6
      C:maj7       0.50      0.17      0.25        18
    C:maj7/3       0.50      0.25      0.33         4
    C:maj7/5       0.00      0.00      0.00         1
    C:maj7/7       0.50      0.50      0.50         8
       C:min       0.87      0.92      0.90       274
     C:min/5       0.89      0.57      0.70        14
    C:min/b3       0.14      0.05      0.07        22
      C:min7       0.65      0.54      0.59        28
    C:min7/5       1.00      0.25      0.40         4
   C:min7/b7       0.25      0.33      0.29         6
      C:sus2       0.58      0.55      0.56        84
      C:sus4       0.60      0.39      0.47        23
  C:sus4(b7)       0.33      0.38      0.35         8
         D:7       0.38      0.15      0.21        20
       D:7/3       0.00      0.00      0.00         1
       D:7/5       0.33      0.17      0.22         6
      D:7/b7       0.60      0.43      0.50         7
       D:aug       1.00      0.25      0.40         4
       D:dim       1.00      0.50      0.67         4
       D:maj       0.82      0.94      0.88       463
     D:maj/3       0.55      0.43      0.48        28
     D:maj/5       0.29      0.09      0.13        23
      D:maj6       0.00      0.00      0.00         4
      D:maj7       0.33      0.17      0.22         6
    D:maj7/5       0.00      0.00      0.00         1
    D:maj7/7       0.40      0.33      0.36         6
       D:min       0.82      0.94      0.88       313
     D:min/5       0.90      0.58      0.71        31
    D:min/b3       0.75      0.21      0.33        14
      D:min6       0.00      0.00      0.00         1
      D:min7       1.00      0.43      0.60        35
    D:min7/5       0.00      0.00      0.00         2
   D:min7/b7       0.50      0.25      0.33        12
      D:sus2       0.68      0.46      0.55        59
      D:sus4       0.50      0.24      0.32        25
  D:sus4(b7)       0.75      0.50      0.60        12
         E:7       0.71      0.71      0.71         7
       E:7/3       0.00      0.00      0.00         1
       E:7/5       1.00      1.00      1.00         1
      E:7/b7       0.00      0.00      0.00         1
       E:aug       0.00      0.00      0.00         1
       E:dim       1.00      0.67      0.80         6
     E:hdim7       1.00      0.33      0.50         3
       E:maj       0.88      0.93      0.90       460
     E:maj/3       0.85      0.65      0.74        26
     E:maj/5       0.50      0.27      0.35        15
      E:maj6       1.00      0.25      0.40         4
      E:maj7       0.40      0.17      0.24        12
    E:maj7/3       0.00      0.00      0.00         2
    E:maj7/5       1.00      1.00      1.00         1
    E:maj7/7       1.00      0.40      0.57         5
       E:min       0.87      0.95      0.91       348
     E:min/5       0.75      0.30      0.43        10
    E:min/b3       0.58      0.33      0.42        21
      E:min6       0.00      0.00      0.00         1
      E:min7       0.71      0.66      0.68        38
    E:min7/5       0.00      0.00      0.00         4
   E:min7/b7       0.00      0.00      0.00         6
      E:sus2       0.59      0.36      0.44        28
      E:sus4       0.62      0.38      0.48        26
  E:sus4(b7)       0.67      0.57      0.62         7
        Eb:7       0.58      0.88      0.70         8
      Eb:7/3       1.00      0.50      0.67         2
      Eb:7/5       0.00      0.00      0.00         1
     Eb:7/b7       0.00      0.00      0.00         3
      Eb:dim       1.00      0.50      0.67         2
    Eb:hdim7       0.00      0.00      0.00         1
      Eb:maj       0.85      0.95      0.90       453
    Eb:maj/3       0.68      0.61      0.64        31
    Eb:maj/5       0.71      0.20      0.31        25
     Eb:maj6       0.00      0.00      0.00         5
     Eb:maj7       0.67      0.55      0.60        11
   Eb:maj7/3       0.00      0.00      0.00         2
   Eb:maj7/5       1.00      1.00      1.00         1
   Eb:maj7/7       0.67      0.20      0.31        10
      Eb:min       0.86      0.94      0.90       218
    Eb:min/5       1.00      0.20      0.33         5
   Eb:min/b3       0.33      0.24      0.28        17
     Eb:min6       1.00      0.33      0.50         3
     Eb:min7       0.86      0.74      0.79        34
   Eb:min7/5       1.00      0.50      0.67         2
  Eb:min7/b7       0.00      0.00      0.00         7
     Eb:sus2       0.47      0.49      0.48        37
     Eb:sus4       0.48      0.48      0.48        27
 Eb:sus4(b7)       0.57      0.36      0.44        11
        F#:7       0.67      0.50      0.57         4
      F#:7/5       1.00      0.50      0.67         2
     F#:7/b7       0.00      0.00      0.00         4
      F#:aug       1.00      1.00      1.00         1
      F#:dim       0.80      0.80      0.80         5
    F#:hdim7       0.00      0.00      0.00         1
      F#:maj       0.84      0.94      0.89       404
    F#:maj/3       0.76      0.57      0.65        28
    F#:maj/5       0.50      0.12      0.20         8
     F#:maj6       0.00      0.00      0.00         5
     F#:maj7       0.27      0.33      0.30         9
   F#:maj7/3       0.00      0.00      0.00         1
   F#:maj7/5       1.00      0.75      0.86         4
   F#:maj7/7       0.33      0.17      0.22         6
      F#:min       0.92      0.98      0.95       287
    F#:min/5       0.67      0.25      0.36         8
   F#:min/b3       0.73      0.50      0.59        16
     F#:min7       0.73      0.61      0.67        18
  F#:min7/b7       0.00      0.00      0.00         3
     F#:sus2       0.55      0.26      0.35        43
     F#:sus4       0.15      0.14      0.15        14
 F#:sus4(b7)       0.71      0.62      0.67         8
         F:7       0.50      0.25      0.33         8
       F:7/3       1.00      0.50      0.67         2
       F:7/5       0.00      0.00      0.00         1
      F:7/b7       0.00      0.00      0.00         4
       F:dim       1.00      0.60      0.75         5
      F:dim7       0.00      0.00      0.00         1
     F:hdim7       0.00      0.00      0.00         2
       F:maj       0.84      0.93      0.88       528
     F:maj/3       0.57      0.50      0.53        16
     F:maj/5       0.57      0.29      0.38        14
      F:maj6       0.00      0.00      0.00        10
      F:maj7       0.50      0.25      0.33        20
    F:maj7/3       0.00      0.00      0.00         2
    F:maj7/5       0.00      0.00      0.00         3
    F:maj7/7       1.00      0.25      0.40         4
       F:min       0.82      0.95      0.88       277
     F:min/5       0.00      0.00      0.00         8
    F:min/b3       0.38      0.38      0.38         8
      F:min7       0.74      0.72      0.73        32
   F:min7/b7       0.33      0.14      0.20         7
      F:sus2       0.46      0.30      0.36        44
      F:sus4       0.50      0.39      0.44        18
  F:sus4(b7)       0.80      0.57      0.67        14
         G:7       1.00      0.50      0.67         4
       G:7/5       0.00      0.00      0.00         1
      G:7/b7       1.00      0.33      0.50         6
       G:dim       0.50      0.33      0.40         3
     G:hdim7       0.00      0.00      0.00         3
       G:maj       0.85      0.95      0.90       547
     G:maj/3       0.70      0.70      0.70        30
     G:maj/5       0.80      0.33      0.47        12
      G:maj6       0.50      0.50      0.50         4
      G:maj7       0.20      0.08      0.12        12
    G:maj7/3       1.00      1.00      1.00         1
    G:maj7/5       0.00      0.00      0.00         3
    G:maj7/7       0.75      0.43      0.55         7
       G:min       0.85      0.96      0.90       314
     G:min/5       0.00      0.00      0.00         3
    G:min/b3       0.80      0.44      0.57        18
      G:min7       0.57      0.50      0.53        24
    G:min7/5       0.00      0.00      0.00         1
   G:min7/b7       0.40      0.18      0.25        11
      G:sus2       0.52      0.35      0.42        48
      G:sus4       0.73      0.42      0.53        38
  G:sus4(b7)       0.58      0.47      0.52        15
           N       0.59      0.61      0.60       264

   micro avg       0.81      0.81      0.81     12292
   macro avg       0.56      0.39      0.43     12292
weighted avg       0.78      0.81      0.78     12292

Confusion Matrix:
[[  1   0   0 ...   0   0   0]
 [  0   1   0 ...   0   0   0]
 [  0   0   2 ...   0   0   0]
 ...
 [  0   0   0 ...  16   0   0]
 [  0   0   0 ...   0   7   0]
 [  0   0   0 ...   0   0 160]]
