/home/yaxin/My_Files/ml_final/Chord-Classification/Models/Logistic/logistic.py:72: UserWarning: Some classes occur only once — using random split.
  warnings.warn("Some classes occur only once — using random split.")
✅ Device: cuda:0
✅ Hyperparameters: lr=0.0005, batch_size=64, epochs=10
✅ Total usable samples: 122912
✅ Feature matrix shape: (122912, 128)
✅ Number of classes: 320
Epoch 01/10 | Loss: 4362.0240
Epoch 02/10 | Loss: 2347.4157
Epoch 03/10 | Loss: 1985.7109
Epoch 04/10 | Loss: 1796.2206
Epoch 05/10 | Loss: 1674.1779
Epoch 06/10 | Loss: 1586.4805
Epoch 07/10 | Loss: 1520.4813
Epoch 08/10 | Loss: 1466.8383
Epoch 09/10 | Loss: 1423.3723
Epoch 10/10 | Loss: 1387.0673

✅ Final Accuracy: 0.793 | Macro F1-score: 0.344

Classification Report:
              precision    recall  f1-score   support

         A:7       0.50      0.10      0.17        10
       A:7/3       1.00      0.25      0.40         4
       A:7/5       1.00      0.33      0.50         3
      A:7/b7       0.00      0.00      0.00         5
       A:aug       0.00      0.00      0.00         1
       A:dim       1.00      0.25      0.40         4
     A:hdim7       1.00      1.00      1.00         1
       A:maj       0.83      0.96      0.89       493
     A:maj/3       0.67      0.74      0.70        19
     A:maj/5       1.00      0.14      0.25         7
      A:maj6       0.00      0.00      0.00         4
      A:maj7       0.80      0.44      0.57        18
    A:maj7/3       1.00      1.00      1.00         1
    A:maj7/5       0.00      0.00      0.00         1
    A:maj7/7       0.40      0.50      0.44         4
       A:min       0.85      0.96      0.91       397
     A:min/5       0.83      0.73      0.78        26
    A:min/b3       1.00      0.25      0.40         8
      A:min7       0.61      0.50      0.55        34
   A:min7/b7       0.50      0.14      0.22        21
      A:sus2       0.61      0.36      0.45        47
      A:sus4       0.40      0.31      0.35        13
  A:sus4(b7)       0.00      0.00      0.00         6
        Ab:7       0.00      0.00      0.00         4
      Ab:7/3       0.00      0.00      0.00         1
      Ab:7/5       1.00      0.50      0.67         2
     Ab:7/b7       1.00      0.25      0.40         4
      Ab:dim       0.80      0.80      0.80         5
     Ab:dim7       1.00      0.33      0.50         3
    Ab:hdim7       0.00      0.00      0.00         1
      Ab:maj       0.81      0.93      0.87       450
    Ab:maj/3       0.75      0.53      0.62        17
    Ab:maj/5       0.00      0.00      0.00         6
     Ab:maj6       0.25      0.11      0.15         9
     Ab:maj7       1.00      0.38      0.55        16
   Ab:maj7/5       0.50      1.00      0.67         1
   Ab:maj7/7       1.00      0.09      0.17        11
      Ab:min       0.76      0.95      0.84       259
    Ab:min/5       0.00      0.00      0.00         6
   Ab:min/b3       0.00      0.00      0.00        12
     Ab:min6       0.00      0.00      0.00         1
     Ab:min7       0.81      0.50      0.62        26
   Ab:min7/5       0.00      0.00      0.00         2
  Ab:min7/b7       0.50      0.23      0.32        13
  Ab:minmaj7       0.00      0.00      0.00         1
     Ab:sus2       0.56      0.33      0.42        42
     Ab:sus4       0.64      0.25      0.36        28
 Ab:sus4(b7)       0.50      0.44      0.47         9
         B:7       1.00      0.25      0.40         4
       B:7/5       0.00      0.00      0.00         2
      B:7/b7       0.00      0.00      0.00         4
       B:dim       0.73      0.73      0.73        11
     B:hdim7       1.00      1.00      1.00         2
       B:maj       0.79      0.93      0.85       351
     B:maj/3       0.61      0.85      0.71        13
     B:maj/5       0.38      0.13      0.19        23
      B:maj6       0.00      0.00      0.00         4
      B:maj7       1.00      0.18      0.31        11
    B:maj7/5       0.00      0.00      0.00         2
    B:maj7/7       0.70      0.35      0.47        20
       B:min       0.84      0.94      0.89       298
     B:min/5       0.00      0.00      0.00         8
    B:min/b3       0.00      0.00      0.00         1
      B:min7       0.88      0.58      0.70        62
    B:min7/5       0.00      0.00      0.00         1
   B:min7/b7       0.50      0.14      0.22        14
      B:sus2       0.70      0.47      0.56        45
      B:sus4       0.89      0.40      0.55        20
  B:sus4(b7)       0.00      0.00      0.00         6
        Bb:7       0.50      0.17      0.25         6
     Bb:7/b7       0.00      0.00      0.00         3
      Bb:dim       1.00      1.00      1.00         3
    Bb:hdim7       1.00      1.00      1.00         2
      Bb:maj       0.80      0.95      0.87       457
    Bb:maj/3       0.71      0.31      0.43        16
    Bb:maj/5       0.71      0.25      0.37        20
     Bb:maj6       1.00      0.27      0.43        11
     Bb:maj7       0.60      0.20      0.30        15
   Bb:maj7/3       0.00      0.00      0.00         2
   Bb:maj7/5       0.00      0.00      0.00         3
   Bb:maj7/7       0.00      0.00      0.00         5
      Bb:min       0.86      0.96      0.91       298
    Bb:min/5       1.00      0.25      0.40         4
   Bb:min/b3       0.00      0.00      0.00         1
     Bb:min7       0.63      0.52      0.57        42
  Bb:min7/b7       0.00      0.00      0.00         8
     Bb:sus2       0.50      0.37      0.43        43
     Bb:sus4       0.47      0.25      0.33        28
 Bb:sus4(b7)       1.00      0.23      0.38        13
        C#:7       1.00      0.20      0.33         5
      C#:7/3       0.00      0.00      0.00         1
      C#:7/5       0.00      0.00      0.00         6
     C#:7/b7       1.00      0.20      0.33         5
      C#:aug       0.00      0.00      0.00         2
      C#:dim       0.50      0.33      0.40         3
     C#:dim7       1.00      0.25      0.40         4
    C#:hdim7       0.00      0.00      0.00         2
      C#:maj       0.81      0.92      0.86       404
    C#:maj/3       0.41      0.39      0.40        18
    C#:maj/5       0.20      0.04      0.06        27
     C#:maj6       0.00      0.00      0.00         4
     C#:maj7       0.00      0.00      0.00         8
   C#:maj7/3       0.50      0.25      0.33         4
   C#:maj7/5       0.00      0.00      0.00         2
   C#:maj7/7       0.00      0.00      0.00         9
      C#:min       0.83      0.94      0.88       283
    C#:min/5       0.50      0.17      0.25        12
   C#:min/b3       0.00      0.00      0.00         6
     C#:min7       0.80      0.52      0.63        23
  C#:min7/b7       0.50      0.17      0.25         6
     C#:sus2       0.51      0.43      0.47        56
     C#:sus4       0.20      0.15      0.17        27
 C#:sus4(b7)       0.67      0.22      0.33         9
         C:7       0.00      0.00      0.00         3
       C:7/5       0.00      0.00      0.00         3
      C:7/b7       0.00      0.00      0.00         1
       C:aug       1.00      0.25      0.40         4
       C:dim       0.83      0.83      0.83         6
       C:maj       0.83      0.94      0.88       524
     C:maj/3       0.68      0.42      0.52        31
     C:maj/5       0.68      0.36      0.47        53
      C:maj6       0.50      0.17      0.25         6
      C:maj7       0.43      0.17      0.24        18
    C:maj7/3       0.00      0.00      0.00         4
    C:maj7/5       0.00      0.00      0.00         1
    C:maj7/7       0.44      0.50      0.47         8
       C:min       0.86      0.91      0.89       274
     C:min/5       0.70      0.50      0.58        14
    C:min/b3       0.29      0.09      0.14        22
      C:min7       0.61      0.50      0.55        28
    C:min7/5       0.00      0.00      0.00         4
   C:min7/b7       0.33      0.50      0.40         6
      C:sus2       0.53      0.57      0.55        84
      C:sus4       0.67      0.43      0.53        23
  C:sus4(b7)       0.38      0.38      0.38         8
         D:7       0.60      0.15      0.24        20
       D:7/3       0.00      0.00      0.00         1
       D:7/5       0.00      0.00      0.00         6
      D:7/b7       0.33      0.14      0.20         7
       D:aug       0.00      0.00      0.00         4
       D:dim       0.67      0.50      0.57         4
       D:maj       0.81      0.92      0.87       463
     D:maj/3       0.53      0.36      0.43        28
     D:maj/5       0.25      0.09      0.13        23
      D:maj6       0.00      0.00      0.00         4
      D:maj7       1.00      0.17      0.29         6
    D:maj7/5       0.00      0.00      0.00         1
    D:maj7/7       0.50      0.50      0.50         6
       D:min       0.80      0.93      0.86       313
     D:min/5       0.88      0.45      0.60        31
    D:min/b3       0.75      0.21      0.33        14
      D:min6       0.00      0.00      0.00         1
      D:min7       0.86      0.54      0.67        35
    D:min7/5       0.50      0.50      0.50         2
   D:min7/b7       0.67      0.17      0.27        12
      D:sus2       0.59      0.46      0.51        59
      D:sus4       0.25      0.12      0.16        25
  D:sus4(b7)       0.71      0.42      0.53        12
         E:7       0.67      0.29      0.40         7
       E:7/3       0.00      0.00      0.00         1
       E:7/5       0.00      0.00      0.00         1
      E:7/b7       0.00      0.00      0.00         1
       E:aug       0.00      0.00      0.00         1
       E:dim       0.67      0.33      0.44         6
     E:hdim7       0.00      0.00      0.00         3
       E:maj       0.86      0.93      0.90       460
     E:maj/3       0.68      0.50      0.58        26
     E:maj/5       0.44      0.27      0.33        15
      E:maj6       0.00      0.00      0.00         4
      E:maj7       0.40      0.17      0.24        12
    E:maj7/3       0.00      0.00      0.00         2
    E:maj7/5       1.00      1.00      1.00         1
    E:maj7/7       1.00      0.20      0.33         5
       E:min       0.85      0.96      0.90       348
     E:min/5       0.67      0.20      0.31        10
    E:min/b3       0.64      0.33      0.44        21
      E:min6       0.00      0.00      0.00         1
      E:min7       0.70      0.55      0.62        38
    E:min7/5       0.00      0.00      0.00         4
   E:min7/b7       0.00      0.00      0.00         6
      E:sus2       0.53      0.32      0.40        28
      E:sus4       0.50      0.31      0.38        26
  E:sus4(b7)       0.50      0.43      0.46         7
        Eb:7       0.56      0.62      0.59         8
      Eb:7/3       0.00      0.00      0.00         2
      Eb:7/5       0.00      0.00      0.00         1
     Eb:7/b7       0.00      0.00      0.00         3
      Eb:dim       1.00      0.50      0.67         2
    Eb:hdim7       0.00      0.00      0.00         1
      Eb:maj       0.84      0.95      0.89       453
    Eb:maj/3       0.73      0.52      0.60        31
    Eb:maj/5       0.67      0.16      0.26        25
     Eb:maj6       1.00      0.40      0.57         5
     Eb:maj7       0.62      0.45      0.53        11
   Eb:maj7/3       0.00      0.00      0.00         2
   Eb:maj7/5       0.00      0.00      0.00         1
   Eb:maj7/7       0.67      0.20      0.31        10
      Eb:min       0.81      0.94      0.87       218
    Eb:min/5       0.00      0.00      0.00         5
   Eb:min/b3       0.29      0.12      0.17        17
     Eb:min6       1.00      0.33      0.50         3
     Eb:min7       0.80      0.71      0.75        34
   Eb:min7/5       1.00      0.50      0.67         2
  Eb:min7/b7       0.00      0.00      0.00         7
     Eb:sus2       0.46      0.46      0.46        37
     Eb:sus4       0.50      0.37      0.43        27
 Eb:sus4(b7)       0.57      0.36      0.44        11
        F#:7       1.00      0.25      0.40         4
      F#:7/5       0.00      0.00      0.00         2
     F#:7/b7       0.00      0.00      0.00         4
      F#:aug       1.00      1.00      1.00         1
      F#:dim       0.60      0.60      0.60         5
    F#:hdim7       0.00      0.00      0.00         1
      F#:maj       0.84      0.95      0.89       404
    F#:maj/3       0.72      0.46      0.57        28
    F#:maj/5       1.00      0.12      0.22         8
     F#:maj6       0.00      0.00      0.00         5
     F#:maj7       0.30      0.33      0.32         9
   F#:maj7/3       0.00      0.00      0.00         1
   F#:maj7/5       1.00      0.75      0.86         4
   F#:maj7/7       0.00      0.00      0.00         6
      F#:min       0.90      0.98      0.94       287
    F#:min/5       0.67      0.25      0.36         8
   F#:min/b3       0.67      0.38      0.48        16
     F#:min7       0.67      0.56      0.61        18
  F#:min7/b7       0.00      0.00      0.00         3
     F#:sus2       0.60      0.21      0.31        43
     F#:sus4       0.23      0.21      0.22        14
 F#:sus4(b7)       0.67      0.50      0.57         8
         F:7       0.67      0.25      0.36         8
       F:7/3       1.00      0.50      0.67         2
       F:7/5       0.00      0.00      0.00         1
      F:7/b7       0.00      0.00      0.00         4
       F:dim       1.00      0.60      0.75         5
      F:dim7       0.00      0.00      0.00         1
     F:hdim7       0.00      0.00      0.00         2
       F:maj       0.83      0.93      0.88       528
     F:maj/3       0.55      0.38      0.44        16
     F:maj/5       0.80      0.29      0.42        14
      F:maj6       0.00      0.00      0.00        10
      F:maj7       0.57      0.20      0.30        20
    F:maj7/3       0.00      0.00      0.00         2
    F:maj7/5       0.00      0.00      0.00         3
    F:maj7/7       0.50      0.25      0.33         4
       F:min       0.79      0.95      0.86       277
     F:min/5       0.00      0.00      0.00         8
    F:min/b3       0.25      0.25      0.25         8
      F:min7       0.77      0.62      0.69        32
   F:min7/b7       0.00      0.00      0.00         7
      F:sus2       0.47      0.32      0.38        44
      F:sus4       0.44      0.22      0.30        18
  F:sus4(b7)       1.00      0.29      0.44        14
         G:7       0.50      0.25      0.33         4
       G:7/5       0.00      0.00      0.00         1
      G:7/b7       1.00      0.17      0.29         6
       G:dim       0.50      0.33      0.40         3
     G:hdim7       0.00      0.00      0.00         3
       G:maj       0.84      0.95      0.89       547
     G:maj/3       0.67      0.67      0.67        30
     G:maj/5       1.00      0.17      0.29        12
      G:maj6       0.00      0.00      0.00         4
      G:maj7       0.67      0.17      0.27        12
    G:maj7/3       0.00      0.00      0.00         1
    G:maj7/5       0.00      0.00      0.00         3
    G:maj7/7       0.75      0.43      0.55         7
       G:min       0.82      0.97      0.89       314
     G:min/5       0.00      0.00      0.00         3
    G:min/b3       1.00      0.22      0.36        18
      G:min7       0.58      0.46      0.51        24
    G:min7/5       0.00      0.00      0.00         1
   G:min7/b7       0.67      0.18      0.29        11
      G:sus2       0.48      0.29      0.36        48
      G:sus4       0.67      0.32      0.43        38
  G:sus4(b7)       0.46      0.40      0.43        15
           N       0.60      0.62      0.61       264

   micro avg       0.79      0.79      0.79     12292
   macro avg       0.47      0.31      0.34     12292
weighted avg       0.76      0.79      0.76     12292

Confusion Matrix:
[[  1   0   0 ...   0   0   0]
 [  0   1   0 ...   0   0   0]
 [  0   0   1 ...   0   0   0]
 ...
 [  0   0   0 ...  12   0   0]
 [  0   0   0 ...   0   6   0]
 [  0   0   0 ...   0   0 163]]
