/home/yaxin/My_Files/ml_final/Chord-Classification/Models/Logistic/logistic.py:72: UserWarning: Some classes occur only once — using random split.
  warnings.warn("Some classes occur only once — using random split.")
✅ Device: cuda:0
✅ Hyperparameters: lr=0.0005, batch_size=32, epochs=30
✅ Total usable samples: 122912
✅ Feature matrix shape: (122912, 128)
✅ Number of classes: 320
Epoch 01/30 | Loss: 7420.6492
Epoch 02/30 | Loss: 4186.9346
Epoch 03/30 | Loss: 3596.3038
Epoch 04/30 | Loss: 3283.8838
Epoch 05/30 | Loss: 3080.9357
Epoch 06/30 | Loss: 2935.0620
Epoch 07/30 | Loss: 2824.5229
Epoch 08/30 | Loss: 2734.3059
Epoch 09/30 | Loss: 2664.0161
Epoch 10/30 | Loss: 2599.9451
Epoch 11/30 | Loss: 2546.2153
Epoch 12/30 | Loss: 2502.9439
Epoch 13/30 | Loss: 2460.9825
Epoch 14/30 | Loss: 2425.1178
Epoch 15/30 | Loss: 2394.0270
Epoch 16/30 | Loss: 2364.4665
Epoch 17/30 | Loss: 2338.3991
Epoch 18/30 | Loss: 2314.2264
Epoch 19/30 | Loss: 2291.7027
Epoch 20/30 | Loss: 2270.5036
Epoch 21/30 | Loss: 2252.9659
Epoch 22/30 | Loss: 2235.4159
Epoch 23/30 | Loss: 2220.2982
Epoch 24/30 | Loss: 2203.3600
Epoch 25/30 | Loss: 2190.5906
Epoch 26/30 | Loss: 2176.8928
Epoch 27/30 | Loss: 2163.4578
Epoch 28/30 | Loss: 2152.5974
Epoch 29/30 | Loss: 2140.5272
Epoch 30/30 | Loss: 2129.6761

✅ Final Accuracy: 0.818 | Macro F1-score: 0.471

Classification Report:
              precision    recall  f1-score   support

         A:7       1.00      0.30      0.46        10
       A:7/3       1.00      0.25      0.40         4
       A:7/5       1.00      0.67      0.80         3
      A:7/b7       1.00      0.60      0.75         5
       A:aug       0.00      0.00      0.00         1
       A:dim       1.00      0.50      0.67         4
     A:hdim7       1.00      1.00      1.00         1
       A:maj       0.86      0.95      0.91       493
     A:maj/3       0.71      0.79      0.75        19
     A:maj/5       1.00      0.14      0.25         7
      A:maj6       0.50      0.25      0.33         4
      A:maj7       0.89      0.44      0.59        18
    A:maj7/3       1.00      1.00      1.00         1
    A:maj7/5       0.00      0.00      0.00         1
    A:maj7/7       0.50      0.75      0.60         4
       A:min       0.88      0.96      0.92       397
     A:min/5       0.83      0.73      0.78        26
    A:min/b3       1.00      0.38      0.55         8
      A:min7       0.66      0.56      0.60        34
   A:min7/b7       0.86      0.29      0.43        21
      A:sus2       0.53      0.36      0.43        47
      A:sus4       0.46      0.46      0.46        13
  A:sus4(b7)       0.00      0.00      0.00         6
        Ab:7       0.50      0.25      0.33         4
      Ab:7/3       0.00      0.00      0.00         1
      Ab:7/5       0.50      0.50      0.50         2
     Ab:7/b7       1.00      0.25      0.40         4
      Ab:dim       1.00      0.80      0.89         5
     Ab:dim7       1.00      0.33      0.50         3
    Ab:hdim7       1.00      1.00      1.00         1
      Ab:maj       0.87      0.92      0.90       450
    Ab:maj/3       1.00      0.59      0.74        17
    Ab:maj/5       0.40      0.33      0.36         6
     Ab:maj6       0.60      0.33      0.43         9
     Ab:maj7       0.75      0.38      0.50        16
   Ab:maj7/5       1.00      1.00      1.00         1
   Ab:maj7/7       0.67      0.18      0.29        11
      Ab:min       0.84      0.94      0.89       259
    Ab:min/5       0.50      0.50      0.50         6
   Ab:min/b3       0.14      0.08      0.11        12
     Ab:min6       0.00      0.00      0.00         1
     Ab:min7       0.72      0.69      0.71        26
   Ab:min7/5       0.00      0.00      0.00         2
  Ab:min7/b7       0.44      0.31      0.36        13
  Ab:minmaj7       0.00      0.00      0.00         1
     Ab:sus2       0.55      0.50      0.53        42
     Ab:sus4       0.67      0.43      0.52        28
 Ab:sus4(b7)       0.38      0.56      0.45         9
         B:7       1.00      0.25      0.40         4
       B:7/5       0.00      0.00      0.00         2
      B:7/b7       1.00      0.25      0.40         4
       B:dim       0.89      0.73      0.80        11
     B:hdim7       0.50      1.00      0.67         2
       B:maj       0.84      0.94      0.89       351
     B:maj/3       0.75      0.92      0.83        13
     B:maj/5       0.60      0.26      0.36        23
      B:maj6       0.50      0.25      0.33         4
      B:maj7       0.83      0.45      0.59        11
    B:maj7/5       1.00      0.50      0.67         2
    B:maj7/7       0.64      0.35      0.45        20
       B:min       0.88      0.96      0.92       298
     B:min/5       0.40      0.25      0.31         8
    B:min/b3       0.00      0.00      0.00         1
      B:min7       0.91      0.68      0.78        62
    B:min7/5       0.00      0.00      0.00         1
   B:min7/b7       1.00      0.14      0.25        14
      B:sus2       0.70      0.51      0.59        45
      B:sus4       1.00      0.45      0.62        20
  B:sus4(b7)       0.40      0.33      0.36         6
        Bb:7       0.33      0.17      0.22         6
     Bb:7/b7       0.67      0.67      0.67         3
      Bb:dim       1.00      1.00      1.00         3
    Bb:hdim7       1.00      1.00      1.00         2
      Bb:maj       0.86      0.95      0.90       457
    Bb:maj/3       0.71      0.31      0.43        16
    Bb:maj/5       0.75      0.30      0.43        20
     Bb:maj6       0.71      0.45      0.56        11
     Bb:maj7       0.86      0.40      0.55        15
   Bb:maj7/3       0.00      0.00      0.00         2
   Bb:maj7/5       0.67      0.67      0.67         3
   Bb:maj7/7       0.00      0.00      0.00         5
      Bb:min       0.87      0.97      0.91       298
    Bb:min/5       0.50      0.25      0.33         4
   Bb:min/b3       0.50      1.00      0.67         1
     Bb:min7       0.59      0.52      0.56        42
  Bb:min7/b7       0.00      0.00      0.00         8
     Bb:sus2       0.64      0.58      0.61        43
     Bb:sus4       0.60      0.43      0.50        28
 Bb:sus4(b7)       0.80      0.31      0.44        13
        C#:7       0.60      0.60      0.60         5
      C#:7/3       0.00      0.00      0.00         1
      C#:7/5       1.00      0.17      0.29         6
     C#:7/b7       1.00      0.80      0.89         5
      C#:aug       0.50      0.50      0.50         2
      C#:dim       0.67      0.67      0.67         3
     C#:dim7       1.00      0.75      0.86         4
    C#:hdim7       0.00      0.00      0.00         2
      C#:maj       0.85      0.90      0.88       404
    C#:maj/3       0.50      0.61      0.55        18
    C#:maj/5       0.29      0.07      0.12        27
     C#:maj6       1.00      0.25      0.40         4
     C#:maj7       0.75      0.38      0.50         8
   C#:maj7/3       1.00      0.50      0.67         4
   C#:maj7/5       0.00      0.00      0.00         2
   C#:maj7/7       0.60      0.33      0.43         9
      C#:min       0.85      0.96      0.90       283
    C#:min/5       0.67      0.33      0.44        12
   C#:min/b3       0.00      0.00      0.00         6
     C#:min7       0.86      0.52      0.65        23
  C#:min7/b7       0.40      0.33      0.36         6
     C#:sus2       0.59      0.54      0.56        56
     C#:sus4       0.43      0.33      0.38        27
 C#:sus4(b7)       0.50      0.22      0.31         9
         C:7       1.00      0.33      0.50         3
       C:7/5       1.00      0.33      0.50         3
      C:7/b7       0.00      0.00      0.00         1
       C:aug       0.50      0.25      0.33         4
       C:dim       0.83      0.83      0.83         6
       C:maj       0.85      0.95      0.90       524
     C:maj/3       0.76      0.52      0.62        31
     C:maj/5       0.58      0.47      0.52        53
      C:maj6       0.67      0.33      0.44         6
      C:maj7       0.57      0.22      0.32        18
    C:maj7/3       0.50      0.25      0.33         4
    C:maj7/5       0.00      0.00      0.00         1
    C:maj7/7       0.60      0.75      0.67         8
       C:min       0.89      0.91      0.90       274
     C:min/5       0.73      0.57      0.64        14
    C:min/b3       0.10      0.05      0.06        22
      C:min7       0.68      0.61      0.64        28
    C:min7/5       1.00      0.25      0.40         4
   C:min7/b7       0.30      0.50      0.38         6
      C:sus2       0.60      0.57      0.59        84
      C:sus4       0.62      0.35      0.44        23
  C:sus4(b7)       0.43      0.38      0.40         8
         D:7       0.67      0.20      0.31        20
       D:7/3       0.00      0.00      0.00         1
       D:7/5       1.00      0.17      0.29         6
      D:7/b7       0.60      0.43      0.50         7
       D:aug       1.00      0.75      0.86         4
       D:dim       1.00      0.75      0.86         4
       D:maj       0.83      0.95      0.88       463
     D:maj/3       0.47      0.32      0.38        28
     D:maj/5       0.27      0.13      0.18        23
      D:maj6       0.00      0.00      0.00         4
      D:maj7       0.40      0.33      0.36         6
    D:maj7/5       0.00      0.00      0.00         1
    D:maj7/7       0.60      0.50      0.55         6
       D:min       0.84      0.94      0.89       313
     D:min/5       0.87      0.65      0.74        31
    D:min/b3       0.75      0.21      0.33        14
      D:min6       0.00      0.00      0.00         1
      D:min7       1.00      0.46      0.63        35
    D:min7/5       0.00      0.00      0.00         2
   D:min7/b7       0.57      0.33      0.42        12
      D:sus2       0.70      0.51      0.59        59
      D:sus4       0.47      0.32      0.38        25
  D:sus4(b7)       0.62      0.42      0.50        12
         E:7       0.62      0.71      0.67         7
       E:7/3       0.00      0.00      0.00         1
       E:7/5       1.00      1.00      1.00         1
      E:7/b7       0.00      0.00      0.00         1
       E:aug       0.00      0.00      0.00         1
       E:dim       1.00      0.67      0.80         6
     E:hdim7       1.00      0.33      0.50         3
       E:maj       0.89      0.93      0.91       460
     E:maj/3       0.73      0.73      0.73        26
     E:maj/5       0.50      0.27      0.35        15
      E:maj6       0.50      0.25      0.33         4
      E:maj7       0.50      0.25      0.33        12
    E:maj7/3       0.00      0.00      0.00         2
    E:maj7/5       1.00      1.00      1.00         1
    E:maj7/7       1.00      0.20      0.33         5
       E:min       0.89      0.95      0.92       348
     E:min/5       0.80      0.40      0.53        10
    E:min/b3       0.57      0.38      0.46        21
      E:min6       1.00      1.00      1.00         1
      E:min7       0.66      0.71      0.68        38
    E:min7/5       1.00      0.25      0.40         4
   E:min7/b7       0.50      0.17      0.25         6
      E:sus2       0.50      0.46      0.48        28
      E:sus4       0.67      0.38      0.49        26
  E:sus4(b7)       0.80      0.57      0.67         7
        Eb:7       0.64      0.88      0.74         8
      Eb:7/3       1.00      1.00      1.00         2
      Eb:7/5       0.00      0.00      0.00         1
     Eb:7/b7       0.00      0.00      0.00         3
      Eb:dim       1.00      0.50      0.67         2
    Eb:hdim7       0.00      0.00      0.00         1
      Eb:maj       0.88      0.94      0.91       453
    Eb:maj/3       0.68      0.68      0.68        31
    Eb:maj/5       0.79      0.44      0.56        25
     Eb:maj6       0.40      0.40      0.40         5
     Eb:maj7       0.55      0.55      0.55        11
   Eb:maj7/3       0.00      0.00      0.00         2
   Eb:maj7/5       1.00      1.00      1.00         1
   Eb:maj7/7       0.50      0.20      0.29        10
      Eb:min       0.86      0.94      0.90       218
    Eb:min/5       0.50      0.20      0.29         5
   Eb:min/b3       0.36      0.29      0.32        17
     Eb:min6       1.00      0.33      0.50         3
     Eb:min7       0.84      0.79      0.82        34
   Eb:min7/5       1.00      0.50      0.67         2
  Eb:min7/b7       0.00      0.00      0.00         7
     Eb:sus2       0.50      0.49      0.49        37
     Eb:sus4       0.48      0.52      0.50        27
 Eb:sus4(b7)       0.67      0.36      0.47        11
        F#:7       1.00      0.75      0.86         4
      F#:7/5       1.00      0.50      0.67         2
     F#:7/b7       0.00      0.00      0.00         4
      F#:aug       1.00      1.00      1.00         1
      F#:dim       0.67      0.80      0.73         5
    F#:hdim7       0.00      0.00      0.00         1
      F#:maj       0.85      0.93      0.89       404
    F#:maj/3       0.77      0.61      0.68        28
    F#:maj/5       1.00      0.12      0.22         8
     F#:maj6       0.00      0.00      0.00         5
     F#:maj7       0.27      0.44      0.33         9
   F#:maj7/3       0.00      0.00      0.00         1
   F#:maj7/5       1.00      0.75      0.86         4
   F#:maj7/7       0.25      0.17      0.20         6
      F#:min       0.92      0.98      0.95       287
    F#:min/5       0.75      0.38      0.50         8
   F#:min/b3       0.71      0.62      0.67        16
     F#:min7       0.73      0.61      0.67        18
  F#:min7/b7       0.00      0.00      0.00         3
     F#:sus2       0.68      0.30      0.42        43
     F#:sus4       0.28      0.36      0.31        14
 F#:sus4(b7)       0.56      0.62      0.59         8
         F:7       0.60      0.38      0.46         8
       F:7/3       1.00      0.50      0.67         2
       F:7/5       0.00      0.00      0.00         1
      F:7/b7       0.00      0.00      0.00         4
       F:dim       1.00      0.60      0.75         5
      F:dim7       0.00      0.00      0.00         1
     F:hdim7       0.00      0.00      0.00         2
       F:maj       0.85      0.93      0.89       528
     F:maj/3       0.77      0.62      0.69        16
     F:maj/5       0.80      0.29      0.42        14
      F:maj6       0.00      0.00      0.00        10
      F:maj7       0.46      0.30      0.36        20
    F:maj7/3       0.00      0.00      0.00         2
    F:maj7/5       0.00      0.00      0.00         3
    F:maj7/7       1.00      0.25      0.40         4
       F:min       0.83      0.95      0.89       277
     F:min/5       0.67      0.25      0.36         8
    F:min/b3       0.38      0.38      0.38         8
      F:min7       0.85      0.72      0.78        32
   F:min7/b7       0.25      0.14      0.18         7
      F:sus2       0.48      0.34      0.40        44
      F:sus4       0.62      0.28      0.38        18
  F:sus4(b7)       0.75      0.64      0.69        14
         G:7       0.67      0.50      0.57         4
       G:7/5       0.00      0.00      0.00         1
      G:7/b7       1.00      0.33      0.50         6
       G:dim       0.50      0.33      0.40         3
     G:hdim7       0.00      0.00      0.00         3
       G:maj       0.87      0.95      0.91       547
     G:maj/3       0.78      0.70      0.74        30
     G:maj/5       0.50      0.42      0.45        12
      G:maj6       0.00      0.00      0.00         4
      G:maj7       0.40      0.17      0.24        12
    G:maj7/3       1.00      1.00      1.00         1
    G:maj7/5       0.00      0.00      0.00         3
    G:maj7/7       0.75      0.43      0.55         7
       G:min       0.87      0.97      0.92       314
     G:min/5       0.50      0.67      0.57         3
    G:min/b3       0.69      0.50      0.58        18
      G:min7       0.62      0.67      0.64        24
    G:min7/5       0.00      0.00      0.00         1
   G:min7/b7       0.44      0.36      0.40        11
      G:sus2       0.42      0.38      0.40        48
      G:sus4       0.77      0.45      0.57        38
  G:sus4(b7)       0.58      0.47      0.52        15
           N       0.59      0.62      0.60       264

   micro avg       0.82      0.82      0.82     12292
   macro avg       0.59      0.43      0.47     12292
weighted avg       0.80      0.82      0.80     12292

Confusion Matrix:
[[  3   0   0 ...   0   0   0]
 [  0   1   0 ...   0   0   0]
 [  0   0   2 ...   0   0   0]
 ...
 [  0   0   0 ...  17   0   0]
 [  0   0   0 ...   0   7   0]
 [  0   0   0 ...   0   0 164]]
