/home/yaxin/My_Files/ml_final/Chord-Classification/Models/Logistic/logistic.py:72: UserWarning: Some classes occur only once — using random split.
  warnings.warn("Some classes occur only once — using random split.")
✅ Device: cuda:0
✅ Hyperparameters: lr=0.0005, batch_size=32, epochs=20
✅ Total usable samples: 122912
✅ Feature matrix shape: (122912, 128)
✅ Number of classes: 320
Epoch 01/20 | Loss: 7473.8692
Epoch 02/20 | Loss: 4191.2551
Epoch 03/20 | Loss: 3597.9494
Epoch 04/20 | Loss: 3285.0123
Epoch 05/20 | Loss: 3082.6573
Epoch 06/20 | Loss: 2935.6282
Epoch 07/20 | Loss: 2824.7692
Epoch 08/20 | Loss: 2735.1272
Epoch 09/20 | Loss: 2661.8447
Epoch 10/20 | Loss: 2600.2577
Epoch 11/20 | Loss: 2547.6839
Epoch 12/20 | Loss: 2502.3930
Epoch 13/20 | Loss: 2459.9329
Epoch 14/20 | Loss: 2425.6862
Epoch 15/20 | Loss: 2392.9055
Epoch 16/20 | Loss: 2366.4161
Epoch 17/20 | Loss: 2338.2211
Epoch 18/20 | Loss: 2314.1347
Epoch 19/20 | Loss: 2290.7040
Epoch 20/20 | Loss: 2270.9811

✅ Final Accuracy: 0.812 | Macro F1-score: 0.439

Classification Report:
              precision    recall  f1-score   support

         A:7       0.50      0.10      0.17        10
       A:7/3       1.00      0.25      0.40         4
       A:7/5       1.00      0.67      0.80         3
      A:7/b7       0.00      0.00      0.00         5
       A:aug       0.00      0.00      0.00         1
       A:dim       1.00      0.50      0.67         4
     A:hdim7       1.00      1.00      1.00         1
       A:maj       0.86      0.95      0.90       493
     A:maj/3       0.71      0.79      0.75        19
     A:maj/5       1.00      0.14      0.25         7
      A:maj6       1.00      0.25      0.40         4
      A:maj7       0.83      0.56      0.67        18
    A:maj7/3       1.00      1.00      1.00         1
    A:maj7/5       0.00      0.00      0.00         1
    A:maj7/7       0.40      0.50      0.44         4
       A:min       0.87      0.96      0.91       397
     A:min/5       0.86      0.73      0.79        26
    A:min/b3       1.00      0.38      0.55         8
      A:min7       0.72      0.62      0.67        34
   A:min7/b7       0.71      0.24      0.36        21
      A:sus2       0.50      0.36      0.42        47
      A:sus4       0.38      0.38      0.38        13
  A:sus4(b7)       0.00      0.00      0.00         6
        Ab:7       0.33      0.25      0.29         4
      Ab:7/3       0.00      0.00      0.00         1
      Ab:7/5       1.00      0.50      0.67         2
     Ab:7/b7       1.00      0.25      0.40         4
      Ab:dim       1.00      0.80      0.89         5
     Ab:dim7       1.00      0.33      0.50         3
    Ab:hdim7       1.00      1.00      1.00         1
      Ab:maj       0.85      0.94      0.89       450
    Ab:maj/3       1.00      0.59      0.74        17
    Ab:maj/5       0.33      0.17      0.22         6
     Ab:maj6       0.40      0.22      0.29         9
     Ab:maj7       0.78      0.44      0.56        16
   Ab:maj7/5       1.00      1.00      1.00         1
   Ab:maj7/7       0.50      0.09      0.15        11
      Ab:min       0.81      0.94      0.87       259
    Ab:min/5       0.50      0.17      0.25         6
   Ab:min/b3       0.14      0.08      0.11        12
     Ab:min6       0.00      0.00      0.00         1
     Ab:min7       0.69      0.69      0.69        26
   Ab:min7/5       0.00      0.00      0.00         2
  Ab:min7/b7       0.44      0.31      0.36        13
  Ab:minmaj7       0.00      0.00      0.00         1
     Ab:sus2       0.58      0.45      0.51        42
     Ab:sus4       0.58      0.39      0.47        28
 Ab:sus4(b7)       0.38      0.33      0.35         9
         B:7       1.00      0.25      0.40         4
       B:7/5       0.00      0.00      0.00         2
      B:7/b7       1.00      0.25      0.40         4
       B:dim       0.90      0.82      0.86        11
     B:hdim7       0.50      1.00      0.67         2
       B:maj       0.81      0.94      0.87       351
     B:maj/3       0.71      0.92      0.80        13
     B:maj/5       0.50      0.13      0.21        23
      B:maj6       0.00      0.00      0.00         4
      B:maj7       0.80      0.36      0.50        11
    B:maj7/5       1.00      0.50      0.67         2
    B:maj7/7       0.64      0.35      0.45        20
       B:min       0.88      0.94      0.91       298
     B:min/5       0.75      0.38      0.50         8
    B:min/b3       0.00      0.00      0.00         1
      B:min7       0.86      0.69      0.77        62
    B:min7/5       0.00      0.00      0.00         1
   B:min7/b7       0.67      0.14      0.24        14
      B:sus2       0.81      0.56      0.66        45
      B:sus4       0.80      0.40      0.53        20
  B:sus4(b7)       0.00      0.00      0.00         6
        Bb:7       0.33      0.17      0.22         6
     Bb:7/b7       0.67      0.67      0.67         3
      Bb:dim       1.00      1.00      1.00         3
    Bb:hdim7       1.00      1.00      1.00         2
      Bb:maj       0.84      0.95      0.90       457
    Bb:maj/3       0.70      0.44      0.54        16
    Bb:maj/5       0.83      0.25      0.38        20
     Bb:maj6       0.60      0.27      0.38        11
     Bb:maj7       0.83      0.33      0.48        15
   Bb:maj7/3       0.00      0.00      0.00         2
   Bb:maj7/5       1.00      0.33      0.50         3
   Bb:maj7/7       0.00      0.00      0.00         5
      Bb:min       0.84      0.96      0.90       298
    Bb:min/5       0.50      0.25      0.33         4
   Bb:min/b3       0.50      1.00      0.67         1
     Bb:min7       0.59      0.52      0.56        42
  Bb:min7/b7       0.00      0.00      0.00         8
     Bb:sus2       0.57      0.47      0.51        43
     Bb:sus4       0.72      0.46      0.57        28
 Bb:sus4(b7)       0.80      0.31      0.44        13
        C#:7       0.50      0.40      0.44         5
      C#:7/3       0.00      0.00      0.00         1
      C#:7/5       1.00      0.17      0.29         6
     C#:7/b7       1.00      0.80      0.89         5
      C#:aug       1.00      0.50      0.67         2
      C#:dim       0.67      0.67      0.67         3
     C#:dim7       1.00      0.75      0.86         4
    C#:hdim7       0.00      0.00      0.00         2
      C#:maj       0.84      0.91      0.87       404
    C#:maj/3       0.55      0.61      0.58        18
    C#:maj/5       0.43      0.11      0.18        27
     C#:maj6       1.00      0.25      0.40         4
     C#:maj7       0.67      0.25      0.36         8
   C#:maj7/3       0.67      0.50      0.57         4
   C#:maj7/5       0.00      0.00      0.00         2
   C#:maj7/7       0.40      0.22      0.29         9
      C#:min       0.86      0.95      0.91       283
    C#:min/5       0.33      0.08      0.13        12
   C#:min/b3       0.00      0.00      0.00         6
     C#:min7       0.68      0.57      0.62        23
  C#:min7/b7       0.40      0.33      0.36         6
     C#:sus2       0.52      0.46      0.49        56
     C#:sus4       0.28      0.26      0.27        27
 C#:sus4(b7)       0.50      0.22      0.31         9
         C:7       1.00      0.33      0.50         3
       C:7/5       1.00      0.33      0.50         3
      C:7/b7       0.00      0.00      0.00         1
       C:aug       0.50      0.25      0.33         4
       C:dim       1.00      0.83      0.91         6
       C:maj       0.84      0.94      0.89       524
     C:maj/3       0.67      0.52      0.58        31
     C:maj/5       0.64      0.40      0.49        53
      C:maj6       0.50      0.17      0.25         6
      C:maj7       0.43      0.17      0.24        18
    C:maj7/3       0.50      0.25      0.33         4
    C:maj7/5       0.00      0.00      0.00         1
    C:maj7/7       0.50      0.50      0.50         8
       C:min       0.89      0.92      0.90       274
     C:min/5       0.69      0.64      0.67        14
    C:min/b3       0.08      0.05      0.06        22
      C:min7       0.67      0.57      0.62        28
    C:min7/5       1.00      0.25      0.40         4
   C:min7/b7       0.40      0.33      0.36         6
      C:sus2       0.59      0.56      0.58        84
      C:sus4       0.60      0.39      0.47        23
  C:sus4(b7)       0.43      0.38      0.40         8
         D:7       0.71      0.25      0.37        20
       D:7/3       0.00      0.00      0.00         1
       D:7/5       0.50      0.17      0.25         6
      D:7/b7       0.60      0.43      0.50         7
       D:aug       1.00      0.75      0.86         4
       D:dim       0.67      0.50      0.57         4
       D:maj       0.83      0.95      0.89       463
     D:maj/3       0.43      0.36      0.39        28
     D:maj/5       0.25      0.09      0.13        23
      D:maj6       0.00      0.00      0.00         4
      D:maj7       0.33      0.17      0.22         6
    D:maj7/5       0.00      0.00      0.00         1
    D:maj7/7       0.40      0.33      0.36         6
       D:min       0.84      0.94      0.89       313
     D:min/5       0.86      0.58      0.69        31
    D:min/b3       0.60      0.21      0.32        14
      D:min6       0.00      0.00      0.00         1
      D:min7       0.95      0.51      0.67        35
    D:min7/5       1.00      0.50      0.67         2
   D:min7/b7       0.57      0.33      0.42        12
      D:sus2       0.64      0.49      0.56        59
      D:sus4       0.44      0.44      0.44        25
  D:sus4(b7)       0.71      0.42      0.53        12
         E:7       0.71      0.71      0.71         7
       E:7/3       0.00      0.00      0.00         1
       E:7/5       0.00      0.00      0.00         1
      E:7/b7       0.00      0.00      0.00         1
       E:aug       0.00      0.00      0.00         1
       E:dim       0.67      0.67      0.67         6
     E:hdim7       1.00      0.33      0.50         3
       E:maj       0.88      0.92      0.90       460
     E:maj/3       0.54      0.54      0.54        26
     E:maj/5       0.50      0.27      0.35        15
      E:maj6       0.00      0.00      0.00         4
      E:maj7       0.57      0.33      0.42        12
    E:maj7/3       0.00      0.00      0.00         2
    E:maj7/5       1.00      1.00      1.00         1
    E:maj7/7       1.00      0.20      0.33         5
       E:min       0.87      0.95      0.91       348
     E:min/5       1.00      0.20      0.33        10
    E:min/b3       0.57      0.38      0.46        21
      E:min6       0.00      0.00      0.00         1
      E:min7       0.72      0.74      0.73        38
    E:min7/5       0.00      0.00      0.00         4
   E:min7/b7       0.00      0.00      0.00         6
      E:sus2       0.59      0.36      0.44        28
      E:sus4       0.53      0.35      0.42        26
  E:sus4(b7)       0.67      0.57      0.62         7
        Eb:7       0.64      0.88      0.74         8
      Eb:7/3       1.00      0.50      0.67         2
      Eb:7/5       0.00      0.00      0.00         1
     Eb:7/b7       0.00      0.00      0.00         3
      Eb:dim       1.00      0.50      0.67         2
    Eb:hdim7       0.00      0.00      0.00         1
      Eb:maj       0.88      0.94      0.91       453
    Eb:maj/3       0.71      0.65      0.68        31
    Eb:maj/5       0.64      0.28      0.39        25
     Eb:maj6       0.50      0.40      0.44         5
     Eb:maj7       0.67      0.55      0.60        11
   Eb:maj7/3       0.00      0.00      0.00         2
   Eb:maj7/5       1.00      1.00      1.00         1
   Eb:maj7/7       0.67      0.20      0.31        10
      Eb:min       0.88      0.94      0.91       218
    Eb:min/5       1.00      0.40      0.57         5
   Eb:min/b3       0.45      0.29      0.36        17
     Eb:min6       1.00      0.33      0.50         3
     Eb:min7       0.82      0.79      0.81        34
   Eb:min7/5       1.00      0.50      0.67         2
  Eb:min7/b7       0.33      0.14      0.20         7
     Eb:sus2       0.50      0.49      0.49        37
     Eb:sus4       0.52      0.59      0.55        27
 Eb:sus4(b7)       0.57      0.36      0.44        11
        F#:7       1.00      0.75      0.86         4
      F#:7/5       1.00      0.50      0.67         2
     F#:7/b7       0.00      0.00      0.00         4
      F#:aug       1.00      1.00      1.00         1
      F#:dim       0.50      0.80      0.62         5
    F#:hdim7       0.00      0.00      0.00         1
      F#:maj       0.85      0.94      0.89       404
    F#:maj/3       0.76      0.57      0.65        28
    F#:maj/5       1.00      0.12      0.22         8
     F#:maj6       0.00      0.00      0.00         5
     F#:maj7       0.25      0.33      0.29         9
   F#:maj7/3       0.00      0.00      0.00         1
   F#:maj7/5       1.00      0.75      0.86         4
   F#:maj7/7       0.33      0.17      0.22         6
      F#:min       0.93      0.98      0.95       287
    F#:min/5       0.80      0.50      0.62         8
   F#:min/b3       0.67      0.62      0.65        16
     F#:min7       0.61      0.61      0.61        18
  F#:min7/b7       0.00      0.00      0.00         3
     F#:sus2       0.65      0.30      0.41        43
     F#:sus4       0.25      0.21      0.23        14
 F#:sus4(b7)       0.57      0.50      0.53         8
         F:7       0.50      0.25      0.33         8
       F:7/3       1.00      0.50      0.67         2
       F:7/5       0.00      0.00      0.00         1
      F:7/b7       0.00      0.00      0.00         4
       F:dim       1.00      0.60      0.75         5
      F:dim7       0.00      0.00      0.00         1
     F:hdim7       0.00      0.00      0.00         2
       F:maj       0.84      0.92      0.88       528
     F:maj/3       0.56      0.56      0.56        16
     F:maj/5       0.50      0.29      0.36        14
      F:maj6       0.00      0.00      0.00        10
      F:maj7       0.55      0.30      0.39        20
    F:maj7/3       0.00      0.00      0.00         2
    F:maj7/5       0.00      0.00      0.00         3
    F:maj7/7       1.00      0.25      0.40         4
       F:min       0.83      0.96      0.89       277
     F:min/5       0.33      0.12      0.18         8
    F:min/b3       0.75      0.38      0.50         8
      F:min7       0.79      0.69      0.73        32
   F:min7/b7       0.33      0.14      0.20         7
      F:sus2       0.52      0.34      0.41        44
      F:sus4       0.50      0.33      0.40        18
  F:sus4(b7)       0.83      0.71      0.77        14
         G:7       1.00      0.50      0.67         4
       G:7/5       0.00      0.00      0.00         1
      G:7/b7       1.00      0.50      0.67         6
       G:dim       0.50      0.33      0.40         3
     G:hdim7       0.00      0.00      0.00         3
       G:maj       0.86      0.95      0.90       547
     G:maj/3       0.78      0.70      0.74        30
     G:maj/5       1.00      0.42      0.59        12
      G:maj6       0.50      0.50      0.50         4
      G:maj7       0.33      0.17      0.22        12
    G:maj7/3       0.00      0.00      0.00         1
    G:maj7/5       0.00      0.00      0.00         3
    G:maj7/7       0.60      0.43      0.50         7
       G:min       0.86      0.96      0.91       314
     G:min/5       0.00      0.00      0.00         3
    G:min/b3       0.80      0.44      0.57        18
      G:min7       0.57      0.54      0.55        24
    G:min7/5       0.00      0.00      0.00         1
   G:min7/b7       0.60      0.27      0.38        11
      G:sus2       0.55      0.33      0.42        48
      G:sus4       0.68      0.39      0.50        38
  G:sus4(b7)       0.64      0.47      0.54        15
           N       0.59      0.59      0.59       264

   micro avg       0.81      0.81      0.81     12292
   macro avg       0.56      0.40      0.44     12292
weighted avg       0.79      0.81      0.79     12292

Confusion Matrix:
[[  1   0   0 ...   0   0   0]
 [  0   1   0 ...   0   0   0]
 [  0   0   2 ...   0   0   0]
 ...
 [  0   0   0 ...  15   0   0]
 [  0   0   0 ...   0   7   0]
 [  0   0   0 ...   0   0 156]]
