/home/yaxin/My_Files/ml_final/Chord-Classification/Models/MLP/mlp.py:70: UserWarning: Some classes occur only once — using random split.
  warnings.warn("Some classes occur only once — using random split.")
✅ Using cuda | hidden=[512, 256] | lr=0.0001 | batch_size=32 | epochs=30
✅ Usable samples: 122912
✅ Feature shape: (122912, 128) | Classes: 320
Epoch 01/30 | Loss: 6175.4143
Epoch 02/30 | Loss: 3476.2568
Epoch 03/30 | Loss: 2934.6567
Epoch 04/30 | Loss: 2638.4727
Epoch 05/30 | Loss: 2439.6194
Epoch 06/30 | Loss: 2288.2626
Epoch 07/30 | Loss: 2166.2601
Epoch 08/30 | Loss: 2060.1474
Epoch 09/30 | Loss: 1966.6667
Epoch 10/30 | Loss: 1882.1627
Epoch 11/30 | Loss: 1803.2117
Epoch 12/30 | Loss: 1730.7124
Epoch 13/30 | Loss: 1664.5873
Epoch 14/30 | Loss: 1600.7110
Epoch 15/30 | Loss: 1540.2641
Epoch 16/30 | Loss: 1480.6686
Epoch 17/30 | Loss: 1425.9894
Epoch 18/30 | Loss: 1371.5613
Epoch 19/30 | Loss: 1319.2315
Epoch 20/30 | Loss: 1269.0970
Epoch 21/30 | Loss: 1222.1802
Epoch 22/30 | Loss: 1174.6825
Epoch 23/30 | Loss: 1128.9501
Epoch 24/30 | Loss: 1087.1550
Epoch 25/30 | Loss: 1045.6816
Epoch 26/30 | Loss: 1001.6045
Epoch 27/30 | Loss: 965.2210
Epoch 28/30 | Loss: 925.3735
Epoch 29/30 | Loss: 890.1175
Epoch 30/30 | Loss: 851.7952

✅ Accuracy: 0.857 | Macro F1-score: 0.572

Classification Report:
              precision    recall  f1-score   support

           0       0.86      0.60      0.71        10
           1       1.00      0.25      0.40         4
           2       1.00      0.67      0.80         3
           3       1.00      0.60      0.75         5
           4       0.00      0.00      0.00         1
           5       1.00      0.25      0.40         4
           7       1.00      1.00      1.00         1
           8       0.91      0.96      0.94       493
           9       0.79      0.79      0.79        19
          10       0.62      0.71      0.67         7
          11       1.00      0.50      0.67         4
          12       1.00      0.50      0.67        18
          13       1.00      1.00      1.00         1
          14       0.00      0.00      0.00         1
          15       0.50      0.50      0.50         4
          16       0.94      0.92      0.93       397
          17       0.82      0.88      0.85        26
          18       1.00      0.62      0.77         8
          20       0.74      0.68      0.71        34
          21       0.00      0.00      0.00         0
          22       0.73      0.52      0.61        21
          24       0.58      0.60      0.59        47
          25       0.38      0.62      0.47        13
          26       0.11      0.17      0.13         6
          27       0.67      0.50      0.57         4
          28       0.00      0.00      0.00         1
          29       1.00      0.50      0.67         2
          30       0.20      0.25      0.22         4
          32       0.60      0.60      0.60         5
          33       0.67      0.67      0.67         3
          34       1.00      1.00      1.00         1
          35       0.91      0.93      0.92       450
          36       0.93      0.82      0.88        17
          37       0.50      0.50      0.50         6
          38       0.62      0.56      0.59         9
          39       0.80      0.50      0.62        16
          40       0.00      0.00      0.00         0
          41       1.00      1.00      1.00         1
          42       0.78      0.64      0.70        11
          43       0.91      0.95      0.93       259
          44       0.80      0.67      0.73         6
          45       0.70      0.58      0.64        12
          46       0.00      0.00      0.00         1
          47       0.73      0.92      0.81        26
          48       1.00      1.00      1.00         2
          49       0.73      0.62      0.67        13
          50       0.00      0.00      0.00         1
          51       0.76      0.62      0.68        42
          52       0.65      0.61      0.63        28
          53       0.71      0.56      0.62         9
          54       1.00      0.50      0.67         4
          56       1.00      0.50      0.67         2
          57       1.00      0.50      0.67         4
          59       0.88      0.64      0.74        11
          60       0.33      1.00      0.50         2
          61       0.89      0.95      0.92       351
          62       0.71      0.92      0.80        13
          63       0.70      0.70      0.70        23
          64       0.67      0.50      0.57         4
          65       0.70      0.64      0.67        11
          67       1.00      0.50      0.67         2
          68       0.88      0.75      0.81        20
          69       0.93      0.92      0.93       298
          70       0.67      0.50      0.57         8
          71       0.00      0.00      0.00         1
          73       0.83      0.79      0.81        62
          74       0.00      0.00      0.00         1
          75       0.62      0.36      0.45        14
          76       0.74      0.62      0.67        45
          77       0.73      0.55      0.63        20
          78       0.00      0.00      0.00         6
          79       0.50      0.33      0.40         6
          82       0.00      0.00      0.00         3
          84       1.00      1.00      1.00         3
          85       1.00      1.00      1.00         2
          86       0.90      0.95      0.92       457
          87       0.73      0.50      0.59        16
          88       0.79      0.55      0.65        20
          89       0.56      0.45      0.50        11
          90       0.62      0.53      0.57        15
          91       0.00      0.00      0.00         2
          92       0.67      0.67      0.67         3
          93       0.62      1.00      0.77         5
          94       0.90      0.96      0.93       298
          95       1.00      0.50      0.67         4
          96       1.00      1.00      1.00         1
          98       0.83      0.60      0.69        42
         100       1.00      0.12      0.22         8
         102       0.71      0.67      0.69        43
         103       0.76      0.68      0.72        28
         104       0.78      0.54      0.64        13
         105       0.67      0.80      0.73         5
         106       0.00      0.00      0.00         1
         107       0.67      0.33      0.44         6
         108       0.67      0.80      0.73         5
         109       0.50      0.50      0.50         2
         110       0.67      0.67      0.67         3
         111       1.00      0.75      0.86         4
         112       0.00      0.00      0.00         2
         113       0.90      0.88      0.89       404
         114       0.50      0.72      0.59        18
         115       0.58      0.26      0.36        27
         116       0.50      0.50      0.50         4
         117       0.50      0.50      0.50         8
         118       1.00      0.50      0.67         4
         119       0.00      0.00      0.00         2
         120       0.60      0.33      0.43         9
         121       0.91      0.92      0.91       283
         122       0.50      0.33      0.40        12
         123       0.67      0.33      0.44         6
         125       0.62      0.65      0.64        23
         127       0.67      0.33      0.44         6
         129       0.60      0.75      0.67        56
         130       0.54      0.56      0.55        27
         131       0.36      0.56      0.43         9
         132       1.00      0.33      0.50         3
         134       1.00      0.33      0.50         3
         135       0.00      0.00      0.00         1
         136       0.50      0.25      0.33         4
         137       1.00      1.00      1.00         6
         138       0.00      0.00      0.00         0
         140       0.88      0.96      0.92       524
         141       0.73      0.52      0.60        31
         142       0.74      0.55      0.63        53
         143       0.43      0.50      0.46         6
         144       0.71      0.28      0.40        18
         145       1.00      0.25      0.40         4
         146       0.00      0.00      0.00         1
         147       0.67      1.00      0.80         8
         148       0.91      0.95      0.93       274
         149       0.90      0.64      0.75        14
         150       0.32      0.32      0.32        22
         152       0.65      0.71      0.68        28
         153       1.00      0.25      0.40         4
         154       0.60      0.50      0.55         6
         156       0.71      0.60      0.65        84
         157       0.80      0.70      0.74        23
         158       0.57      0.50      0.53         8
         159       1.00      0.55      0.71        20
         160       0.00      0.00      0.00         1
         161       1.00      0.67      0.80         6
         162       0.57      0.57      0.57         7
         163       1.00      1.00      1.00         4
         164       1.00      1.00      1.00         4
         165       0.00      0.00      0.00         0
         167       0.87      0.95      0.91       463
         168       0.72      0.64      0.68        28
         169       0.47      0.30      0.37        23
         170       0.00      0.00      0.00         4
         171       0.33      0.17      0.22         6
         172       0.00      0.00      0.00         0
         173       0.00      0.00      0.00         1
         174       0.80      0.67      0.73         6
         175       0.90      0.97      0.93       313
         176       0.80      0.77      0.79        31
         177       0.46      0.43      0.44        14
         178       0.50      1.00      0.67         1
         179       0.96      0.63      0.76        35
         180       1.00      0.50      0.67         2
         181       0.50      0.33      0.40        12
         182       0.76      0.49      0.60        59
         183       0.63      0.48      0.55        25
         184       0.62      0.67      0.64        12
         185       0.71      0.71      0.71         7
         186       0.00      0.00      0.00         1
         187       1.00      1.00      1.00         1
         188       0.00      0.00      0.00         1
         189       1.00      1.00      1.00         1
         190       1.00      0.83      0.91         6
         191       0.00      0.00      0.00         0
         192       1.00      0.33      0.50         3
         193       0.91      0.94      0.93       460
         194       0.73      0.73      0.73        26
         195       0.50      0.40      0.44        15
         196       0.00      0.00      0.00         4
         197       0.80      0.67      0.73        12
         198       0.50      0.50      0.50         2
         199       0.50      1.00      0.67         1
         200       0.67      0.80      0.73         5
         201       0.91      0.95      0.93       348
         202       0.75      0.30      0.43        10
         203       0.48      0.67      0.56        21
         204       1.00      1.00      1.00         1
         205       0.71      0.76      0.73        38
         206       1.00      1.00      1.00         4
         207       0.33      0.17      0.22         6
         209       0.65      0.71      0.68        28
         210       0.88      0.58      0.70        26
         211       0.57      0.57      0.57         7
         212       0.89      1.00      0.94         8
         213       1.00      1.00      1.00         2
         214       0.00      0.00      0.00         1
         215       1.00      0.33      0.50         3
         216       0.00      0.00      0.00         0
         217       0.67      1.00      0.80         2
         219       0.00      0.00      0.00         1
         220       0.93      0.95      0.94       453
         221       0.75      0.77      0.76        31
         222       0.63      0.68      0.65        25
         223       0.00      0.00      0.00         5
         224       0.50      0.36      0.42        11
         225       0.25      0.50      0.33         2
         226       1.00      1.00      1.00         1
         227       0.73      0.80      0.76        10
         228       0.91      0.94      0.93       218
         229       0.67      0.40      0.50         5
         230       0.56      0.59      0.57        17
         231       1.00      0.33      0.50         3
         232       0.88      0.85      0.87        34
         233       0.00      0.00      0.00         2
         234       0.57      0.57      0.57         7
         236       0.55      0.65      0.59        37
         237       0.61      0.74      0.67        27
         238       0.89      0.73      0.80        11
         239       0.67      0.50      0.57         4
         241       1.00      0.50      0.67         2
         242       1.00      0.25      0.40         4
         243       1.00      1.00      1.00         1
         244       1.00      1.00      1.00         5
         246       0.50      1.00      0.67         1
         247       0.93      0.93      0.93       404
         248       0.84      0.75      0.79        28
         249       0.55      0.75      0.63         8
         250       0.14      0.20      0.17         5
         251       0.62      0.56      0.59         9
         252       0.50      1.00      0.67         1
         253       1.00      1.00      1.00         4
         254       0.57      0.67      0.62         6
         255       0.95      0.98      0.97       287
         256       0.67      0.75      0.71         8
         257       1.00      0.81      0.90        16
         259       0.64      0.78      0.70        18
         261       0.00      0.00      0.00         3
         263       0.70      0.53      0.61        43
         264       0.33      0.50      0.40        14
         265       0.62      0.62      0.62         8
         266       0.60      0.75      0.67         8
         267       1.00      0.50      0.67         2
         268       0.00      0.00      0.00         1
         269       0.00      0.00      0.00         4
         270       0.00      0.00      0.00         0
         271       0.60      0.60      0.60         5
         272       0.00      0.00      0.00         1
         273       1.00      0.50      0.67         2
         274       0.91      0.93      0.92       528
         275       0.50      0.69      0.58        16
         276       0.67      0.71      0.69        14
         277       0.00      0.00      0.00        10
         278       0.56      0.45      0.50        20
         279       0.00      0.00      0.00         2
         280       0.00      0.00      0.00         3
         281       0.50      0.25      0.33         4
         282       0.91      0.93      0.92       277
         283       0.38      0.75      0.50         8
         284       0.29      0.50      0.36         8
         286       0.81      0.78      0.79        32
         288       0.20      0.14      0.17         7
         290       0.56      0.61      0.59        44
         291       1.00      0.33      0.50        18
         292       0.69      0.64      0.67        14
         293       0.67      0.50      0.57         4
         295       0.00      0.00      0.00         1
         296       1.00      0.83      0.91         6
         298       1.00      0.67      0.80         3
         300       1.00      0.33      0.50         3
         301       0.90      0.95      0.93       547
         302       0.77      0.77      0.77        30
         303       0.62      0.42      0.50        12
         304       0.60      0.75      0.67         4
         305       0.86      0.50      0.63        12
         306       1.00      1.00      1.00         1
         307       1.00      0.33      0.50         3
         308       0.80      0.57      0.67         7
         309       0.94      0.96      0.95       314
         310       0.43      1.00      0.60         3
         311       1.00      0.39      0.56        18
         312       0.76      0.67      0.71        24
         313       0.00      0.00      0.00         1
         314       0.57      0.36      0.44        11
         316       0.68      0.71      0.69        48
         317       0.95      0.47      0.63        38
         318       0.71      0.67      0.69        15
         319       0.71      0.77      0.74       264

    accuracy                           0.86     12292
   macro avg       0.64      0.55      0.57     12292
weighted avg       0.85      0.86      0.85     12292

Confusion Matrix:
[[  6   0   0 ...   0   0   0]
 [  1   1   0 ...   0   0   0]
 [  0   0   2 ...   0   0   0]
 ...
 [  0   0   0 ...  18   0   1]
 [  0   0   0 ...   0  10   0]
 [  0   0   0 ...   0   1 202]]
