/home/yaxin/My_Files/ml_final/Chord-Classification/Models/MLP/mlp.py:70: UserWarning: Some classes occur only once — using random split.
  warnings.warn("Some classes occur only once — using random split.")
✅ Using cuda | hidden=[256, 128] | lr=0.0001 | batch_size=128 | epochs=10
✅ Usable samples: 122912
✅ Feature shape: (122912, 128) | Classes: 320
Epoch 01/10 | Loss: 2686.1139
Epoch 02/10 | Loss: 1333.1879
Epoch 03/10 | Loss: 1084.3119
Epoch 04/10 | Loss: 962.0875
Epoch 05/10 | Loss: 883.5843
Epoch 06/10 | Loss: 827.3969
Epoch 07/10 | Loss: 784.3685
Epoch 08/10 | Loss: 750.2814
Epoch 09/10 | Loss: 722.0946
Epoch 10/10 | Loss: 698.3982

✅ Accuracy: 0.789 | Macro F1-score: 0.278

Classification Report:
              precision    recall  f1-score   support

           0       1.00      0.10      0.18        10
           1       0.00      0.00      0.00         4
           2       0.00      0.00      0.00         3
           3       0.00      0.00      0.00         5
           4       0.00      0.00      0.00         1
           5       0.00      0.00      0.00         4
           7       0.00      0.00      0.00         1
           8       0.83      0.96      0.89       493
           9       0.60      0.63      0.62        19
          10       0.00      0.00      0.00         7
          11       1.00      0.25      0.40         4
          12       0.75      0.50      0.60        18
          13       0.00      0.00      0.00         1
          14       0.00      0.00      0.00         1
          15       1.00      0.25      0.40         4
          16       0.86      0.96      0.91       397
          17       0.80      0.62      0.70        26
          18       1.00      0.12      0.22         8
          20       0.52      0.50      0.51        34
          22       0.60      0.14      0.23        21
          24       0.71      0.32      0.44        47
          25       0.40      0.15      0.22        13
          26       0.00      0.00      0.00         6
          27       0.00      0.00      0.00         4
          28       0.00      0.00      0.00         1
          29       0.00      0.00      0.00         2
          30       0.00      0.00      0.00         4
          32       1.00      0.40      0.57         5
          33       0.00      0.00      0.00         3
          34       0.00      0.00      0.00         1
          35       0.82      0.93      0.87       450
          36       0.78      0.41      0.54        17
          37       0.00      0.00      0.00         6
          38       0.50      0.11      0.18         9
          39       0.20      0.06      0.10        16
          41       0.00      0.00      0.00         1
          42       1.00      0.09      0.17        11
          43       0.79      0.95      0.86       259
          44       1.00      0.17      0.29         6
          45       0.00      0.00      0.00        12
          46       0.00      0.00      0.00         1
          47       0.41      0.46      0.44        26
          48       0.00      0.00      0.00         2
          49       0.40      0.15      0.22        13
          50       0.00      0.00      0.00         1
          51       0.56      0.48      0.51        42
          52       0.65      0.39      0.49        28
          53       0.25      0.22      0.24         9
          54       0.00      0.00      0.00         4
          56       0.00      0.00      0.00         2
          57       1.00      0.25      0.40         4
          59       0.54      0.64      0.58        11
          60       0.00      0.00      0.00         2
          61       0.80      0.94      0.86       351
          62       0.79      0.85      0.81        13
          63       0.50      0.09      0.15        23
          64       0.00      0.00      0.00         4
          65       0.80      0.36      0.50        11
          67       0.00      0.00      0.00         2
          68       0.70      0.35      0.47        20
          69       0.84      0.94      0.88       298
          70       0.00      0.00      0.00         8
          71       0.00      0.00      0.00         1
          73       0.78      0.63      0.70        62
          74       0.00      0.00      0.00         1
          75       0.00      0.00      0.00        14
          76       0.70      0.51      0.59        45
          77       0.53      0.40      0.46        20
          78       0.00      0.00      0.00         6
          79       0.00      0.00      0.00         6
          82       1.00      0.33      0.50         3
          84       1.00      0.67      0.80         3
          85       1.00      0.50      0.67         2
          86       0.83      0.94      0.88       457
          87       0.67      0.12      0.21        16
          88       1.00      0.20      0.33        20
          89       1.00      0.18      0.31        11
          90       0.33      0.13      0.19        15
          91       0.00      0.00      0.00         2
          92       0.00      0.00      0.00         3
          93       0.00      0.00      0.00         5
          94       0.82      0.98      0.89       298
          95       1.00      0.25      0.40         4
          96       1.00      1.00      1.00         1
          98       0.44      0.33      0.38        42
         100       0.00      0.00      0.00         8
         102       0.53      0.40      0.45        43
         103       0.58      0.39      0.47        28
         104       0.67      0.15      0.25        13
         105       0.00      0.00      0.00         5
         106       0.00      0.00      0.00         1
         107       0.00      0.00      0.00         6
         108       1.00      0.20      0.33         5
         109       0.00      0.00      0.00         2
         110       0.40      0.67      0.50         3
         111       0.00      0.00      0.00         4
         112       0.00      0.00      0.00         2
         113       0.80      0.93      0.86       404
         114       0.35      0.33      0.34        18
         115       0.33      0.07      0.12        27
         116       0.00      0.00      0.00         4
         117       0.00      0.00      0.00         8
         118       0.00      0.00      0.00         4
         119       0.00      0.00      0.00         2
         120       0.00      0.00      0.00         9
         121       0.84      0.92      0.88       283
         122       1.00      0.25      0.40        12
         123       0.50      0.17      0.25         6
         125       0.87      0.57      0.68        23
         127       0.50      0.17      0.25         6
         129       0.56      0.43      0.48        56
         130       0.40      0.07      0.12        27
         131       0.00      0.00      0.00         9
         132       0.00      0.00      0.00         3
         134       0.00      0.00      0.00         3
         135       0.00      0.00      0.00         1
         136       0.00      0.00      0.00         4
         137       0.80      0.67      0.73         6
         140       0.84      0.94      0.89       524
         141       0.57      0.42      0.48        31
         142       0.61      0.36      0.45        53
         143       0.00      0.00      0.00         6
         144       0.40      0.11      0.17        18
         145       0.00      0.00      0.00         4
         146       0.00      0.00      0.00         1
         147       0.20      0.12      0.15         8
         148       0.84      0.94      0.89       274
         149       0.71      0.36      0.48        14
         150       0.20      0.05      0.07        22
         152       0.68      0.46      0.55        28
         153       0.00      0.00      0.00         4
         154       0.25      0.17      0.20         6
         156       0.57      0.57      0.57        84
         157       0.77      0.43      0.56        23
         158       0.23      0.38      0.29         8
         159       0.50      0.10      0.17        20
         160       0.00      0.00      0.00         1
         161       0.00      0.00      0.00         6
         162       0.40      0.29      0.33         7
         163       0.00      0.00      0.00         4
         164       1.00      0.50      0.67         4
         167       0.81      0.94      0.87       463
         168       0.57      0.46      0.51        28
         169       0.40      0.17      0.24        23
         170       0.00      0.00      0.00         4
         171       0.00      0.00      0.00         6
         173       0.00      0.00      0.00         1
         174       0.67      0.33      0.44         6
         175       0.82      0.95      0.88       313
         176       0.72      0.42      0.53        31
         177       0.40      0.14      0.21        14
         178       0.00      0.00      0.00         1
         179       0.74      0.49      0.59        35
         180       0.00      0.00      0.00         2
         181       0.33      0.17      0.22        12
         182       0.66      0.42      0.52        59
         183       0.47      0.32      0.38        25
         184       0.10      0.08      0.09        12
         185       1.00      0.14      0.25         7
         186       0.00      0.00      0.00         1
         187       0.00      0.00      0.00         1
         188       0.00      0.00      0.00         1
         189       0.00      0.00      0.00         1
         190       0.50      0.17      0.25         6
         192       0.00      0.00      0.00         3
         193       0.87      0.94      0.90       460
         194       0.57      0.46      0.51        26
         195       0.50      0.27      0.35        15
         196       0.00      0.00      0.00         4
         197       1.00      0.17      0.29        12
         198       0.00      0.00      0.00         2
         199       0.00      0.00      0.00         1
         200       0.00      0.00      0.00         5
         201       0.87      0.95      0.91       348
         202       1.00      0.10      0.18        10
         203       0.38      0.14      0.21        21
         204       0.00      0.00      0.00         1
         205       0.68      0.66      0.67        38
         206       0.00      0.00      0.00         4
         207       0.00      0.00      0.00         6
         209       0.59      0.36      0.44        28
         210       0.50      0.31      0.38        26
         211       0.50      0.14      0.22         7
         212       0.67      0.50      0.57         8
         213       0.00      0.00      0.00         2
         214       0.00      0.00      0.00         1
         215       0.00      0.00      0.00         3
         217       0.50      0.50      0.50         2
         219       0.00      0.00      0.00         1
         220       0.83      0.95      0.89       453
         221       0.66      0.61      0.63        31
         222       0.38      0.12      0.18        25
         223       0.00      0.00      0.00         5
         224       0.44      0.36      0.40        11
         225       0.00      0.00      0.00         2
         226       0.00      0.00      0.00         1
         227       1.00      0.10      0.18        10
         228       0.82      0.94      0.88       218
         229       1.00      0.20      0.33         5
         230       0.29      0.12      0.17        17
         231       0.00      0.00      0.00         3
         232       0.72      0.53      0.61        34
         233       0.00      0.00      0.00         2
         234       0.00      0.00      0.00         7
         236       0.47      0.46      0.47        37
         237       0.53      0.30      0.38        27
         238       0.50      0.18      0.27        11
         239       1.00      0.25      0.40         4
         241       0.00      0.00      0.00         2
         242       0.00      0.00      0.00         4
         243       1.00      1.00      1.00         1
         244       0.62      1.00      0.77         5
         246       0.00      0.00      0.00         1
         247       0.82      0.94      0.87       404
         248       0.80      0.29      0.42        28
         249       1.00      0.25      0.40         8
         250       0.00      0.00      0.00         5
         251       0.31      0.44      0.36         9
         252       0.00      0.00      0.00         1
         253       1.00      0.25      0.40         4
         254       0.00      0.00      0.00         6
         255       0.91      0.97      0.94       287
         256       1.00      0.38      0.55         8
         257       0.75      0.19      0.30        16
         259       0.60      0.67      0.63        18
         261       0.00      0.00      0.00         3
         263       0.56      0.33      0.41        43
         264       0.25      0.21      0.23        14
         265       1.00      0.25      0.40         8
         266       0.50      0.12      0.20         8
         267       0.00      0.00      0.00         2
         268       0.00      0.00      0.00         1
         269       0.00      0.00      0.00         4
         271       0.67      0.40      0.50         5
         272       0.00      0.00      0.00         1
         273       0.00      0.00      0.00         2
         274       0.84      0.93      0.88       528
         275       0.58      0.44      0.50        16
         276       1.00      0.14      0.25        14
         277       0.00      0.00      0.00        10
         278       0.46      0.30      0.36        20
         279       0.00      0.00      0.00         2
         280       0.00      0.00      0.00         3
         281       0.00      0.00      0.00         4
         282       0.78      0.96      0.86       277
         283       0.00      0.00      0.00         8
         284       0.25      0.12      0.17         8
         286       0.71      0.53      0.61        32
         288       0.00      0.00      0.00         7
         290       0.44      0.32      0.37        44
         291       0.62      0.28      0.38        18
         292       0.50      0.14      0.22        14
         293       0.50      0.25      0.33         4
         295       0.00      0.00      0.00         1
         296       0.00      0.00      0.00         6
         298       0.33      0.33      0.33         3
         300       0.00      0.00      0.00         3
         301       0.84      0.95      0.89       547
         302       0.59      0.67      0.62        30
         303       0.60      0.25      0.35        12
         304       0.00      0.00      0.00         4
         305       0.27      0.25      0.26        12
         306       0.00      0.00      0.00         1
         307       0.00      0.00      0.00         3
         308       1.00      0.14      0.25         7
         309       0.85      0.96      0.90       314
         310       0.00      0.00      0.00         3
         311       1.00      0.28      0.43        18
         312       0.40      0.42      0.41        24
         313       0.00      0.00      0.00         1
         314       0.20      0.09      0.12        11
         316       0.47      0.38      0.42        48
         317       0.67      0.26      0.38        38
         318       0.42      0.33      0.37        15
         319       0.56      0.73      0.63       264

    accuracy                           0.79     12292
   macro avg       0.39      0.25      0.28     12292
weighted avg       0.75      0.79      0.76     12292

Confusion Matrix:
[[  1   0   0 ...   0   0   0]
 [  0   0   0 ...   0   0   0]
 [  0   0   0 ...   0   0   0]
 ...
 [  0   0   0 ...  10   0   1]
 [  0   0   0 ...   1   5   0]
 [  0   0   0 ...   0   0 193]]
