/home/yaxin/My_Files/ml_final/Chord-Classification/Models/MLP/mlp.py:70: UserWarning: Some classes occur only once — using random split.
  warnings.warn("Some classes occur only once — using random split.")
✅ Using cuda | hidden=[512, 256, 128] | lr=0.0001 | batch_size=128 | epochs=30
✅ Usable samples: 122912
✅ Feature shape: (122912, 128) | Classes: 320
Epoch 01/30 | Loss: 2249.0977
Epoch 02/30 | Loss: 1134.5933
Epoch 03/30 | Loss: 954.9698
Epoch 04/30 | Loss: 856.0024
Epoch 05/30 | Loss: 790.0050
Epoch 06/30 | Loss: 739.7846
Epoch 07/30 | Loss: 700.6856
Epoch 08/30 | Loss: 669.3129
Epoch 09/30 | Loss: 642.9871
Epoch 10/30 | Loss: 620.3211
Epoch 11/30 | Loss: 602.1817
Epoch 12/30 | Loss: 584.0486
Epoch 13/30 | Loss: 567.9751
Epoch 14/30 | Loss: 554.2076
Epoch 15/30 | Loss: 540.0376
Epoch 16/30 | Loss: 527.5590
Epoch 17/30 | Loss: 515.5500
Epoch 18/30 | Loss: 503.0693
Epoch 19/30 | Loss: 493.3294
Epoch 20/30 | Loss: 482.0592
Epoch 21/30 | Loss: 471.9506
Epoch 22/30 | Loss: 461.9892
Epoch 23/30 | Loss: 452.6441
Epoch 24/30 | Loss: 443.8471
Epoch 25/30 | Loss: 435.1905
Epoch 26/30 | Loss: 426.4197
Epoch 27/30 | Loss: 417.6672
Epoch 28/30 | Loss: 408.9016
Epoch 29/30 | Loss: 401.4399
Epoch 30/30 | Loss: 394.0169

✅ Accuracy: 0.836 | Macro F1-score: 0.460

Classification Report:
              precision    recall  f1-score   support

           0       1.00      0.10      0.18        10
           1       1.00      0.25      0.40         4
           2       1.00      0.67      0.80         3
           3       1.00      0.20      0.33         5
           4       0.00      0.00      0.00         1
           5       0.50      0.25      0.33         4
           7       0.00      0.00      0.00         1
           8       0.86      0.97      0.91       493
           9       0.65      0.79      0.71        19
          10       0.50      0.14      0.22         7
          11       0.67      0.50      0.57         4
          12       0.83      0.56      0.67        18
          13       1.00      1.00      1.00         1
          14       0.00      0.00      0.00         1
          15       0.50      0.50      0.50         4
          16       0.92      0.92      0.92       397
          17       0.88      0.81      0.84        26
          18       1.00      0.50      0.67         8
          20       0.62      0.62      0.62        34
          21       0.00      0.00      0.00         0
          22       0.67      0.19      0.30        21
          24       0.63      0.51      0.56        47
          25       0.50      0.46      0.48        13
          26       0.33      0.17      0.22         6
          27       1.00      0.25      0.40         4
          28       0.00      0.00      0.00         1
          29       1.00      0.50      0.67         2
          30       0.17      0.25      0.20         4
          32       1.00      0.60      0.75         5
          33       1.00      0.67      0.80         3
          34       0.00      0.00      0.00         1
          35       0.92      0.91      0.91       450
          36       0.93      0.76      0.84        17
          37       0.67      0.33      0.44         6
          38       0.71      0.56      0.62         9
          39       0.89      0.50      0.64        16
          41       0.50      1.00      0.67         1
          42       0.60      0.27      0.38        11
          43       0.87      0.93      0.90       259
          44       0.67      0.33      0.44         6
          45       0.67      0.17      0.27        12
          46       0.00      0.00      0.00         1
          47       0.68      0.65      0.67        26
          48       1.00      0.50      0.67         2
          49       0.60      0.46      0.52        13
          50       0.00      0.00      0.00         1
          51       0.52      0.71      0.60        42
          52       0.56      0.68      0.61        28
          53       0.57      0.44      0.50         9
          54       1.00      0.25      0.40         4
          56       0.00      0.00      0.00         2
          57       0.00      0.00      0.00         4
          59       0.90      0.82      0.86        11
          60       0.50      0.50      0.50         2
          61       0.86      0.95      0.90       351
          62       0.86      0.92      0.89        13
          63       0.67      0.52      0.59        23
          64       1.00      0.25      0.40         4
          65       0.71      0.45      0.56        11
          67       0.00      0.00      0.00         2
          68       0.67      0.60      0.63        20
          69       0.91      0.97      0.94       298
          70       0.75      0.38      0.50         8
          71       0.00      0.00      0.00         1
          73       0.90      0.71      0.79        62
          74       0.00      0.00      0.00         1
          75       0.67      0.29      0.40        14
          76       0.67      0.67      0.67        45
          77       0.59      0.65      0.62        20
          78       0.00      0.00      0.00         6
          79       0.50      0.33      0.40         6
          82       0.50      0.33      0.40         3
          84       1.00      1.00      1.00         3
          85       1.00      1.00      1.00         2
          86       0.89      0.95      0.92       457
          87       0.56      0.62      0.59        16
          88       0.73      0.40      0.52        20
          89       0.57      0.36      0.44        11
          90       0.86      0.40      0.55        15
          91       0.00      0.00      0.00         2
          92       1.00      0.33      0.50         3
          93       0.25      0.20      0.22         5
          94       0.86      0.96      0.91       298
          95       0.50      0.50      0.50         4
          96       0.50      1.00      0.67         1
          98       0.73      0.45      0.56        42
         100       0.00      0.00      0.00         8
         102       0.62      0.60      0.61        43
         103       0.73      0.57      0.64        28
         104       0.67      0.31      0.42        13
         105       0.75      0.60      0.67         5
         106       0.00      0.00      0.00         1
         107       0.00      0.00      0.00         6
         108       0.83      1.00      0.91         5
         109       1.00      0.50      0.67         2
         110       0.75      1.00      0.86         3
         111       1.00      0.75      0.86         4
         112       0.00      0.00      0.00         2
         113       0.86      0.89      0.87       404
         114       0.44      0.67      0.53        18
         115       0.44      0.15      0.22        27
         116       0.67      0.50      0.57         4
         117       0.00      0.00      0.00         8
         118       1.00      0.25      0.40         4
         119       0.00      0.00      0.00         2
         120       0.75      0.33      0.46         9
         121       0.87      0.94      0.91       283
         122       0.33      0.17      0.22        12
         123       0.50      0.17      0.25         6
         125       0.77      0.74      0.76        23
         127       0.67      0.33      0.44         6
         129       0.62      0.59      0.61        56
         130       0.59      0.48      0.53        27
         131       0.33      0.22      0.27         9
         132       1.00      0.33      0.50         3
         134       1.00      0.33      0.50         3
         135       0.00      0.00      0.00         1
         136       0.00      0.00      0.00         4
         137       0.86      1.00      0.92         6
         140       0.89      0.95      0.92       524
         141       0.69      0.58      0.63        31
         142       0.80      0.53      0.64        53
         143       0.33      0.17      0.22         6
         144       0.53      0.44      0.48        18
         145       0.00      0.00      0.00         4
         146       0.00      0.00      0.00         1
         147       0.57      0.50      0.53         8
         148       0.91      0.93      0.92       274
         149       0.67      0.57      0.62        14
         150       0.44      0.18      0.26        22
         152       0.67      0.50      0.57        28
         153       0.00      0.00      0.00         4
         154       0.22      0.33      0.27         6
         156       0.66      0.56      0.61        84
         157       0.67      0.43      0.53        23
         158       0.25      0.25      0.25         8
         159       0.75      0.30      0.43        20
         160       0.00      0.00      0.00         1
         161       0.00      0.00      0.00         6
         162       0.50      0.43      0.46         7
         163       1.00      1.00      1.00         4
         164       1.00      1.00      1.00         4
         165       0.00      0.00      0.00         0
         167       0.84      0.95      0.89       463
         168       0.87      0.46      0.60        28
         169       0.60      0.39      0.47        23
         170       0.00      0.00      0.00         4
         171       0.33      0.17      0.22         6
         173       0.00      0.00      0.00         1
         174       0.67      0.67      0.67         6
         175       0.90      0.93      0.91       313
         176       0.95      0.68      0.79        31
         177       0.75      0.21      0.33        14
         178       0.00      0.00      0.00         1
         179       0.91      0.57      0.70        35
         180       0.00      0.00      0.00         2
         181       0.44      0.33      0.38        12
         182       0.67      0.51      0.58        59
         183       0.46      0.52      0.49        25
         184       0.67      0.67      0.67        12
         185       0.60      0.43      0.50         7
         186       0.00      0.00      0.00         1
         187       0.00      0.00      0.00         1
         188       0.00      0.00      0.00         1
         189       0.00      0.00      0.00         1
         190       1.00      0.83      0.91         6
         191       0.00      0.00      0.00         0
         192       0.50      0.33      0.40         3
         193       0.89      0.94      0.92       460
         194       0.67      0.69      0.68        26
         195       0.40      0.27      0.32        15
         196       0.00      0.00      0.00         4
         197       0.45      0.42      0.43        12
         198       0.00      0.00      0.00         2
         199       0.00      0.00      0.00         1
         200       0.00      0.00      0.00         5
         201       0.91      0.97      0.94       348
         202       0.33      0.10      0.15        10
         203       0.62      0.76      0.68        21
         204       0.00      0.00      0.00         1
         205       0.61      0.74      0.67        38
         206       0.00      0.00      0.00         4
         207       1.00      0.17      0.29         6
         209       0.52      0.43      0.47        28
         210       0.70      0.54      0.61        26
         211       0.50      0.57      0.53         7
         212       0.88      0.88      0.88         8
         213       1.00      0.50      0.67         2
         214       0.00      0.00      0.00         1
         215       1.00      0.33      0.50         3
         217       1.00      0.50      0.67         2
         219       0.00      0.00      0.00         1
         220       0.90      0.94      0.92       453
         221       0.67      0.77      0.72        31
         222       0.60      0.60      0.60        25
         223       0.00      0.00      0.00         5
         224       0.56      0.45      0.50        11
         225       0.00      0.00      0.00         2
         226       0.00      0.00      0.00         1
         227       0.83      0.50      0.62        10
         228       0.87      0.96      0.91       218
         229       0.67      0.40      0.50         5
         230       0.70      0.41      0.52        17
         231       0.00      0.00      0.00         3
         232       0.93      0.82      0.88        34
         233       0.00      0.00      0.00         2
         234       0.31      0.57      0.40         7
         236       0.67      0.54      0.60        37
         237       0.45      0.74      0.56        27
         238       0.73      0.73      0.73        11
         239       0.75      0.75      0.75         4
         241       1.00      0.50      0.67         2
         242       0.00      0.00      0.00         4
         243       1.00      1.00      1.00         1
         244       0.62      1.00      0.77         5
         246       0.00      0.00      0.00         1
         247       0.88      0.96      0.92       404
         248       0.68      0.75      0.71        28
         249       0.50      0.12      0.20         8
         250       0.25      0.20      0.22         5
         251       0.43      0.33      0.38         9
         252       0.00      0.00      0.00         1
         253       1.00      1.00      1.00         4
         254       0.80      0.67      0.73         6
         255       0.95      0.97      0.96       287
         256       0.67      0.50      0.57         8
         257       1.00      0.56      0.72        16
         259       0.85      0.61      0.71        18
         261       0.00      0.00      0.00         3
         263       0.76      0.44      0.56        43
         264       0.30      0.21      0.25        14
         265       0.62      0.62      0.62         8
         266       0.75      0.38      0.50         8
         267       1.00      0.50      0.67         2
         268       0.00      0.00      0.00         1
         269       0.00      0.00      0.00         4
         271       0.67      0.80      0.73         5
         272       0.00      0.00      0.00         1
         273       1.00      0.50      0.67         2
         274       0.88      0.92      0.90       528
         275       0.52      0.69      0.59        16
         276       0.70      0.50      0.58        14
         277       0.00      0.00      0.00        10
         278       0.67      0.30      0.41        20
         279       0.00      0.00      0.00         2
         280       1.00      0.33      0.50         3
         281       0.17      0.25      0.20         4
         282       0.87      0.96      0.91       277
         283       0.50      0.50      0.50         8
         284       0.40      0.25      0.31         8
         286       0.91      0.62      0.74        32
         288       0.29      0.29      0.29         7
         290       0.51      0.57      0.54        44
         291       0.54      0.39      0.45        18
         292       0.67      0.71      0.69        14
         293       0.50      0.50      0.50         4
         295       0.00      0.00      0.00         1
         296       0.57      0.67      0.62         6
         298       1.00      0.67      0.80         3
         300       1.00      0.33      0.50         3
         301       0.91      0.94      0.92       547
         302       0.81      0.83      0.82        30
         303       0.67      0.33      0.44        12
         304       0.75      0.75      0.75         4
         305       0.57      0.33      0.42        12
         306       0.00      0.00      0.00         1
         307       0.00      0.00      0.00         3
         308       0.80      0.57      0.67         7
         309       0.88      0.97      0.93       314
         310       0.00      0.00      0.00         3
         311       0.60      0.33      0.43        18
         312       0.74      0.58      0.65        24
         313       0.00      0.00      0.00         1
         314       0.43      0.27      0.33        11
         316       0.60      0.56      0.58        48
         317       0.79      0.50      0.61        38
         318       0.58      0.47      0.52        15
         319       0.65      0.77      0.70       264

    accuracy                           0.84     12292
   macro avg       0.55      0.43      0.46     12292
weighted avg       0.82      0.84      0.82     12292

Confusion Matrix:
[[  1   0   0 ...   0   0   0]
 [  0   1   0 ...   0   0   0]
 [  0   0   2 ...   0   0   0]
 ...
 [  0   0   0 ...  19   1   0]
 [  0   0   0 ...   0   7   0]
 [  0   0   0 ...   0   0 203]]
