/home/yaxin/My_Files/ml_final/Chord-Classification/Models/MLP/mlp.py:70: UserWarning: Some classes occur only once — using random split.
  warnings.warn("Some classes occur only once — using random split.")
✅ Using cuda | hidden=[512, 256] | lr=0.001 | batch_size=32 | epochs=30
✅ Usable samples: 122912
✅ Feature shape: (122912, 128) | Classes: 320
Epoch 01/30 | Loss: 3776.3052
Epoch 02/30 | Loss: 2446.4080
Epoch 03/30 | Loss: 2047.0212
Epoch 04/30 | Loss: 1775.9408
Epoch 05/30 | Loss: 1546.1356
Epoch 06/30 | Loss: 1362.8038
Epoch 07/30 | Loss: 1208.7067
Epoch 08/30 | Loss: 1087.4339
Epoch 09/30 | Loss: 986.7741
Epoch 10/30 | Loss: 907.4188
Epoch 11/30 | Loss: 835.6716
Epoch 12/30 | Loss: 782.4110
Epoch 13/30 | Loss: 738.7510
Epoch 14/30 | Loss: 697.3061
Epoch 15/30 | Loss: 658.0563
Epoch 16/30 | Loss: 638.4410
Epoch 17/30 | Loss: 631.3733
Epoch 18/30 | Loss: 598.2107
Epoch 19/30 | Loss: 583.9607
Epoch 20/30 | Loss: 574.2934
Epoch 21/30 | Loss: 546.8730
Epoch 22/30 | Loss: 569.3767
Epoch 23/30 | Loss: 544.7162
Epoch 24/30 | Loss: 518.5223
Epoch 25/30 | Loss: 516.8162
Epoch 26/30 | Loss: 517.9506
Epoch 27/30 | Loss: 505.4958
Epoch 28/30 | Loss: 513.4751
Epoch 29/30 | Loss: 500.6545
Epoch 30/30 | Loss: 493.5726

✅ Accuracy: 0.852 | Macro F1-score: 0.575

Classification Report:
              precision    recall  f1-score   support

           0       1.00      0.50      0.67        10
           1       1.00      0.25      0.40         4
           2       1.00      0.67      0.80         3
           3       1.00      0.80      0.89         5
           4       0.00      0.00      0.00         1
           5       0.50      0.25      0.33         4
           7       1.00      1.00      1.00         1
           8       0.89      0.96      0.93       493
           9       0.78      0.95      0.86        19
          10       1.00      0.57      0.73         7
          11       0.40      0.50      0.44         4
          12       0.91      0.56      0.69        18
          13       1.00      1.00      1.00         1
          14       0.00      0.00      0.00         1
          15       1.00      0.75      0.86         4
          16       0.95      0.89      0.92       397
          17       0.89      0.96      0.93        26
          18       1.00      0.75      0.86         8
          20       0.60      0.71      0.65        34
          22       0.83      0.24      0.37        21
          24       0.71      0.51      0.59        47
          25       0.50      0.77      0.61        13
          26       0.00      0.00      0.00         6
          27       0.50      0.25      0.33         4
          28       0.00      0.00      0.00         1
          29       1.00      0.50      0.67         2
          30       0.20      0.25      0.22         4
          32       0.83      1.00      0.91         5
          33       1.00      0.67      0.80         3
          34       1.00      1.00      1.00         1
          35       0.91      0.93      0.92       450
          36       0.91      0.59      0.71        17
          37       0.33      0.67      0.44         6
          38       0.86      0.67      0.75         9
          39       0.69      0.56      0.62        16
          41       0.50      1.00      0.67         1
          42       0.75      0.27      0.40        11
          43       0.87      0.96      0.91       259
          44       0.60      0.50      0.55         6
          45       0.53      0.67      0.59        12
          46       0.00      0.00      0.00         1
          47       0.71      0.85      0.77        26
          48       0.00      0.00      0.00         2
          49       1.00      0.38      0.56        13
          50       0.00      0.00      0.00         1
          51       0.73      0.64      0.68        42
          52       0.82      0.64      0.72        28
          53       0.29      0.22      0.25         9
          54       1.00      0.50      0.67         4
          56       0.00      0.00      0.00         2
          57       0.50      0.25      0.33         4
          59       0.83      0.45      0.59        11
          60       0.33      1.00      0.50         2
          61       0.89      0.93      0.91       351
          62       0.82      0.69      0.75        13
          63       0.94      0.70      0.80        23
          64       0.50      0.50      0.50         4
          65       0.54      0.64      0.58        11
          67       0.00      0.00      0.00         2
          68       0.92      0.55      0.69        20
          69       0.92      0.94      0.93       298
          70       0.64      0.88      0.74         8
          71       0.00      0.00      0.00         1
          73       0.85      0.84      0.85        62
          74       0.00      0.00      0.00         1
          75       0.60      0.43      0.50        14
          76       0.62      0.58      0.60        45
          77       0.73      0.55      0.63        20
          78       0.33      0.83      0.48         6
          79       0.60      0.50      0.55         6
          82       1.00      0.33      0.50         3
          84       1.00      0.67      0.80         3
          85       1.00      1.00      1.00         2
          86       0.88      0.95      0.91       457
          87       0.64      0.56      0.60        16
          88       0.82      0.45      0.58        20
          89       0.54      0.64      0.58        11
          90       0.80      0.53      0.64        15
          91       0.00      0.00      0.00         2
          92       1.00      0.67      0.80         3
          93       0.33      0.40      0.36         5
          94       0.92      0.92      0.92       298
          95       0.67      0.50      0.57         4
          96       0.50      1.00      0.67         1
          98       0.66      0.55      0.60        42
         100       0.17      0.25      0.20         8
         102       0.62      0.77      0.69        43
         103       0.86      0.64      0.73        28
         104       0.86      0.46      0.60        13
         105       1.00      0.80      0.89         5
         106       0.00      0.00      0.00         1
         107       0.80      0.67      0.73         6
         108       0.67      0.80      0.73         5
         109       0.50      0.50      0.50         2
         110       0.50      0.67      0.57         3
         111       1.00      1.00      1.00         4
         112       0.00      0.00      0.00         2
         113       0.90      0.91      0.91       404
         114       0.67      0.89      0.76        18
         115       0.62      0.59      0.60        27
         116       0.43      0.75      0.55         4
         117       0.45      0.62      0.53         8
         118       1.00      0.75      0.86         4
         119       0.50      0.50      0.50         2
         120       0.67      0.22      0.33         9
         121       0.93      0.93      0.93       283
         122       0.50      0.50      0.50        12
         123       0.33      0.33      0.33         6
         125       0.84      0.70      0.76        23
         127       0.43      0.50      0.46         6
         129       0.69      0.73      0.71        56
         130       0.64      0.67      0.65        27
         131       0.36      0.44      0.40         9
         132       0.33      0.33      0.33         3
         134       0.50      0.33      0.40         3
         135       0.50      1.00      0.67         1
         136       1.00      0.50      0.67         4
         137       1.00      1.00      1.00         6
         138       0.00      0.00      0.00         0
         140       0.91      0.95      0.93       524
         141       0.63      0.61      0.62        31
         142       0.85      0.66      0.74        53
         143       1.00      0.50      0.67         6
         144       0.64      0.50      0.56        18
         145       0.80      1.00      0.89         4
         146       0.00      0.00      0.00         1
         147       0.89      1.00      0.94         8
         148       0.89      0.96      0.92       274
         149       0.57      0.86      0.69        14
         150       0.62      0.36      0.46        22
         152       0.79      0.68      0.73        28
         153       0.50      0.25      0.33         4
         154       0.67      0.67      0.67         6
         156       0.83      0.60      0.69        84
         157       0.60      0.52      0.56        23
         158       0.56      0.62      0.59         8
         159       0.61      0.70      0.65        20
         160       0.00      0.00      0.00         1
         161       1.00      0.17      0.29         6
         162       0.83      0.71      0.77         7
         163       0.80      1.00      0.89         4
         164       0.80      1.00      0.89         4
         165       0.00      0.00      0.00         0
         167       0.90      0.89      0.90       463
         168       0.67      0.50      0.57        28
         169       0.56      0.43      0.49        23
         170       0.00      0.00      0.00         4
         171       1.00      0.17      0.29         6
         173       0.00      0.00      0.00         1
         174       0.86      1.00      0.92         6
         175       0.93      0.95      0.94       313
         176       0.90      0.84      0.87        31
         177       0.70      0.50      0.58        14
         178       1.00      1.00      1.00         1
         179       0.68      0.80      0.74        35
         180       0.00      0.00      0.00         2
         181       0.88      0.58      0.70        12
         182       0.65      0.59      0.62        59
         183       0.59      0.64      0.62        25
         184       0.42      0.67      0.52        12
         185       1.00      0.57      0.73         7
         186       0.00      0.00      0.00         1
         187       1.00      1.00      1.00         1
         188       0.00      0.00      0.00         1
         189       0.00      0.00      0.00         1
         190       0.86      1.00      0.92         6
         192       0.00      0.00      0.00         3
         193       0.92      0.94      0.93       460
         194       0.76      0.73      0.75        26
         195       0.24      0.40      0.30        15
         196       1.00      0.50      0.67         4
         197       0.58      0.58      0.58        12
         198       0.67      1.00      0.80         2
         199       1.00      1.00      1.00         1
         200       1.00      0.80      0.89         5
         201       0.93      0.93      0.93       348
         202       0.56      0.50      0.53        10
         203       0.64      0.67      0.65        21
         204       1.00      1.00      1.00         1
         205       0.76      0.74      0.75        38
         206       0.80      1.00      0.89         4
         207       1.00      0.33      0.50         6
         209       0.55      0.61      0.58        28
         210       0.72      0.50      0.59        26
         211       0.50      0.71      0.59         7
         212       0.80      1.00      0.89         8
         213       1.00      1.00      1.00         2
         214       0.00      0.00      0.00         1
         215       0.50      0.67      0.57         3
         216       0.00      0.00      0.00         0
         217       0.50      1.00      0.67         2
         219       0.00      0.00      0.00         1
         220       0.93      0.92      0.93       453
         221       0.72      0.68      0.70        31
         222       0.57      0.68      0.62        25
         223       0.50      0.60      0.55         5
         224       0.50      0.27      0.35        11
         225       1.00      1.00      1.00         2
         226       0.50      1.00      0.67         1
         227       0.71      0.50      0.59        10
         228       0.93      0.94      0.94       218
         229       0.80      0.80      0.80         5
         230       0.64      0.41      0.50        17
         231       1.00      0.33      0.50         3
         232       0.73      0.97      0.84        34
         233       0.00      0.00      0.00         2
         234       1.00      0.57      0.73         7
         236       0.57      0.70      0.63        37
         237       0.64      0.67      0.65        27
         238       0.50      0.45      0.48        11
         239       1.00      0.50      0.67         4
         241       1.00      0.50      0.67         2
         242       0.00      0.00      0.00         4
         243       1.00      1.00      1.00         1
         244       1.00      0.80      0.89         5
         246       1.00      1.00      1.00         1
         247       0.89      0.92      0.90       404
         248       0.89      0.61      0.72        28
         249       0.75      0.38      0.50         8
         250       0.25      0.20      0.22         5
         251       0.31      0.44      0.36         9
         252       0.00      0.00      0.00         1
         253       1.00      1.00      1.00         4
         254       0.50      0.67      0.57         6
         255       0.94      0.94      0.94       287
         256       0.67      0.50      0.57         8
         257       0.74      0.88      0.80        16
         259       0.67      0.78      0.72        18
         261       0.00      0.00      0.00         3
         263       0.75      0.56      0.64        43
         264       0.58      0.50      0.54        14
         265       0.75      0.75      0.75         8
         266       0.83      0.62      0.71         8
         267       1.00      0.50      0.67         2
         268       0.00      0.00      0.00         1
         269       0.00      0.00      0.00         4
         270       0.00      0.00      0.00         0
         271       1.00      0.60      0.75         5
         272       0.00      0.00      0.00         1
         273       0.00      0.00      0.00         2
         274       0.89      0.95      0.92       528
         275       0.62      0.81      0.70        16
         276       0.77      0.71      0.74        14
         277       0.50      0.30      0.38        10
         278       0.69      0.45      0.55        20
         279       0.00      0.00      0.00         2
         280       1.00      0.33      0.50         3
         281       0.75      0.75      0.75         4
         282       0.95      0.88      0.91       277
         283       0.67      0.75      0.71         8
         284       0.33      0.12      0.18         8
         285       0.00      0.00      0.00         0
         286       0.62      0.75      0.68        32
         288       0.33      0.29      0.31         7
         290       0.68      0.64      0.66        44
         291       0.56      0.56      0.56        18
         292       0.64      0.64      0.64        14
         293       0.33      0.50      0.40         4
         295       0.00      0.00      0.00         1
         296       0.83      0.83      0.83         6
         298       0.67      0.67      0.67         3
         300       1.00      0.33      0.50         3
         301       0.91      0.93      0.92       547
         302       0.86      0.83      0.85        30
         303       0.70      0.58      0.64        12
         304       0.67      0.50      0.57         4
         305       0.78      0.58      0.67        12
         306       0.00      0.00      0.00         1
         307       1.00      0.67      0.80         3
         308       0.57      0.57      0.57         7
         309       0.91      0.95      0.93       314
         310       0.33      0.67      0.44         3
         311       0.70      0.39      0.50        18
         312       0.78      0.88      0.82        24
         313       0.00      0.00      0.00         1
         314       0.67      0.36      0.47        11
         316       0.65      0.67      0.66        48
         317       1.00      0.55      0.71        38
         318       0.45      0.67      0.54        15
         319       0.61      0.72      0.66       264

    accuracy                           0.85     12292
   macro avg       0.63      0.57      0.57     12292
weighted avg       0.85      0.85      0.85     12292

Confusion Matrix:
[[  5   0   0 ...   0   0   0]
 [  0   1   0 ...   0   0   0]
 [  0   0   2 ...   0   0   0]
 ...
 [  0   0   0 ...  21   2   0]
 [  0   0   0 ...   0  10   0]
 [  0   0   0 ...   0   1 191]]
