/home/yaxin/My_Files/ml_final/Chord-Classification/Models/MLP/mlp.py:70: UserWarning: Some classes occur only once — using random split.
  warnings.warn("Some classes occur only once — using random split.")
✅ Using cuda | hidden=[512, 256] | lr=0.0001 | batch_size=128 | epochs=30
✅ Usable samples: 122912
✅ Feature shape: (122912, 128) | Classes: 320
Epoch 01/30 | Loss: 2188.4051
Epoch 02/30 | Loss: 1100.7384
Epoch 03/30 | Loss: 911.8624
Epoch 04/30 | Loss: 813.6275
Epoch 05/30 | Loss: 748.6065
Epoch 06/30 | Loss: 701.9419
Epoch 07/30 | Loss: 665.3209
Epoch 08/30 | Loss: 636.2518
Epoch 09/30 | Loss: 611.1552
Epoch 10/30 | Loss: 589.6097
Epoch 11/30 | Loss: 570.2364
Epoch 12/30 | Loss: 554.1174
Epoch 13/30 | Loss: 538.6751
Epoch 14/30 | Loss: 523.8663
Epoch 15/30 | Loss: 511.7102
Epoch 16/30 | Loss: 498.9057
Epoch 17/30 | Loss: 487.4892
Epoch 18/30 | Loss: 475.7303
Epoch 19/30 | Loss: 466.3190
Epoch 20/30 | Loss: 455.9350
Epoch 21/30 | Loss: 445.9459
Epoch 22/30 | Loss: 436.7242
Epoch 23/30 | Loss: 428.0160
Epoch 24/30 | Loss: 418.9023
Epoch 25/30 | Loss: 410.5337
Epoch 26/30 | Loss: 402.6589
Epoch 27/30 | Loss: 394.3485
Epoch 28/30 | Loss: 387.0237
Epoch 29/30 | Loss: 379.2114
Epoch 30/30 | Loss: 371.6954

✅ Accuracy: 0.840 | Macro F1-score: 0.496

Classification Report:
              precision    recall  f1-score   support

           0       0.71      0.50      0.59        10
           1       1.00      0.25      0.40         4
           2       1.00      0.67      0.80         3
           3       1.00      0.40      0.57         5
           4       0.00      0.00      0.00         1
           5       1.00      0.25      0.40         4
           7       1.00      1.00      1.00         1
           8       0.91      0.95      0.93       493
           9       0.71      0.89      0.79        19
          10       0.67      0.29      0.40         7
          11       0.00      0.00      0.00         4
          12       0.67      0.67      0.67        18
          13       1.00      1.00      1.00         1
          14       0.00      0.00      0.00         1
          15       0.50      0.75      0.60         4
          16       0.91      0.95      0.93       397
          17       0.81      0.81      0.81        26
          18       1.00      0.25      0.40         8
          20       0.60      0.62      0.61        34
          21       0.00      0.00      0.00         0
          22       0.58      0.33      0.42        21
          24       0.75      0.45      0.56        47
          25       0.50      0.54      0.52        13
          26       0.20      0.17      0.18         6
          27       1.00      0.50      0.67         4
          28       0.00      0.00      0.00         1
          29       0.50      0.50      0.50         2
          30       0.25      0.25      0.25         4
          32       1.00      0.40      0.57         5
          33       1.00      0.33      0.50         3
          34       1.00      1.00      1.00         1
          35       0.89      0.94      0.91       450
          36       1.00      0.71      0.83        17
          37       0.60      0.50      0.55         6
          38       0.67      0.44      0.53         9
          39       0.77      0.62      0.69        16
          41       1.00      1.00      1.00         1
          42       0.67      0.18      0.29        11
          43       0.87      0.95      0.91       259
          44       1.00      0.50      0.67         6
          45       0.50      0.17      0.25        12
          46       0.00      0.00      0.00         1
          47       0.73      0.73      0.73        26
          48       0.00      0.00      0.00         2
          49       0.44      0.31      0.36        13
          50       0.00      0.00      0.00         1
          51       0.70      0.50      0.58        42
          52       0.55      0.43      0.48        28
          53       0.35      0.67      0.46         9
          54       1.00      0.50      0.67         4
          56       0.00      0.00      0.00         2
          57       1.00      0.50      0.67         4
          59       0.79      1.00      0.88        11
          60       0.50      1.00      0.67         2
          61       0.87      0.95      0.91       351
          62       0.71      0.92      0.80        13
          63       0.73      0.48      0.58        23
          64       0.00      0.00      0.00         4
          65       0.58      0.64      0.61        11
          67       1.00      0.50      0.67         2
          68       0.73      0.55      0.63        20
          69       0.92      0.95      0.93       298
          70       0.75      0.38      0.50         8
          71       0.00      0.00      0.00         1
          73       0.92      0.71      0.80        62
          74       0.00      0.00      0.00         1
          75       0.67      0.29      0.40        14
          76       0.70      0.47      0.56        45
          77       0.72      0.65      0.68        20
          78       0.14      0.17      0.15         6
          79       0.50      0.17      0.25         6
          82       1.00      0.67      0.80         3
          84       1.00      1.00      1.00         3
          85       1.00      1.00      1.00         2
          86       0.89      0.95      0.91       457
          87       0.80      0.25      0.38        16
          88       0.71      0.25      0.37        20
          89       0.67      0.36      0.47        11
          90       0.73      0.53      0.62        15
          91       0.00      0.00      0.00         2
          92       1.00      0.33      0.50         3
          93       0.14      0.20      0.17         5
          94       0.90      0.96      0.93       298
          95       0.50      0.50      0.50         4
          96       0.50      1.00      0.67         1
          98       0.69      0.57      0.62        42
         100       0.33      0.12      0.18         8
         102       0.54      0.70      0.61        43
         103       0.67      0.57      0.62        28
         104       0.50      0.23      0.32        13
         105       0.67      0.40      0.50         5
         106       0.00      0.00      0.00         1
         107       0.00      0.00      0.00         6
         108       1.00      0.60      0.75         5
         109       1.00      0.50      0.67         2
         110       0.75      1.00      0.86         3
         111       1.00      0.75      0.86         4
         112       0.00      0.00      0.00         2
         113       0.86      0.93      0.90       404
         114       0.44      0.67      0.53        18
         115       0.42      0.19      0.26        27
         116       0.50      0.25      0.33         4
         117       0.40      0.25      0.31         8
         118       1.00      0.50      0.67         4
         119       0.00      0.00      0.00         2
         120       0.57      0.44      0.50         9
         121       0.89      0.93      0.91       283
         122       0.40      0.33      0.36        12
         123       0.40      0.33      0.36         6
         125       0.93      0.57      0.70        23
         127       0.50      0.50      0.50         6
         129       0.68      0.61      0.64        56
         130       0.57      0.30      0.39        27
         131       0.33      0.44      0.38         9
         132       0.00      0.00      0.00         3
         134       1.00      0.33      0.50         3
         135       0.00      0.00      0.00         1
         136       1.00      0.25      0.40         4
         137       0.83      0.83      0.83         6
         138       0.00      0.00      0.00         0
         140       0.85      0.95      0.90       524
         141       0.67      0.65      0.66        31
         142       0.72      0.53      0.61        53
         143       1.00      0.17      0.29         6
         144       0.44      0.22      0.30        18
         145       0.00      0.00      0.00         4
         146       1.00      1.00      1.00         1
         147       0.62      0.62      0.62         8
         148       0.92      0.92      0.92       274
         149       0.73      0.79      0.76        14
         150       0.25      0.14      0.18        22
         151       0.00      0.00      0.00         0
         152       0.65      0.61      0.63        28
         153       0.00      0.00      0.00         4
         154       0.43      0.50      0.46         6
         156       0.66      0.56      0.61        84
         157       0.57      0.57      0.57        23
         158       0.40      0.25      0.31         8
         159       0.79      0.55      0.65        20
         160       0.00      0.00      0.00         1
         161       1.00      0.33      0.50         6
         162       0.57      0.57      0.57         7
         163       0.67      0.50      0.57         4
         164       0.80      1.00      0.89         4
         165       0.00      0.00      0.00         0
         167       0.89      0.92      0.91       463
         168       0.69      0.64      0.67        28
         169       0.50      0.43      0.47        23
         170       0.00      0.00      0.00         4
         171       0.33      0.17      0.22         6
         173       0.00      0.00      0.00         1
         174       1.00      0.67      0.80         6
         175       0.92      0.93      0.93       313
         176       0.80      0.77      0.79        31
         177       0.44      0.29      0.35        14
         178       1.00      1.00      1.00         1
         179       0.88      0.63      0.73        35
         180       0.00      0.00      0.00         2
         181       0.50      0.25      0.33        12
         182       0.69      0.56      0.62        59
         183       0.50      0.64      0.56        25
         184       0.62      0.67      0.64        12
         185       0.86      0.86      0.86         7
         186       0.00      0.00      0.00         1
         187       1.00      1.00      1.00         1
         188       0.00      0.00      0.00         1
         189       0.00      0.00      0.00         1
         190       1.00      0.83      0.91         6
         191       0.00      0.00      0.00         0
         192       0.67      0.67      0.67         3
         193       0.90      0.94      0.92       460
         194       0.72      0.69      0.71        26
         195       0.50      0.33      0.40        15
         196       0.00      0.00      0.00         4
         197       0.80      0.33      0.47        12
         198       0.00      0.00      0.00         2
         199       0.00      0.00      0.00         1
         200       1.00      0.40      0.57         5
         201       0.91      0.97      0.94       348
         202       0.50      0.20      0.29        10
         203       0.64      0.43      0.51        21
         204       0.00      0.00      0.00         1
         205       0.82      0.74      0.78        38
         206       1.00      0.50      0.67         4
         207       0.20      0.17      0.18         6
         209       0.56      0.64      0.60        28
         210       0.74      0.54      0.62        26
         211       0.50      0.57      0.53         7
         212       0.80      1.00      0.89         8
         213       1.00      1.00      1.00         2
         214       0.00      0.00      0.00         1
         215       1.00      0.33      0.50         3
         216       0.00      0.00      0.00         0
         217       0.25      0.50      0.33         2
         219       0.00      0.00      0.00         1
         220       0.89      0.95      0.92       453
         221       0.81      0.71      0.76        31
         222       0.74      0.56      0.64        25
         223       0.00      0.00      0.00         5
         224       0.50      0.36      0.42        11
         225       0.00      0.00      0.00         2
         226       1.00      1.00      1.00         1
         227       0.50      0.50      0.50        10
         228       0.92      0.93      0.92       218
         229       0.50      0.40      0.44         5
         230       0.70      0.41      0.52        17
         231       1.00      0.33      0.50         3
         232       0.79      0.88      0.83        34
         233       0.00      0.00      0.00         2
         234       0.67      0.57      0.62         7
         236       0.68      0.51      0.58        37
         237       0.56      0.70      0.62        27
         238       0.67      0.55      0.60        11
         239       1.00      0.50      0.67         4
         241       0.50      0.50      0.50         2
         242       0.00      0.00      0.00         4
         243       1.00      1.00      1.00         1
         244       0.83      1.00      0.91         5
         246       0.00      0.00      0.00         1
         247       0.87      0.95      0.91       404
         248       0.81      0.61      0.69        28
         249       0.67      0.25      0.36         8
         250       0.20      0.20      0.20         5
         251       0.50      0.56      0.53         9
         252       0.00      0.00      0.00         1
         253       1.00      0.75      0.86         4
         254       0.67      0.33      0.44         6
         255       0.95      0.96      0.96       287
         256       0.67      0.50      0.57         8
         257       0.80      0.75      0.77        16
         259       0.70      0.78      0.74        18
         261       0.00      0.00      0.00         3
         263       0.70      0.44      0.54        43
         264       0.27      0.43      0.33        14
         265       0.46      0.75      0.57         8
         266       0.43      0.38      0.40         8
         267       1.00      0.50      0.67         2
         268       0.00      0.00      0.00         1
         269       1.00      0.25      0.40         4
         271       1.00      0.80      0.89         5
         272       0.00      0.00      0.00         1
         273       1.00      0.50      0.67         2
         274       0.88      0.93      0.91       528
         275       0.65      0.69      0.67        16
         276       0.46      0.43      0.44        14
         277       0.00      0.00      0.00        10
         278       0.80      0.40      0.53        20
         279       0.00      0.00      0.00         2
         280       0.00      0.00      0.00         3
         281       0.50      0.25      0.33         4
         282       0.90      0.94      0.92       277
         283       0.50      0.38      0.43         8
         284       0.33      0.38      0.35         8
         286       0.79      0.72      0.75        32
         288       1.00      0.14      0.25         7
         290       0.55      0.55      0.55        44
         291       0.44      0.39      0.41        18
         292       0.78      0.50      0.61        14
         293       0.50      0.50      0.50         4
         295       0.00      0.00      0.00         1
         296       0.62      0.83      0.71         6
         298       0.67      0.67      0.67         3
         300       1.00      0.33      0.50         3
         301       0.87      0.96      0.91       547
         302       0.83      0.83      0.83        30
         303       0.67      0.33      0.44        12
         304       0.40      0.50      0.44         4
         305       0.57      0.33      0.42        12
         306       0.00      0.00      0.00         1
         307       1.00      0.33      0.50         3
         308       0.80      0.57      0.67         7
         309       0.92      0.96      0.94       314
         310       0.43      1.00      0.60         3
         311       0.67      0.56      0.61        18
         312       0.67      0.67      0.67        24
         313       0.00      0.00      0.00         1
         314       0.44      0.36      0.40        11
         316       0.62      0.52      0.57        48
         317       0.83      0.39      0.54        38
         318       0.54      0.47      0.50        15
         319       0.68      0.77      0.72       264

    accuracy                           0.84     12292
   macro avg       0.58      0.47      0.50     12292
weighted avg       0.83      0.84      0.83     12292

Confusion Matrix:
[[  5   0   0 ...   0   0   0]
 [  1   1   0 ...   0   0   0]
 [  0   0   2 ...   0   0   0]
 ...
 [  0   0   0 ...  15   2   0]
 [  0   0   0 ...   0   7   0]
 [  0   0   0 ...   0   1 204]]
