/home/yaxin/My_Files/ml_final/Chord-Classification/Models/MLP/mlp.py:70: UserWarning: Some classes occur only once — using random split.
  warnings.warn("Some classes occur only once — using random split.")
✅ Using cuda | hidden=[512, 256, 128] | lr=0.0001 | batch_size=64 | epochs=30
✅ Usable samples: 122912
✅ Feature shape: (122912, 128) | Classes: 320
Epoch 01/30 | Loss: 3759.8150
Epoch 02/30 | Loss: 2022.2072
Epoch 03/30 | Loss: 1714.8163
Epoch 04/30 | Loss: 1540.2360
Epoch 05/30 | Loss: 1425.0268
Epoch 06/30 | Loss: 1340.2690
Epoch 07/30 | Loss: 1272.0651
Epoch 08/30 | Loss: 1216.6884
Epoch 09/30 | Loss: 1168.4288
Epoch 10/30 | Loss: 1126.0201
Epoch 11/30 | Loss: 1088.6764
Epoch 12/30 | Loss: 1053.2682
Epoch 13/30 | Loss: 1022.8937
Epoch 14/30 | Loss: 991.5715
Epoch 15/30 | Loss: 964.2533
Epoch 16/30 | Loss: 935.3579
Epoch 17/30 | Loss: 911.7781
Epoch 18/30 | Loss: 886.1796
Epoch 19/30 | Loss: 859.8792
Epoch 20/30 | Loss: 838.4278
Epoch 21/30 | Loss: 816.9012
Epoch 22/30 | Loss: 794.0297
Epoch 23/30 | Loss: 773.6072
Epoch 24/30 | Loss: 753.8644
Epoch 25/30 | Loss: 733.6511
Epoch 26/30 | Loss: 715.1134
Epoch 27/30 | Loss: 696.7857
Epoch 28/30 | Loss: 676.8732
Epoch 29/30 | Loss: 659.2403
Epoch 30/30 | Loss: 642.8046

✅ Accuracy: 0.842 | Macro F1-score: 0.501

Classification Report:
              precision    recall  f1-score   support

           0       0.86      0.60      0.71        10
           1       1.00      0.50      0.67         4
           2       1.00      0.67      0.80         3
           3       1.00      0.20      0.33         5
           4       0.00      0.00      0.00         1
           5       0.33      0.25      0.29         4
           7       1.00      1.00      1.00         1
           8       0.91      0.95      0.93       493
           9       0.70      0.74      0.72        19
          10       0.50      0.43      0.46         7
          11       0.50      0.25      0.33         4
          12       0.77      0.56      0.65        18
          13       1.00      1.00      1.00         1
          14       0.00      0.00      0.00         1
          15       0.33      0.75      0.46         4
          16       0.92      0.94      0.93       397
          17       0.75      0.81      0.78        26
          18       1.00      0.62      0.77         8
          20       0.60      0.74      0.66        34
          21       0.00      0.00      0.00         0
          22       0.75      0.29      0.41        21
          24       0.55      0.49      0.52        47
          25       0.39      0.69      0.50        13
          26       0.00      0.00      0.00         6
          27       0.33      0.50      0.40         4
          28       0.00      0.00      0.00         1
          29       0.00      0.00      0.00         2
          30       1.00      0.25      0.40         4
          32       0.75      0.60      0.67         5
          33       0.50      0.33      0.40         3
          34       1.00      1.00      1.00         1
          35       0.92      0.89      0.91       450
          36       1.00      0.82      0.90        17
          37       0.33      0.33      0.33         6
          38       0.40      0.44      0.42         9
          39       0.69      0.56      0.62        16
          41       0.50      1.00      0.67         1
          42       0.71      0.45      0.56        11
          43       0.89      0.94      0.92       259
          44       1.00      0.83      0.91         6
          45       0.50      0.42      0.45        12
          46       0.00      0.00      0.00         1
          47       0.70      0.73      0.72        26
          48       1.00      1.00      1.00         2
          49       0.78      0.54      0.64        13
          50       0.00      0.00      0.00         1
          51       0.66      0.55      0.60        42
          52       0.52      0.61      0.56        28
          53       0.36      0.56      0.43         9
          54       0.75      0.75      0.75         4
          56       1.00      0.50      0.67         2
          57       1.00      0.50      0.67         4
          59       0.80      0.73      0.76        11
          60       0.50      1.00      0.67         2
          61       0.89      0.95      0.92       351
          62       0.75      0.92      0.83        13
          63       0.70      0.61      0.65        23
          64       0.50      0.25      0.33         4
          65       0.71      0.45      0.56        11
          66       0.00      0.00      0.00         0
          67       0.00      0.00      0.00         2
          68       0.75      0.45      0.56        20
          69       0.90      0.97      0.93       298
          70       0.80      0.50      0.62         8
          71       0.00      0.00      0.00         1
          73       0.92      0.73      0.81        62
          74       0.00      0.00      0.00         1
          75       0.80      0.29      0.42        14
          76       0.75      0.60      0.67        45
          77       0.78      0.70      0.74        20
          78       0.27      0.50      0.35         6
          79       0.67      0.33      0.44         6
          82       1.00      0.33      0.50         3
          84       1.00      1.00      1.00         3
          85       1.00      1.00      1.00         2
          86       0.91      0.92      0.92       457
          87       0.61      0.69      0.65        16
          88       1.00      0.25      0.40        20
          89       0.83      0.45      0.59        11
          90       0.43      0.60      0.50        15
          91       0.00      0.00      0.00         2
          92       1.00      0.33      0.50         3
          93       0.29      0.40      0.33         5
          94       0.87      0.96      0.91       298
          95       0.67      0.50      0.57         4
          96       0.50      1.00      0.67         1
          98       0.79      0.45      0.58        42
         100       0.33      0.12      0.18         8
         102       0.57      0.77      0.65        43
         103       0.77      0.61      0.68        28
         104       0.44      0.31      0.36        13
         105       1.00      0.80      0.89         5
         106       0.00      0.00      0.00         1
         107       1.00      0.17      0.29         6
         108       1.00      0.80      0.89         5
         109       0.14      0.50      0.22         2
         110       0.50      1.00      0.67         3
         111       1.00      0.75      0.86         4
         112       0.00      0.00      0.00         2
         113       0.88      0.92      0.90       404
         114       0.46      0.72      0.57        18
         115       0.33      0.19      0.24        27
         116       0.33      0.50      0.40         4
         117       0.38      0.38      0.38         8
         118       1.00      0.25      0.40         4
         119       0.00      0.00      0.00         2
         120       0.50      0.33      0.40         9
         121       0.89      0.95      0.92       283
         122       1.00      0.25      0.40        12
         123       0.25      0.17      0.20         6
         125       0.82      0.61      0.70        23
         127       0.60      0.50      0.55         6
         129       0.73      0.57      0.64        56
         130       0.57      0.48      0.52        27
         131       0.20      0.11      0.14         9
         132       0.17      0.33      0.22         3
         134       0.00      0.00      0.00         3
         135       0.00      0.00      0.00         1
         136       1.00      0.25      0.40         4
         137       1.00      1.00      1.00         6
         138       0.00      0.00      0.00         0
         140       0.90      0.94      0.92       524
         141       0.86      0.58      0.69        31
         142       0.75      0.68      0.71        53
         143       0.50      0.17      0.25         6
         144       0.71      0.28      0.40        18
         145       0.00      0.00      0.00         4
         146       1.00      1.00      1.00         1
         147       0.55      0.75      0.63         8
         148       0.92      0.92      0.92       274
         149       0.69      0.79      0.73        14
         150       0.29      0.23      0.26        22
         151       0.00      0.00      0.00         0
         152       0.67      0.64      0.65        28
         153       1.00      0.25      0.40         4
         154       0.44      0.67      0.53         6
         156       0.63      0.74      0.68        84
         157       0.52      0.61      0.56        23
         158       0.50      0.38      0.43         8
         159       0.62      0.65      0.63        20
         160       0.00      0.00      0.00         1
         161       0.25      0.17      0.20         6
         162       0.75      0.43      0.55         7
         163       0.80      1.00      0.89         4
         164       1.00      1.00      1.00         4
         165       0.00      0.00      0.00         0
         166       0.00      0.00      0.00         0
         167       0.90      0.92      0.91       463
         168       0.88      0.50      0.64        28
         169       0.50      0.39      0.44        23
         170       0.00      0.00      0.00         4
         171       0.33      0.17      0.22         6
         173       0.00      0.00      0.00         1
         174       0.80      0.67      0.73         6
         175       0.86      0.96      0.91       313
         176       0.92      0.71      0.80        31
         177       0.67      0.29      0.40        14
         178       0.00      0.00      0.00         1
         179       0.86      0.69      0.76        35
         180       1.00      0.50      0.67         2
         181       0.50      0.33      0.40        12
         182       0.57      0.66      0.61        59
         183       0.42      0.68      0.52        25
         184       1.00      0.50      0.67        12
         185       0.67      0.57      0.62         7
         186       0.00      0.00      0.00         1
         187       1.00      1.00      1.00         1
         188       0.00      0.00      0.00         1
         189       0.00      0.00      0.00         1
         190       1.00      0.83      0.91         6
         191       0.00      0.00      0.00         0
         192       1.00      0.33      0.50         3
         193       0.89      0.96      0.92       460
         194       0.62      0.77      0.69        26
         195       0.44      0.27      0.33        15
         196       0.00      0.00      0.00         4
         197       0.86      0.50      0.63        12
         198       0.00      0.00      0.00         2
         199       0.00      0.00      0.00         1
         200       1.00      0.20      0.33         5
         201       0.92      0.94      0.93       348
         202       0.57      0.40      0.47        10
         203       0.56      0.43      0.49        21
         204       0.00      0.00      0.00         1
         205       0.71      0.76      0.73        38
         206       1.00      0.75      0.86         4
         207       0.33      0.17      0.22         6
         209       0.70      0.50      0.58        28
         210       0.67      0.54      0.60        26
         211       0.62      0.71      0.67         7
         212       0.86      0.75      0.80         8
         213       0.00      0.00      0.00         2
         214       0.00      0.00      0.00         1
         215       1.00      0.33      0.50         3
         217       0.67      1.00      0.80         2
         219       0.00      0.00      0.00         1
         220       0.91      0.94      0.93       453
         221       0.69      0.71      0.70        31
         222       0.47      0.56      0.51        25
         223       0.14      0.20      0.17         5
         224       0.42      0.45      0.43        11
         225       0.00      0.00      0.00         2
         226       0.00      0.00      0.00         1
         227       1.00      0.50      0.67        10
         228       0.90      0.94      0.92       218
         229       0.40      0.40      0.40         5
         230       0.58      0.41      0.48        17
         231       1.00      0.33      0.50         3
         232       0.87      0.79      0.83        34
         233       0.00      0.00      0.00         2
         234       0.60      0.43      0.50         7
         236       0.67      0.76      0.71        37
         237       0.52      0.48      0.50        27
         238       0.78      0.64      0.70        11
         239       0.60      0.75      0.67         4
         241       1.00      0.50      0.67         2
         242       1.00      0.25      0.40         4
         243       1.00      1.00      1.00         1
         244       0.67      0.80      0.73         5
         246       1.00      1.00      1.00         1
         247       0.89      0.95      0.92       404
         248       0.83      0.68      0.75        28
         249       1.00      0.25      0.40         8
         250       0.00      0.00      0.00         5
         251       0.50      0.56      0.53         9
         252       0.00      0.00      0.00         1
         253       1.00      1.00      1.00         4
         254       0.60      0.50      0.55         6
         255       0.92      0.97      0.95       287
         256       0.60      0.38      0.46         8
         257       1.00      0.56      0.72        16
         259       0.64      0.78      0.70        18
         261       0.00      0.00      0.00         3
         263       0.71      0.47      0.56        43
         264       0.21      0.21      0.21        14
         265       0.80      0.50      0.62         8
         266       0.60      0.38      0.46         8
         267       1.00      0.50      0.67         2
         268       0.00      0.00      0.00         1
         269       0.00      0.00      0.00         4
         271       0.57      0.80      0.67         5
         272       0.00      0.00      0.00         1
         273       1.00      0.50      0.67         2
         274       0.89      0.93      0.91       528
         275       0.90      0.56      0.69        16
         276       0.73      0.57      0.64        14
         277       0.25      0.20      0.22        10
         278       0.73      0.55      0.63        20
         279       0.00      0.00      0.00         2
         280       0.00      0.00      0.00         3
         281       0.00      0.00      0.00         4
         282       0.91      0.94      0.92       277
         283       0.80      0.50      0.62         8
         284       0.31      0.62      0.42         8
         286       0.76      0.69      0.72        32
         288       0.25      0.14      0.18         7
         290       0.59      0.61      0.60        44
         291       0.53      0.44      0.48        18
         292       0.56      0.64      0.60        14
         293       0.33      0.25      0.29         4
         295       0.00      0.00      0.00         1
         296       0.83      0.83      0.83         6
         298       1.00      0.67      0.80         3
         300       1.00      0.33      0.50         3
         301       0.91      0.92      0.91       547
         302       0.68      0.87      0.76        30
         303       0.50      0.25      0.33        12
         304       0.60      0.75      0.67         4
         305       0.83      0.42      0.56        12
         306       0.00      0.00      0.00         1
         307       1.00      0.33      0.50         3
         308       0.67      0.57      0.62         7
         309       0.90      0.96      0.93       314
         310       0.00      0.00      0.00         3
         311       0.50      0.39      0.44        18
         312       0.75      0.62      0.68        24
         313       0.00      0.00      0.00         1
         314       0.38      0.27      0.32        11
         316       0.55      0.67      0.60        48
         317       0.90      0.47      0.62        38
         318       0.47      0.60      0.53        15
         319       0.78      0.72      0.75       264

    accuracy                           0.84     12292
   macro avg       0.58      0.48      0.50     12292
weighted avg       0.84      0.84      0.84     12292

Confusion Matrix:
[[  6   0   0 ...   0   0   0]
 [  0   2   0 ...   0   0   0]
 [  0   0   2 ...   0   0   0]
 ...
 [  0   0   0 ...  18   1   0]
 [  0   0   0 ...   0   9   0]
 [  0   0   0 ...   0   1 191]]
