/home/yaxin/My_Files/ml_final/Chord-Classification/Models/MLP/mlp.py:70: UserWarning: Some classes occur only once — using random split.
  warnings.warn("Some classes occur only once — using random split.")
✅ Using cuda | hidden=[512, 256, 128] | lr=0.001 | batch_size=64 | epochs=10
✅ Usable samples: 122912
✅ Feature shape: (122912, 128) | Classes: 320
Epoch 01/10 | Loss: 2124.2179
Epoch 02/10 | Loss: 1331.5169
Epoch 03/10 | Loss: 1138.8040
Epoch 04/10 | Loss: 993.3495
Epoch 05/10 | Loss: 883.0520
Epoch 06/10 | Loss: 784.7893
Epoch 07/10 | Loss: 702.2679
Epoch 08/10 | Loss: 630.9321
Epoch 09/10 | Loss: 566.7477
Epoch 10/10 | Loss: 518.4643

✅ Accuracy: 0.848 | Macro F1-score: 0.543

Classification Report:
              precision    recall  f1-score   support

           0       0.78      0.70      0.74        10
           1       1.00      0.25      0.40         4
           2       0.50      0.33      0.40         3
           3       1.00      0.80      0.89         5
           4       0.00      0.00      0.00         1
           5       0.50      0.50      0.50         4
           7       0.33      1.00      0.50         1
           8       0.90      0.94      0.92       493
           9       0.76      0.84      0.80        19
          10       0.33      0.86      0.48         7
          11       0.00      0.00      0.00         4
          12       0.69      0.50      0.58        18
          13       0.50      1.00      0.67         1
          14       0.00      0.00      0.00         1
          15       0.60      0.75      0.67         4
          16       0.92      0.95      0.94       397
          17       0.82      0.88      0.85        26
          18       1.00      0.50      0.67         8
          20       0.71      0.71      0.71        34
          22       0.69      0.43      0.53        21
          24       0.69      0.38      0.49        47
          25       0.64      0.54      0.58        13
          26       0.50      0.50      0.50         6
          27       1.00      0.25      0.40         4
          28       0.00      0.00      0.00         1
          29       0.50      0.50      0.50         2
          30       0.75      0.75      0.75         4
          32       1.00      0.60      0.75         5
          33       0.50      0.33      0.40         3
          34       0.00      0.00      0.00         1
          35       0.91      0.93      0.92       450
          36       1.00      0.88      0.94        17
          37       0.71      0.83      0.77         6
          38       0.71      0.56      0.62         9
          39       0.69      0.56      0.62        16
          40       0.00      0.00      0.00         0
          41       1.00      1.00      1.00         1
          42       0.83      0.45      0.59        11
          43       0.86      0.97      0.91       259
          44       0.57      0.67      0.62         6
          45       0.80      0.67      0.73        12
          46       0.00      0.00      0.00         1
          47       0.83      0.58      0.68        26
          48       1.00      0.50      0.67         2
          49       1.00      0.54      0.70        13
          50       0.00      0.00      0.00         1
          51       0.60      0.50      0.55        42
          52       0.59      0.57      0.58        28
          53       0.29      0.44      0.35         9
          54       0.50      0.50      0.50         4
          56       0.00      0.00      0.00         2
          57       0.67      0.50      0.57         4
          59       0.80      0.73      0.76        11
          60       0.67      1.00      0.80         2
          61       0.88      0.94      0.91       351
          62       0.80      0.92      0.86        13
          63       0.87      0.87      0.87        23
          64       1.00      0.50      0.67         4
          65       0.50      0.18      0.27        11
          66       0.00      0.00      0.00         0
          67       1.00      0.50      0.67         2
          68       0.93      0.70      0.80        20
          69       0.91      0.96      0.94       298
          70       0.67      0.75      0.71         8
          71       1.00      1.00      1.00         1
          73       0.95      0.61      0.75        62
          74       0.00      0.00      0.00         1
          75       0.75      0.43      0.55        14
          76       0.76      0.56      0.64        45
          77       0.57      0.65      0.60        20
          78       0.67      0.33      0.44         6
          79       0.57      0.67      0.62         6
          82       1.00      0.67      0.80         3
          83       0.00      0.00      0.00         0
          84       1.00      1.00      1.00         3
          85       1.00      1.00      1.00         2
          86       0.92      0.90      0.91       457
          87       0.52      0.69      0.59        16
          88       0.67      0.50      0.57        20
          89       0.30      0.55      0.39        11
          90       0.88      0.47      0.61        15
          91       0.00      0.00      0.00         2
          92       0.50      0.33      0.40         3
          93       0.30      0.60      0.40         5
          94       0.91      0.94      0.92       298
          95       0.50      0.75      0.60         4
          96       1.00      1.00      1.00         1
          98       0.79      0.74      0.77        42
         100       0.17      0.12      0.14         8
         102       0.82      0.63      0.71        43
         103       0.74      0.50      0.60        28
         104       0.70      0.54      0.61        13
         105       1.00      0.60      0.75         5
         106       0.00      0.00      0.00         1
         107       1.00      0.33      0.50         6
         108       1.00      0.80      0.89         5
         109       1.00      0.50      0.67         2
         110       0.75      1.00      0.86         3
         111       0.75      0.75      0.75         4
         112       0.00      0.00      0.00         2
         113       0.90      0.89      0.90       404
         114       0.45      0.94      0.61        18
         115       0.62      0.30      0.40        27
         116       0.33      0.50      0.40         4
         117       0.50      0.38      0.43         8
         118       1.00      0.25      0.40         4
         119       0.00      0.00      0.00         2
         120       0.44      0.44      0.44         9
         121       0.88      0.94      0.91       283
         122       1.00      0.17      0.29        12
         123       0.00      0.00      0.00         6
         125       0.89      0.74      0.81        23
         127       0.50      0.33      0.40         6
         129       0.67      0.71      0.69        56
         130       0.74      0.63      0.68        27
         131       0.50      0.33      0.40         9
         132       0.00      0.00      0.00         3
         134       1.00      0.33      0.50         3
         135       0.50      1.00      0.67         1
         136       1.00      0.25      0.40         4
         137       1.00      0.83      0.91         6
         138       0.00      0.00      0.00         0
         140       0.88      0.94      0.91       524
         141       0.93      0.42      0.58        31
         142       0.80      0.68      0.73        53
         143       0.33      0.33      0.33         6
         144       0.83      0.28      0.42        18
         145       0.50      0.25      0.33         4
         146       1.00      1.00      1.00         1
         147       0.43      0.75      0.55         8
         148       0.95      0.91      0.93       274
         149       0.75      0.86      0.80        14
         150       0.53      0.36      0.43        22
         152       0.65      0.79      0.71        28
         153       1.00      0.50      0.67         4
         154       0.40      0.33      0.36         6
         156       0.75      0.61      0.67        84
         157       0.65      0.48      0.55        23
         158       0.43      0.38      0.40         8
         159       0.93      0.70      0.80        20
         160       0.00      0.00      0.00         1
         161       1.00      0.33      0.50         6
         162       0.67      0.57      0.62         7
         163       1.00      0.50      0.67         4
         164       1.00      1.00      1.00         4
         165       0.00      0.00      0.00         0
         167       0.90      0.89      0.90       463
         168       0.55      0.64      0.59        28
         169       0.50      0.39      0.44        23
         170       0.00      0.00      0.00         4
         171       0.38      0.50      0.43         6
         172       0.00      0.00      0.00         0
         173       0.00      0.00      0.00         1
         174       0.71      0.83      0.77         6
         175       0.94      0.92      0.93       313
         176       0.96      0.84      0.90        31
         177       0.70      0.50      0.58        14
         178       0.50      1.00      0.67         1
         179       0.82      0.66      0.73        35
         180       0.00      0.00      0.00         2
         181       0.50      0.58      0.54        12
         182       0.57      0.64      0.60        59
         183       0.65      0.68      0.67        25
         184       0.58      0.58      0.58        12
         185       1.00      0.71      0.83         7
         186       0.00      0.00      0.00         1
         187       0.00      0.00      0.00         1
         188       0.00      0.00      0.00         1
         189       0.00      0.00      0.00         1
         190       1.00      0.83      0.91         6
         191       0.00      0.00      0.00         0
         192       0.00      0.00      0.00         3
         193       0.93      0.93      0.93       460
         194       0.74      0.65      0.69        26
         195       0.43      0.40      0.41        15
         196       0.50      0.75      0.60         4
         197       0.60      0.50      0.55        12
         198       0.00      0.00      0.00         2
         199       1.00      1.00      1.00         1
         200       0.33      0.20      0.25         5
         201       0.90      0.97      0.93       348
         202       0.56      0.50      0.53        10
         203       0.69      0.43      0.53        21
         204       1.00      1.00      1.00         1
         205       0.79      0.68      0.73        38
         206       0.67      1.00      0.80         4
         207       0.60      0.50      0.55         6
         209       0.89      0.61      0.72        28
         210       0.84      0.62      0.71        26
         211       0.60      0.86      0.71         7
         212       1.00      0.88      0.93         8
         213       1.00      1.00      1.00         2
         214       0.00      0.00      0.00         1
         215       0.50      0.33      0.40         3
         217       0.67      1.00      0.80         2
         219       0.00      0.00      0.00         1
         220       0.91      0.96      0.94       453
         221       0.68      0.84      0.75        31
         222       0.65      0.52      0.58        25
         223       0.40      0.40      0.40         5
         224       0.29      0.18      0.22        11
         225       1.00      0.50      0.67         2
         226       1.00      1.00      1.00         1
         227       0.70      0.70      0.70        10
         228       0.91      0.94      0.93       218
         229       0.67      0.80      0.73         5
         230       0.50      0.47      0.48        17
         231       0.00      0.00      0.00         3
         232       0.81      0.74      0.77        34
         233       0.00      0.00      0.00         2
         234       0.57      0.57      0.57         7
         236       0.57      0.65      0.61        37
         237       0.57      0.78      0.66        27
         238       0.53      0.82      0.64        11
         239       0.50      0.50      0.50         4
         241       1.00      0.50      0.67         2
         242       0.00      0.00      0.00         4
         243       1.00      1.00      1.00         1
         244       1.00      0.80      0.89         5
         246       1.00      1.00      1.00         1
         247       0.91      0.94      0.92       404
         248       0.75      0.75      0.75        28
         249       1.00      0.25      0.40         8
         250       0.00      0.00      0.00         5
         251       0.56      0.56      0.56         9
         252       0.33      1.00      0.50         1
         253       0.80      1.00      0.89         4
         254       1.00      0.50      0.67         6
         255       0.96      0.96      0.96       287
         256       0.83      0.62      0.71         8
         257       0.86      0.75      0.80        16
         259       0.65      0.83      0.73        18
         260       0.00      0.00      0.00         0
         261       0.00      0.00      0.00         3
         263       0.64      0.63      0.64        43
         264       0.24      0.29      0.26        14
         265       0.62      0.62      0.62         8
         266       0.80      0.50      0.62         8
         267       0.00      0.00      0.00         2
         268       0.00      0.00      0.00         1
         269       0.00      0.00      0.00         4
         271       0.80      0.80      0.80         5
         272       0.00      0.00      0.00         1
         273       0.00      0.00      0.00         2
         274       0.93      0.89      0.91       528
         275       0.59      0.81      0.68        16
         276       0.60      0.64      0.62        14
         277       0.67      0.40      0.50        10
         278       0.77      0.50      0.61        20
         279       0.00      0.00      0.00         2
         280       1.00      0.33      0.50         3
         281       0.12      0.25      0.17         4
         282       0.93      0.91      0.92       277
         283       0.50      0.62      0.56         8
         284       0.38      0.38      0.38         8
         286       0.62      0.72      0.67        32
         288       0.75      0.43      0.55         7
         290       0.50      0.73      0.59        44
         291       0.56      0.56      0.56        18
         292       0.70      0.50      0.58        14
         293       1.00      0.25      0.40         4
         295       0.00      0.00      0.00         1
         296       0.83      0.83      0.83         6
         298       0.60      1.00      0.75         3
         300       0.00      0.00      0.00         3
         301       0.89      0.94      0.91       547
         302       0.71      0.80      0.75        30
         303       0.62      0.42      0.50        12
         304       0.75      0.75      0.75         4
         305       0.47      0.67      0.55        12
         306       0.00      0.00      0.00         1
         307       1.00      0.67      0.80         3
         308       0.40      0.57      0.47         7
         309       0.93      0.96      0.95       314
         310       0.25      0.67      0.36         3
         311       0.71      0.28      0.40        18
         312       0.83      0.79      0.81        24
         313       0.00      0.00      0.00         1
         314       0.50      0.45      0.48        11
         316       0.61      0.52      0.56        48
         317       0.80      0.63      0.71        38
         318       0.60      0.60      0.60        15
         319       0.60      0.78      0.68       264

    accuracy                           0.85     12292
   macro avg       0.60      0.54      0.54     12292
weighted avg       0.85      0.85      0.84     12292

Confusion Matrix:
[[  7   0   0 ...   0   0   0]
 [  0   1   0 ...   0   0   0]
 [  1   0   1 ...   0   0   0]
 ...
 [  0   0   0 ...  24   1   0]
 [  0   0   0 ...   0   9   0]
 [  0   0   0 ...   0   1 206]]
