/home/yaxin/My_Files/ml_final/Chord-Classification/Models/MLP/mlp.py:70: UserWarning: Some classes occur only once — using random split.
  warnings.warn("Some classes occur only once — using random split.")
✅ Using cuda | hidden=[256, 128] | lr=0.001 | batch_size=32 | epochs=30
✅ Usable samples: 122912
✅ Feature shape: (122912, 128) | Classes: 320
Epoch 01/30 | Loss: 4037.3845
Epoch 02/30 | Loss: 2585.8300
Epoch 03/30 | Loss: 2230.7665
Epoch 04/30 | Loss: 1985.4977
Epoch 05/30 | Loss: 1787.4910
Epoch 06/30 | Loss: 1635.9764
Epoch 07/30 | Loss: 1509.0252
Epoch 08/30 | Loss: 1404.2443
Epoch 09/30 | Loss: 1296.5083
Epoch 10/30 | Loss: 1216.0896
Epoch 11/30 | Loss: 1141.6802
Epoch 12/30 | Loss: 1085.6307
Epoch 13/30 | Loss: 1026.3305
Epoch 14/30 | Loss: 965.8185
Epoch 15/30 | Loss: 924.7842
Epoch 16/30 | Loss: 881.8821
Epoch 17/30 | Loss: 855.5614
Epoch 18/30 | Loss: 824.8011
Epoch 19/30 | Loss: 783.0925
Epoch 20/30 | Loss: 755.9795
Epoch 21/30 | Loss: 750.1073
Epoch 22/30 | Loss: 712.9775
Epoch 23/30 | Loss: 706.3103
Epoch 24/30 | Loss: 669.3336
Epoch 25/30 | Loss: 656.2513
Epoch 26/30 | Loss: 653.0054
Epoch 27/30 | Loss: 634.9671
Epoch 28/30 | Loss: 619.5274
Epoch 29/30 | Loss: 607.1614
Epoch 30/30 | Loss: 588.0969

✅ Accuracy: 0.844 | Macro F1-score: 0.574

Classification Report:
              precision    recall  f1-score   support

           0       0.50      0.60      0.55        10
           1       1.00      0.25      0.40         4
           2       1.00      0.67      0.80         3
           3       0.67      0.80      0.73         5
           4       0.00      0.00      0.00         1
           5       0.00      0.00      0.00         4
           7       0.50      1.00      0.67         1
           8       0.92      0.93      0.93       493
           9       0.71      0.89      0.79        19
          10       0.86      0.86      0.86         7
          11       0.22      0.50      0.31         4
          12       1.00      0.33      0.50        18
          13       1.00      1.00      1.00         1
          14       0.00      0.00      0.00         1
          15       1.00      0.75      0.86         4
          16       0.94      0.90      0.92       397
          17       0.79      0.85      0.81        26
          18       0.80      0.50      0.62         8
          19       0.00      0.00      0.00         0
          20       0.63      0.76      0.69        34
          22       0.53      0.38      0.44        21
          24       0.60      0.51      0.55        47
          25       0.41      0.69      0.51        13
          26       1.00      0.17      0.29         6
          27       0.50      0.75      0.60         4
          28       0.00      0.00      0.00         1
          29       0.33      0.50      0.40         2
          30       0.50      0.50      0.50         4
          32       0.80      0.80      0.80         5
          33       1.00      0.67      0.80         3
          34       1.00      1.00      1.00         1
          35       0.91      0.92      0.91       450
          36       0.92      0.65      0.76        17
          37       0.30      1.00      0.46         6
          38       1.00      0.33      0.50         9
          39       0.93      0.81      0.87        16
          40       0.00      0.00      0.00         0
          41       0.33      1.00      0.50         1
          42       0.62      0.45      0.53        11
          43       0.95      0.92      0.93       259
          44       1.00      0.67      0.80         6
          45       0.70      0.58      0.64        12
          46       0.50      1.00      0.67         1
          47       0.72      0.88      0.79        26
          48       1.00      1.00      1.00         2
          49       0.62      0.62      0.62        13
          50       0.00      0.00      0.00         1
          51       0.66      0.50      0.57        42
          52       0.67      0.64      0.65        28
          53       0.43      0.33      0.38         9
          54       1.00      0.50      0.67         4
          56       0.00      0.00      0.00         2
          57       0.50      0.50      0.50         4
          59       1.00      0.64      0.78        11
          60       0.25      0.50      0.33         2
          61       0.89      0.90      0.90       351
          62       0.80      0.92      0.86        13
          63       0.66      0.83      0.73        23
          64       0.67      0.50      0.57         4
          65       0.54      0.64      0.58        11
          66       0.00      0.00      0.00         0
          67       1.00      0.50      0.67         2
          68       0.76      0.80      0.78        20
          69       0.92      0.95      0.93       298
          70       0.67      0.75      0.71         8
          71       1.00      1.00      1.00         1
          73       0.93      0.68      0.79        62
          74       0.00      0.00      0.00         1
          75       1.00      0.21      0.35        14
          76       0.67      0.62      0.64        45
          77       0.70      0.80      0.74        20
          78       0.33      0.17      0.22         6
          79       0.67      0.33      0.44         6
          82       0.40      0.67      0.50         3
          84       0.67      0.67      0.67         3
          85       1.00      1.00      1.00         2
          86       0.91      0.89      0.90       457
          87       0.69      0.56      0.62        16
          88       0.52      0.60      0.56        20
          89       0.62      0.73      0.67        11
          90       0.45      0.60      0.51        15
          91       0.00      0.00      0.00         2
          92       0.67      0.67      0.67         3
          93       0.71      1.00      0.83         5
          94       0.89      0.95      0.92       298
          95       0.75      0.75      0.75         4
          96       0.50      1.00      0.67         1
          98       0.84      0.64      0.73        42
          99       0.00      0.00      0.00         0
         100       0.29      0.25      0.27         8
         102       0.64      0.70      0.67        43
         103       0.59      0.71      0.65        28
         104       0.80      0.62      0.70        13
         105       1.00      0.60      0.75         5
         106       0.00      0.00      0.00         1
         107       0.67      0.33      0.44         6
         108       0.83      1.00      0.91         5
         109       0.50      0.50      0.50         2
         110       0.67      0.67      0.67         3
         111       1.00      1.00      1.00         4
         112       0.00      0.00      0.00         2
         113       0.88      0.89      0.89       404
         114       0.56      0.83      0.67        18
         115       0.58      0.41      0.48        27
         116       0.30      0.75      0.43         4
         117       0.80      0.50      0.62         8
         118       0.50      0.50      0.50         4
         119       0.00      0.00      0.00         2
         120       0.60      0.33      0.43         9
         121       0.90      0.92      0.91       283
         122       0.44      0.33      0.38        12
         123       0.14      0.17      0.15         6
         125       1.00      0.65      0.79        23
         127       1.00      0.50      0.67         6
         129       0.78      0.71      0.75        56
         130       0.47      0.63      0.54        27
         131       0.67      0.44      0.53         9
         132       0.00      0.00      0.00         3
         134       1.00      0.33      0.50         3
         135       0.17      1.00      0.29         1
         136       1.00      0.25      0.40         4
         137       1.00      0.83      0.91         6
         140       0.91      0.93      0.92       524
         141       0.68      0.61      0.64        31
         142       0.73      0.66      0.69        53
         143       0.50      0.67      0.57         6
         144       0.47      0.39      0.42        18
         145       0.80      1.00      0.89         4
         146       0.00      0.00      0.00         1
         147       1.00      0.75      0.86         8
         148       0.93      0.92      0.92       274
         149       0.72      0.93      0.81        14
         150       0.47      0.36      0.41        22
         152       0.63      0.68      0.66        28
         153       0.75      0.75      0.75         4
         154       0.33      0.33      0.33         6
         156       0.71      0.67      0.69        84
         157       0.72      0.57      0.63        23
         158       0.62      0.62      0.62         8
         159       0.63      0.60      0.62        20
         160       0.00      0.00      0.00         1
         161       0.40      0.33      0.36         6
         162       0.50      0.29      0.36         7
         163       0.75      0.75      0.75         4
         164       1.00      1.00      1.00         4
         165       0.00      0.00      0.00         0
         167       0.88      0.94      0.91       463
         168       0.73      0.68      0.70        28
         169       0.52      0.57      0.54        23
         170       0.00      0.00      0.00         4
         171       1.00      0.17      0.29         6
         172       0.00      0.00      0.00         0
         173       0.00      0.00      0.00         1
         174       0.67      0.67      0.67         6
         175       0.92      0.94      0.93       313
         176       0.96      0.87      0.92        31
         177       0.50      0.50      0.50        14
         178       0.50      1.00      0.67         1
         179       0.81      0.71      0.76        35
         180       1.00      0.50      0.67         2
         181       0.50      0.33      0.40        12
         182       0.74      0.44      0.55        59
         183       0.55      0.64      0.59        25
         184       0.88      0.58      0.70        12
         185       0.83      0.71      0.77         7
         186       0.00      0.00      0.00         1
         187       1.00      1.00      1.00         1
         188       0.00      0.00      0.00         1
         189       1.00      1.00      1.00         1
         190       1.00      0.83      0.91         6
         192       1.00      0.67      0.80         3
         193       0.90      0.94      0.92       460
         194       0.84      0.81      0.82        26
         195       0.44      0.27      0.33        15
         196       1.00      0.75      0.86         4
         197       0.83      0.42      0.56        12
         198       1.00      0.50      0.67         2
         199       0.50      1.00      0.67         1
         200       0.33      0.20      0.25         5
         201       0.93      0.91      0.92       348
         202       0.60      0.30      0.40        10
         203       0.52      0.67      0.58        21
         204       1.00      1.00      1.00         1
         205       0.63      0.84      0.72        38
         206       1.00      0.25      0.40         4
         207       0.50      0.33      0.40         6
         208       0.00      0.00      0.00         0
         209       0.60      0.64      0.62        28
         210       0.67      0.38      0.49        26
         211       0.67      0.57      0.62         7
         212       0.88      0.88      0.88         8
         213       1.00      1.00      1.00         2
         214       0.00      0.00      0.00         1
         215       1.00      1.00      1.00         3
         216       0.00      0.00      0.00         0
         217       0.67      1.00      0.80         2
         219       0.00      0.00      0.00         1
         220       0.91      0.95      0.93       453
         221       0.71      0.65      0.68        31
         222       0.78      0.56      0.65        25
         223       0.33      0.40      0.36         5
         224       0.60      0.55      0.57        11
         225       1.00      1.00      1.00         2
         226       1.00      1.00      1.00         1
         227       0.83      0.50      0.62        10
         228       0.89      0.93      0.91       218
         229       0.40      0.80      0.53         5
         230       0.32      0.47      0.38        17
         231       1.00      0.33      0.50         3
         232       0.64      0.79      0.71        34
         233       0.00      0.00      0.00         2
         234       0.62      0.71      0.67         7
         236       0.72      0.62      0.67        37
         237       0.82      0.52      0.64        27
         238       0.67      0.36      0.47        11
         239       0.60      0.75      0.67         4
         241       0.00      0.00      0.00         2
         242       0.33      0.25      0.29         4
         243       1.00      1.00      1.00         1
         244       0.71      1.00      0.83         5
         246       1.00      1.00      1.00         1
         247       0.90      0.89      0.90       404
         248       0.79      0.79      0.79        28
         249       1.00      0.25      0.40         8
         250       0.50      0.40      0.44         5
         251       0.46      0.67      0.55         9
         252       0.00      0.00      0.00         1
         253       0.67      1.00      0.80         4
         254       0.33      0.67      0.44         6
         255       0.95      0.96      0.96       287
         256       0.75      0.75      0.75         8
         257       0.82      0.88      0.85        16
         259       0.80      0.89      0.84        18
         261       0.00      0.00      0.00         3
         263       0.56      0.44      0.49        43
         264       0.35      0.43      0.39        14
         265       0.56      0.62      0.59         8
         266       0.80      0.50      0.62         8
         267       1.00      0.50      0.67         2
         268       1.00      1.00      1.00         1
         269       0.00      0.00      0.00         4
         271       0.75      0.60      0.67         5
         272       0.00      0.00      0.00         1
         273       1.00      0.50      0.67         2
         274       0.90      0.92      0.91       528
         275       0.65      0.81      0.72        16
         276       0.82      0.64      0.72        14
         277       0.62      0.50      0.56        10
         278       0.53      0.45      0.49        20
         279       0.00      0.00      0.00         2
         280       0.67      0.67      0.67         3
         281       0.38      0.75      0.50         4
         282       0.92      0.89      0.90       277
         283       0.46      0.75      0.57         8
         284       0.50      0.50      0.50         8
         286       0.62      0.75      0.68        32
         288       0.30      0.43      0.35         7
         290       0.55      0.75      0.63        44
         291       0.58      0.39      0.47        18
         292       0.73      0.57      0.64        14
         293       0.60      0.75      0.67         4
         295       0.00      0.00      0.00         1
         296       0.50      0.50      0.50         6
         298       1.00      1.00      1.00         3
         300       1.00      0.33      0.50         3
         301       0.92      0.92      0.92       547
         302       0.81      0.73      0.77        30
         303       0.86      0.50      0.63        12
         304       1.00      0.50      0.67         4
         305       0.50      0.33      0.40        12
         306       0.00      0.00      0.00         1
         307       0.38      1.00      0.55         3
         308       0.50      0.57      0.53         7
         309       0.93      0.93      0.93       314
         310       0.33      0.33      0.33         3
         311       0.73      0.44      0.55        18
         312       0.62      0.75      0.68        24
         313       0.00      0.00      0.00         1
         314       0.53      0.73      0.62        11
         316       0.45      0.81      0.58        48
         317       0.72      0.61      0.66        38
         318       0.59      0.67      0.62        15
         319       0.65      0.68      0.66       264

    accuracy                           0.84     12292
   macro avg       0.62      0.58      0.57     12292
weighted avg       0.85      0.84      0.84     12292

Confusion Matrix:
[[  6   0   0 ...   0   0   0]
 [  0   1   0 ...   0   0   0]
 [  0   0   2 ...   0   0   0]
 ...
 [  0   0   0 ...  23   0   0]
 [  0   0   0 ...   0  10   0]
 [  0   0   0 ...   0   2 180]]
