/home/yaxin/My_Files/ml_final/Chord-Classification/Models/MLP/mlp.py:70: UserWarning: Some classes occur only once — using random split.
  warnings.warn("Some classes occur only once — using random split.")
✅ Using cuda | hidden=[256, 128] | lr=0.0001 | batch_size=64 | epochs=20
✅ Usable samples: 122912
✅ Feature shape: (122912, 128) | Classes: 320
Epoch 01/20 | Loss: 4378.2995
Epoch 02/20 | Loss: 2262.9179
Epoch 03/20 | Loss: 1889.2924
Epoch 04/20 | Loss: 1694.6357
Epoch 05/20 | Loss: 1567.9611
Epoch 06/20 | Loss: 1477.4073
Epoch 07/20 | Loss: 1405.9905
Epoch 08/20 | Loss: 1348.5367
Epoch 09/20 | Loss: 1302.9583
Epoch 10/20 | Loss: 1261.6935
Epoch 11/20 | Loss: 1227.2275
Epoch 12/20 | Loss: 1194.8963
Epoch 13/20 | Loss: 1166.0457
Epoch 14/20 | Loss: 1140.6389
Epoch 15/20 | Loss: 1115.8038
Epoch 16/20 | Loss: 1093.9464
Epoch 17/20 | Loss: 1072.5798
Epoch 18/20 | Loss: 1053.2887
Epoch 19/20 | Loss: 1034.9469
Epoch 20/20 | Loss: 1016.8654

✅ Accuracy: 0.820 | Macro F1-score: 0.407

Classification Report:
              precision    recall  f1-score   support

           0       0.50      0.10      0.17        10
           1       0.00      0.00      0.00         4
           2       1.00      0.33      0.50         3
           3       0.00      0.00      0.00         5
           4       0.00      0.00      0.00         1
           5       0.67      0.50      0.57         4
           7       0.00      0.00      0.00         1
           8       0.86      0.95      0.90       493
           9       0.65      0.68      0.67        19
          10       1.00      0.14      0.25         7
          11       0.50      0.25      0.33         4
          12       0.61      0.61      0.61        18
          13       1.00      1.00      1.00         1
          14       0.00      0.00      0.00         1
          15       0.25      0.25      0.25         4
          16       0.91      0.95      0.93       397
          17       0.67      0.77      0.71        26
          18       1.00      0.25      0.40         8
          20       0.57      0.62      0.59        34
          21       0.00      0.00      0.00         0
          22       0.60      0.29      0.39        21
          24       0.62      0.45      0.52        47
          25       0.44      0.31      0.36        13
          26       0.00      0.00      0.00         6
          27       0.50      0.50      0.50         4
          28       0.00      0.00      0.00         1
          29       0.00      0.00      0.00         2
          30       0.00      0.00      0.00         4
          32       1.00      0.60      0.75         5
          33       1.00      0.67      0.80         3
          34       1.00      1.00      1.00         1
          35       0.85      0.94      0.89       450
          36       1.00      0.65      0.79        17
          37       0.33      0.17      0.22         6
          38       0.80      0.44      0.57         9
          39       0.57      0.25      0.35        16
          41       0.33      1.00      0.50         1
          42       0.50      0.27      0.35        11
          43       0.83      0.95      0.89       259
          44       1.00      0.33      0.50         6
          45       0.00      0.00      0.00        12
          46       0.00      0.00      0.00         1
          47       0.62      0.69      0.65        26
          48       0.00      0.00      0.00         2
          49       0.50      0.15      0.24        13
          50       0.00      0.00      0.00         1
          51       0.68      0.45      0.54        42
          52       0.56      0.68      0.61        28
          53       0.67      0.44      0.53         9
          54       0.50      0.25      0.33         4
          56       0.00      0.00      0.00         2
          57       1.00      0.50      0.67         4
          59       0.67      0.91      0.77        11
          60       0.00      0.00      0.00         2
          61       0.85      0.93      0.89       351
          62       0.64      0.69      0.67        13
          63       0.58      0.30      0.40        23
          64       1.00      0.25      0.40         4
          65       0.80      0.36      0.50        11
          67       0.00      0.00      0.00         2
          68       0.57      0.40      0.47        20
          69       0.89      0.94      0.91       298
          70       0.75      0.38      0.50         8
          71       0.00      0.00      0.00         1
          73       0.91      0.65      0.75        62
          74       0.00      0.00      0.00         1
          75       0.00      0.00      0.00        14
          76       0.62      0.64      0.63        45
          77       0.67      0.70      0.68        20
          78       0.00      0.00      0.00         6
          79       0.60      0.50      0.55         6
          82       1.00      0.33      0.50         3
          84       1.00      1.00      1.00         3
          85       1.00      1.00      1.00         2
          86       0.87      0.93      0.90       457
          87       0.58      0.44      0.50        16
          88       0.56      0.25      0.34        20
          89       0.75      0.27      0.40        11
          90       0.64      0.47      0.54        15
          91       0.00      0.00      0.00         2
          92       0.00      0.00      0.00         3
          93       0.00      0.00      0.00         5
          94       0.89      0.93      0.91       298
          95       0.25      0.50      0.33         4
          96       0.50      1.00      0.67         1
          98       0.66      0.55      0.60        42
         100       0.00      0.00      0.00         8
         102       0.63      0.63      0.63        43
         103       0.54      0.50      0.52        28
         104       0.50      0.31      0.38        13
         105       0.50      0.40      0.44         5
         106       0.00      0.00      0.00         1
         107       0.00      0.00      0.00         6
         108       1.00      0.80      0.89         5
         109       1.00      0.50      0.67         2
         110       0.50      0.67      0.57         3
         111       1.00      0.25      0.40         4
         112       0.00      0.00      0.00         2
         113       0.85      0.91      0.88       404
         114       0.50      0.67      0.57        18
         115       0.50      0.15      0.23        27
         116       0.50      0.25      0.33         4
         117       0.12      0.12      0.12         8
         118       0.00      0.00      0.00         4
         119       0.00      0.00      0.00         2
         120       0.67      0.22      0.33         9
         121       0.88      0.92      0.90       283
         122       0.40      0.17      0.24        12
         123       1.00      0.17      0.29         6
         125       0.81      0.57      0.67        23
         127       1.00      0.33      0.50         6
         129       0.58      0.55      0.57        56
         130       0.39      0.33      0.36        27
         131       0.20      0.11      0.14         9
         132       0.00      0.00      0.00         3
         134       0.00      0.00      0.00         3
         135       0.00      0.00      0.00         1
         136       1.00      0.50      0.67         4
         137       1.00      1.00      1.00         6
         140       0.85      0.96      0.90       524
         141       0.67      0.58      0.62        31
         142       0.86      0.45      0.59        53
         143       0.00      0.00      0.00         6
         144       0.83      0.28      0.42        18
         145       0.00      0.00      0.00         4
         146       0.00      0.00      0.00         1
         147       0.44      0.50      0.47         8
         148       0.88      0.93      0.91       274
         149       0.60      0.64      0.62        14
         150       0.25      0.09      0.13        22
         152       0.67      0.57      0.62        28
         153       0.00      0.00      0.00         4
         154       0.43      0.50      0.46         6
         156       0.68      0.52      0.59        84
         157       0.72      0.57      0.63        23
         158       0.33      0.25      0.29         8
         159       0.73      0.40      0.52        20
         160       0.00      0.00      0.00         1
         161       0.75      0.50      0.60         6
         162       0.50      0.43      0.46         7
         163       1.00      0.25      0.40         4
         164       1.00      0.75      0.86         4
         165       0.00      0.00      0.00         0
         167       0.86      0.94      0.90       463
         168       0.51      0.64      0.57        28
         169       0.48      0.43      0.45        23
         170       0.00      0.00      0.00         4
         171       0.00      0.00      0.00         6
         173       0.00      0.00      0.00         1
         174       0.50      0.67      0.57         6
         175       0.88      0.96      0.92       313
         176       0.90      0.58      0.71        31
         177       0.43      0.21      0.29        14
         178       0.00      0.00      0.00         1
         179       0.75      0.60      0.67        35
         180       0.00      0.00      0.00         2
         181       0.33      0.25      0.29        12
         182       0.58      0.47      0.52        59
         183       0.53      0.36      0.43        25
         184       0.46      0.50      0.48        12
         185       0.83      0.71      0.77         7
         186       0.00      0.00      0.00         1
         187       0.00      0.00      0.00         1
         188       0.00      0.00      0.00         1
         189       0.00      0.00      0.00         1
         190       0.71      0.83      0.77         6
         191       0.00      0.00      0.00         0
         192       0.00      0.00      0.00         3
         193       0.90      0.93      0.91       460
         194       0.70      0.54      0.61        26
         195       0.40      0.27      0.32        15
         196       0.00      0.00      0.00         4
         197       0.71      0.42      0.53        12
         198       0.00      0.00      0.00         2
         199       0.00      0.00      0.00         1
         200       0.50      0.40      0.44         5
         201       0.88      0.96      0.92       348
         202       0.67      0.20      0.31        10
         203       0.57      0.38      0.46        21
         204       0.00      0.00      0.00         1
         205       0.76      0.74      0.75        38
         206       1.00      0.25      0.40         4
         207       0.00      0.00      0.00         6
         209       0.58      0.39      0.47        28
         210       0.72      0.69      0.71        26
         211       0.33      0.29      0.31         7
         212       0.86      0.75      0.80         8
         213       1.00      0.50      0.67         2
         214       0.00      0.00      0.00         1
         215       1.00      0.33      0.50         3
         217       0.50      0.50      0.50         2
         218       0.00      0.00      0.00         0
         219       0.00      0.00      0.00         1
         220       0.88      0.95      0.91       453
         221       0.83      0.65      0.73        31
         222       0.67      0.32      0.43        25
         223       1.00      0.20      0.33         5
         224       0.50      0.36      0.42        11
         225       0.00      0.00      0.00         2
         226       0.00      0.00      0.00         1
         227       0.57      0.40      0.47        10
         228       0.83      0.94      0.88       218
         229       0.33      0.20      0.25         5
         230       0.38      0.29      0.33        17
         231       0.00      0.00      0.00         3
         232       0.84      0.62      0.71        34
         233       0.00      0.00      0.00         2
         234       0.75      0.43      0.55         7
         236       0.68      0.46      0.55        37
         237       0.61      0.63      0.62        27
         238       0.67      0.55      0.60        11
         239       1.00      0.50      0.67         4
         241       0.00      0.00      0.00         2
         242       0.00      0.00      0.00         4
         243       1.00      1.00      1.00         1
         244       1.00      1.00      1.00         5
         246       0.00      0.00      0.00         1
         247       0.89      0.93      0.91       404
         248       0.68      0.75      0.71        28
         249       1.00      0.25      0.40         8
         250       0.00      0.00      0.00         5
         251       0.33      0.44      0.38         9
         252       0.00      0.00      0.00         1
         253       1.00      0.75      0.86         4
         254       0.50      0.17      0.25         6
         255       0.92      0.97      0.95       287
         256       0.67      0.50      0.57         8
         257       0.73      0.50      0.59        16
         259       0.80      0.67      0.73        18
         261       0.00      0.00      0.00         3
         263       0.65      0.35      0.45        43
         264       0.42      0.36      0.38        14
         265       0.50      0.50      0.50         8
         266       0.50      0.38      0.43         8
         267       1.00      0.50      0.67         2
         268       0.00      0.00      0.00         1
         269       0.00      0.00      0.00         4
         271       1.00      0.80      0.89         5
         272       0.00      0.00      0.00         1
         273       1.00      0.50      0.67         2
         274       0.85      0.94      0.89       528
         275       0.73      0.50      0.59        16
         276       0.71      0.36      0.48        14
         277       0.00      0.00      0.00        10
         278       0.58      0.35      0.44        20
         279       0.00      0.00      0.00         2
         280       0.00      0.00      0.00         3
         281       0.50      0.25      0.33         4
         282       0.88      0.93      0.90       277
         283       0.40      0.25      0.31         8
         284       0.25      0.25      0.25         8
         286       0.73      0.69      0.71        32
         287       0.00      0.00      0.00         0
         288       0.00      0.00      0.00         7
         290       0.48      0.36      0.42        44
         291       0.31      0.50      0.38        18
         292       0.75      0.43      0.55        14
         293       0.50      0.50      0.50         4
         295       0.00      0.00      0.00         1
         296       1.00      0.33      0.50         6
         298       0.67      0.67      0.67         3
         300       1.00      0.33      0.50         3
         301       0.84      0.96      0.90       547
         302       0.71      0.73      0.72        30
         303       0.50      0.33      0.40        12
         304       1.00      0.50      0.67         4
         305       0.50      0.17      0.25        12
         306       0.00      0.00      0.00         1
         307       0.00      0.00      0.00         3
         308       1.00      0.29      0.44         7
         309       0.88      0.96      0.92       314
         310       0.00      0.00      0.00         3
         311       0.70      0.39      0.50        18
         312       0.61      0.58      0.60        24
         313       0.00      0.00      0.00         1
         314       0.40      0.18      0.25        11
         316       0.56      0.38      0.45        48
         317       0.62      0.39      0.48        38
         318       0.71      0.33      0.45        15
         319       0.63      0.77      0.69       264

    accuracy                           0.82     12292
   macro avg       0.49      0.38      0.41     12292
weighted avg       0.80      0.82      0.80     12292

Confusion Matrix:
[[  1   0   0 ...   0   0   0]
 [  0   0   0 ...   0   0   0]
 [  0   0   1 ...   0   0   0]
 ...
 [  0   0   0 ...  15   0   0]
 [  0   0   0 ...   1   5   0]
 [  0   0   0 ...   0   1 204]]
