/home/yaxin/My_Files/ml_final/Chord-Classification/Models/MLP/mlp.py:70: UserWarning: Some classes occur only once — using random split.
  warnings.warn("Some classes occur only once — using random split.")
✅ Using cuda | hidden=[512, 256] | lr=0.0002 | batch_size=32 | epochs=30
✅ Usable samples: 122912
✅ Feature shape: (122912, 128) | Classes: 320
Epoch 01/30 | Loss: 4968.3141
Epoch 02/30 | Loss: 2904.6963
Epoch 03/30 | Loss: 2478.7296
Epoch 04/30 | Loss: 2227.3170
Epoch 05/30 | Loss: 2033.3490
Epoch 06/30 | Loss: 1873.2971
Epoch 07/30 | Loss: 1735.4533
Epoch 08/30 | Loss: 1606.0616
Epoch 09/30 | Loss: 1490.9725
Epoch 10/30 | Loss: 1387.6498
Epoch 11/30 | Loss: 1286.9849
Epoch 12/30 | Loss: 1197.8987
Epoch 13/30 | Loss: 1114.3133
Epoch 14/30 | Loss: 1030.6101
Epoch 15/30 | Loss: 954.0346
Epoch 16/30 | Loss: 882.3023
Epoch 17/30 | Loss: 815.5973
Epoch 18/30 | Loss: 755.6229
Epoch 19/30 | Loss: 694.6049
Epoch 20/30 | Loss: 640.8598
Epoch 21/30 | Loss: 586.0677
Epoch 22/30 | Loss: 536.7680
Epoch 23/30 | Loss: 492.7971
Epoch 24/30 | Loss: 455.8671
Epoch 25/30 | Loss: 410.0613
Epoch 26/30 | Loss: 379.3793
Epoch 27/30 | Loss: 343.8114
Epoch 28/30 | Loss: 312.4481
Epoch 29/30 | Loss: 287.4556
Epoch 30/30 | Loss: 262.9414

✅ Accuracy: 0.871 | Macro F1-score: 0.625

Classification Report:
              precision    recall  f1-score   support

           0       0.78      0.70      0.74        10
           1       1.00      0.25      0.40         4
           2       1.00      0.67      0.80         3
           3       1.00      0.80      0.89         5
           4       0.00      0.00      0.00         1
           5       0.00      0.00      0.00         4
           7       1.00      1.00      1.00         1
           8       0.94      0.97      0.95       493
           9       0.79      0.79      0.79        19
          10       1.00      0.86      0.92         7
          11       0.20      0.25      0.22         4
          12       1.00      0.61      0.76        18
          13       1.00      1.00      1.00         1
          14       0.00      0.00      0.00         1
          15       0.60      0.75      0.67         4
          16       0.94      0.95      0.94       397
          17       0.88      0.85      0.86        26
          18       0.86      0.75      0.80         8
          20       0.84      0.79      0.82        34
          22       0.87      0.62      0.72        21
          24       0.70      0.70      0.70        47
          25       0.52      0.85      0.65        13
          26       0.17      0.17      0.17         6
          27       1.00      0.50      0.67         4
          28       0.00      0.00      0.00         1
          29       0.50      0.50      0.50         2
          30       0.50      0.25      0.33         4
          32       0.67      0.40      0.50         5
          33       0.67      0.67      0.67         3
          34       1.00      1.00      1.00         1
          35       0.91      0.95      0.93       450
          36       0.93      0.82      0.88        17
          37       1.00      0.83      0.91         6
          38       0.67      0.44      0.53         9
          39       0.83      0.62      0.71        16
          40       0.00      0.00      0.00         0
          41       0.25      1.00      0.40         1
          42       0.86      0.55      0.67        11
          43       0.89      0.97      0.93       259
          44       1.00      0.67      0.80         6
          45       0.78      0.58      0.67        12
          46       1.00      1.00      1.00         1
          47       0.88      0.85      0.86        26
          48       1.00      1.00      1.00         2
          49       0.90      0.69      0.78        13
          50       0.00      0.00      0.00         1
          51       0.70      0.62      0.66        42
          52       0.74      0.50      0.60        28
          53       0.56      0.56      0.56         9
          54       0.67      0.50      0.57         4
          56       0.00      0.00      0.00         2
          57       1.00      0.75      0.86         4
          59       0.92      1.00      0.96        11
          60       1.00      1.00      1.00         2
          61       0.90      0.95      0.92       351
          62       0.80      0.92      0.86        13
          63       0.86      0.83      0.84        23
          64       1.00      0.75      0.86         4
          65       0.70      0.64      0.67        11
          67       1.00      0.50      0.67         2
          68       0.93      0.70      0.80        20
          69       0.94      0.95      0.94       298
          70       0.67      0.75      0.71         8
          71       0.00      0.00      0.00         1
          73       0.86      0.79      0.82        62
          74       0.00      0.00      0.00         1
          75       0.86      0.43      0.57        14
          76       0.78      0.69      0.73        45
          77       1.00      0.55      0.71        20
          78       0.50      0.17      0.25         6
          79       0.50      0.67      0.57         6
          82       1.00      0.33      0.50         3
          84       1.00      1.00      1.00         3
          85       1.00      1.00      1.00         2
          86       0.94      0.93      0.93       457
          87       0.92      0.69      0.79        16
          88       0.65      0.55      0.59        20
          89       0.70      0.64      0.67        11
          90       0.59      0.67      0.62        15
          91       0.00      0.00      0.00         2
          92       1.00      0.67      0.80         3
          93       0.62      1.00      0.77         5
          94       0.93      0.96      0.95       298
          95       1.00      0.75      0.86         4
          96       0.50      1.00      0.67         1
          98       0.73      0.76      0.74        42
         100       0.40      0.25      0.31         8
         102       0.64      0.67      0.66        43
         103       0.72      0.75      0.74        28
         104       0.70      0.54      0.61        13
         105       1.00      0.80      0.89         5
         106       0.00      0.00      0.00         1
         107       1.00      0.50      0.67         6
         108       1.00      0.80      0.89         5
         109       0.50      0.50      0.50         2
         110       0.75      1.00      0.86         3
         111       1.00      0.75      0.86         4
         112       0.00      0.00      0.00         2
         113       0.89      0.91      0.90       404
         114       0.62      0.72      0.67        18
         115       0.52      0.48      0.50        27
         116       0.38      0.75      0.50         4
         117       0.50      0.25      0.33         8
         118       1.00      1.00      1.00         4
         119       0.00      0.00      0.00         2
         120       0.38      0.33      0.35         9
         121       0.90      0.95      0.92       283
         122       0.45      0.42      0.43        12
         123       0.33      0.33      0.33         6
         125       0.68      0.74      0.71        23
         127       0.50      0.50      0.50         6
         129       0.75      0.59      0.66        56
         130       0.74      0.52      0.61        27
         131       0.33      0.22      0.27         9
         132       0.40      0.67      0.50         3
         134       1.00      0.33      0.50         3
         135       0.25      1.00      0.40         1
         136       1.00      0.50      0.67         4
         137       1.00      0.83      0.91         6
         138       0.00      0.00      0.00         0
         140       0.93      0.92      0.92       524
         141       0.61      0.65      0.62        31
         142       0.68      0.68      0.68        53
         143       0.80      0.67      0.73         6
         144       0.58      0.39      0.47        18
         145       0.67      1.00      0.80         4
         146       0.00      0.00      0.00         1
         147       0.67      1.00      0.80         8
         148       0.90      0.96      0.93       274
         149       0.65      0.79      0.71        14
         150       0.67      0.27      0.39        22
         152       0.81      0.75      0.78        28
         153       0.67      0.50      0.57         4
         154       0.43      0.50      0.46         6
         156       0.84      0.62      0.71        84
         157       0.65      0.65      0.65        23
         158       0.62      0.62      0.62         8
         159       0.80      0.80      0.80        20
         160       0.00      0.00      0.00         1
         161       1.00      0.17      0.29         6
         162       0.67      0.57      0.62         7
         163       1.00      1.00      1.00         4
         164       1.00      1.00      1.00         4
         165       0.00      0.00      0.00         0
         167       0.92      0.93      0.93       463
         168       0.75      0.54      0.62        28
         169       0.48      0.52      0.50        23
         170       0.00      0.00      0.00         4
         171       1.00      0.33      0.50         6
         173       0.00      0.00      0.00         1
         174       0.75      1.00      0.86         6
         175       0.93      0.96      0.94       313
         176       1.00      0.87      0.93        31
         177       0.54      0.50      0.52        14
         178       1.00      1.00      1.00         1
         179       0.96      0.74      0.84        35
         180       1.00      0.50      0.67         2
         181       0.78      0.58      0.67        12
         182       0.68      0.66      0.67        59
         183       0.67      0.72      0.69        25
         184       0.70      0.58      0.64        12
         185       1.00      0.86      0.92         7
         186       1.00      1.00      1.00         1
         187       1.00      1.00      1.00         1
         188       0.00      0.00      0.00         1
         189       1.00      1.00      1.00         1
         190       0.83      0.83      0.83         6
         191       0.00      0.00      0.00         0
         192       1.00      0.33      0.50         3
         193       0.93      0.93      0.93       460
         194       0.90      0.73      0.81        26
         195       0.32      0.40      0.35        15
         196       1.00      0.50      0.67         4
         197       0.75      0.50      0.60        12
         198       1.00      0.50      0.67         2
         199       1.00      1.00      1.00         1
         200       1.00      0.60      0.75         5
         201       0.93      0.95      0.94       348
         202       0.71      0.50      0.59        10
         203       0.71      0.57      0.63        21
         204       1.00      1.00      1.00         1
         205       0.76      0.74      0.75        38
         206       1.00      1.00      1.00         4
         207       0.50      0.33      0.40         6
         209       0.54      0.79      0.64        28
         210       0.65      0.58      0.61        26
         211       0.60      0.86      0.71         7
         212       0.89      1.00      0.94         8
         213       1.00      1.00      1.00         2
         214       0.00      0.00      0.00         1
         215       1.00      0.67      0.80         3
         216       0.00      0.00      0.00         0
         217       0.50      1.00      0.67         2
         219       0.00      0.00      0.00         1
         220       0.95      0.95      0.95       453
         221       0.77      0.65      0.70        31
         222       0.69      0.72      0.71        25
         223       0.50      0.20      0.29         5
         224       0.53      0.73      0.62        11
         225       0.67      1.00      0.80         2
         226       1.00      1.00      1.00         1
         227       0.80      0.80      0.80        10
         228       0.93      0.95      0.94       218
         229       0.67      0.80      0.73         5
         230       0.86      0.35      0.50        17
         231       1.00      0.33      0.50         3
         232       0.84      0.91      0.87        34
         233       0.00      0.00      0.00         2
         234       0.67      0.57      0.62         7
         236       0.76      0.70      0.73        37
         237       0.77      0.74      0.75        27
         238       0.70      0.64      0.67        11
         239       0.67      1.00      0.80         4
         241       1.00      0.50      0.67         2
         242       1.00      0.50      0.67         4
         243       1.00      1.00      1.00         1
         244       1.00      1.00      1.00         5
         246       1.00      1.00      1.00         1
         247       0.89      0.96      0.92       404
         248       0.85      0.79      0.81        28
         249       1.00      0.38      0.55         8
         250       0.33      0.20      0.25         5
         251       0.40      0.44      0.42         9
         252       0.00      0.00      0.00         1
         253       0.80      1.00      0.89         4
         254       1.00      0.33      0.50         6
         255       0.91      0.97      0.94       287
         256       0.67      0.50      0.57         8
         257       0.93      0.88      0.90        16
         259       0.78      0.78      0.78        18
         261       0.33      0.33      0.33         3
         263       0.83      0.58      0.68        43
         264       0.33      0.36      0.34        14
         265       1.00      0.62      0.77         8
         266       0.56      0.62      0.59         8
         267       1.00      0.50      0.67         2
         268       0.00      0.00      0.00         1
         269       0.00      0.00      0.00         4
         271       1.00      0.80      0.89         5
         272       0.00      0.00      0.00         1
         273       1.00      0.50      0.67         2
         274       0.93      0.93      0.93       528
         275       0.62      0.81      0.70        16
         276       0.71      0.71      0.71        14
         277       0.60      0.60      0.60        10
         278       0.73      0.55      0.63        20
         279       0.00      0.00      0.00         2
         280       0.67      0.67      0.67         3
         281       1.00      0.75      0.86         4
         282       0.92      0.92      0.92       277
         283       0.71      0.62      0.67         8
         284       0.50      0.62      0.56         8
         286       0.79      0.72      0.75        32
         287       0.00      0.00      0.00         0
         288       1.00      0.29      0.44         7
         290       0.65      0.77      0.71        44
         291       0.46      0.61      0.52        18
         292       1.00      0.50      0.67        14
         293       0.60      0.75      0.67         4
         295       0.00      0.00      0.00         1
         296       1.00      0.83      0.91         6
         298       0.67      0.67      0.67         3
         299       0.00      0.00      0.00         0
         300       0.00      0.00      0.00         3
         301       0.93      0.93      0.93       547
         302       0.78      0.83      0.81        30
         303       0.67      0.50      0.57        12
         304       0.40      1.00      0.57         4
         305       0.62      0.67      0.64        12
         306       0.50      1.00      0.67         1
         307       0.67      0.67      0.67         3
         308       0.57      0.57      0.57         7
         309       0.95      0.95      0.95       314
         310       0.67      0.67      0.67         3
         311       0.67      0.56      0.61        18
         312       0.72      0.88      0.79        24
         313       0.00      0.00      0.00         1
         314       0.46      0.55      0.50        11
         316       0.53      0.75      0.62        48
         317       0.69      0.66      0.68        38
         318       0.55      0.73      0.63        15
         319       0.67      0.76      0.71       264

    accuracy                           0.87     12292
   macro avg       0.68      0.61      0.63     12292
weighted avg       0.87      0.87      0.87     12292

Confusion Matrix:
[[  7   0   0 ...   0   0   0]
 [  0   1   0 ...   0   0   0]
 [  0   0   2 ...   0   0   0]
 ...
 [  0   0   0 ...  25   2   0]
 [  0   0   0 ...   1  11   0]
 [  0   0   0 ...   0   3 201]]
