/home/yaxin/My_Files/ml_final/Chord-Classification/Models/MLP/mlp.py:70: UserWarning: Some classes occur only once — using random split.
  warnings.warn("Some classes occur only once — using random split.")
✅ Using cuda | hidden=[512, 256, 128] | lr=0.0002 | batch_size=128 | epochs=20
✅ Usable samples: 122912
✅ Feature shape: (122912, 128) | Classes: 320
Epoch 01/20 | Loss: 1776.6023
Epoch 02/20 | Loss: 928.9957
Epoch 03/20 | Loss: 779.1548
Epoch 04/20 | Loss: 696.6427
Epoch 05/20 | Loss: 642.4444
Epoch 06/20 | Loss: 602.1489
Epoch 07/20 | Loss: 570.1038
Epoch 08/20 | Loss: 542.3638
Epoch 09/20 | Loss: 519.1993
Epoch 10/20 | Loss: 496.7038
Epoch 11/20 | Loss: 477.4423
Epoch 12/20 | Loss: 458.6678
Epoch 13/20 | Loss: 441.4901
Epoch 14/20 | Loss: 423.6806
Epoch 15/20 | Loss: 410.2312
Epoch 16/20 | Loss: 394.5210
Epoch 17/20 | Loss: 381.2009
Epoch 18/20 | Loss: 367.6929
Epoch 19/20 | Loss: 354.6731
Epoch 20/20 | Loss: 342.9713

✅ Accuracy: 0.845 | Macro F1-score: 0.499

Classification Report:
              precision    recall  f1-score   support

           0       0.67      0.40      0.50        10
           1       1.00      0.25      0.40         4
           2       1.00      0.67      0.80         3
           3       1.00      0.20      0.33         5
           4       0.00      0.00      0.00         1
           5       1.00      0.50      0.67         4
           7       1.00      1.00      1.00         1
           8       0.89      0.96      0.92       493
           9       0.67      0.63      0.65        19
          10       0.75      0.43      0.55         7
          11       1.00      0.25      0.40         4
          12       0.82      0.50      0.62        18
          13       1.00      1.00      1.00         1
          14       0.00      0.00      0.00         1
          15       0.40      0.50      0.44         4
          16       0.91      0.95      0.93       397
          17       0.88      0.81      0.84        26
          18       1.00      0.38      0.55         8
          20       0.72      0.62      0.67        34
          21       0.00      0.00      0.00         0
          22       0.52      0.57      0.55        21
          24       0.79      0.40      0.54        47
          25       0.38      0.62      0.47        13
          26       0.00      0.00      0.00         6
          27       1.00      0.25      0.40         4
          28       0.00      0.00      0.00         1
          29       1.00      0.50      0.67         2
          30       0.20      0.25      0.22         4
          32       1.00      0.60      0.75         5
          33       1.00      0.67      0.80         3
          34       0.00      0.00      0.00         1
          35       0.89      0.95      0.92       450
          36       1.00      0.76      0.87        17
          37       1.00      0.33      0.50         6
          38       0.62      0.56      0.59         9
          39       0.90      0.56      0.69        16
          40       0.00      0.00      0.00         0
          41       1.00      1.00      1.00         1
          42       0.75      0.27      0.40        11
          43       0.85      0.95      0.90       259
          44       1.00      0.33      0.50         6
          45       0.50      0.25      0.33        12
          46       0.00      0.00      0.00         1
          47       0.77      0.65      0.71        26
          48       0.00      0.00      0.00         2
          49       0.57      0.31      0.40        13
          50       0.00      0.00      0.00         1
          51       0.60      0.57      0.59        42
          52       0.72      0.46      0.57        28
          53       0.44      0.44      0.44         9
          54       0.50      0.25      0.33         4
          56       0.00      0.00      0.00         2
          57       0.60      0.75      0.67         4
          59       0.75      0.82      0.78        11
          60       0.00      0.00      0.00         2
          61       0.89      0.95      0.91       351
          62       0.87      1.00      0.93        13
          63       0.65      0.65      0.65        23
          64       1.00      0.25      0.40         4
          65       0.70      0.64      0.67        11
          67       0.00      0.00      0.00         2
          68       0.58      0.55      0.56        20
          69       0.91      0.96      0.93       298
          70       0.62      0.62      0.62         8
          71       1.00      1.00      1.00         1
          73       0.83      0.77      0.80        62
          74       0.00      0.00      0.00         1
          75       0.50      0.43      0.46        14
          76       0.79      0.60      0.68        45
          77       0.72      0.65      0.68        20
          78       0.50      0.83      0.62         6
          79       0.33      0.17      0.22         6
          82       0.67      0.67      0.67         3
          84       1.00      1.00      1.00         3
          85       1.00      1.00      1.00         2
          86       0.89      0.95      0.92       457
          87       0.70      0.44      0.54        16
          88       0.88      0.35      0.50        20
          89       0.60      0.27      0.38        11
          90       0.82      0.60      0.69        15
          91       0.00      0.00      0.00         2
          92       1.00      0.33      0.50         3
          93       0.50      0.40      0.44         5
          94       0.87      0.96      0.91       298
          95       0.67      0.50      0.57         4
          96       1.00      1.00      1.00         1
          98       0.72      0.50      0.59        42
         100       0.00      0.00      0.00         8
         101       0.00      0.00      0.00         0
         102       0.81      0.58      0.68        43
         103       0.72      0.64      0.68        28
         104       0.57      0.31      0.40        13
         105       1.00      0.60      0.75         5
         106       0.00      0.00      0.00         1
         107       0.00      0.00      0.00         6
         108       1.00      0.80      0.89         5
         109       0.25      0.50      0.33         2
         110       0.50      1.00      0.67         3
         111       1.00      1.00      1.00         4
         112       0.00      0.00      0.00         2
         113       0.88      0.89      0.89       404
         114       0.67      0.67      0.67        18
         115       0.50      0.30      0.37        27
         116       0.50      0.50      0.50         4
         117       0.80      0.50      0.62         8
         118       0.67      0.50      0.57         4
         119       0.00      0.00      0.00         2
         120       1.00      0.44      0.62         9
         121       0.88      0.95      0.91       283
         122       0.43      0.25      0.32        12
         123       0.50      0.33      0.40         6
         125       0.83      0.65      0.73        23
         127       0.75      0.50      0.60         6
         129       0.66      0.68      0.67        56
         130       0.55      0.41      0.47        27
         131       0.50      0.33      0.40         9
         132       0.00      0.00      0.00         3
         134       1.00      0.33      0.50         3
         135       0.00      0.00      0.00         1
         136       0.50      0.25      0.33         4
         137       0.86      1.00      0.92         6
         138       0.00      0.00      0.00         0
         140       0.87      0.95      0.91       524
         141       0.59      0.65      0.62        31
         142       0.85      0.53      0.65        53
         143       0.50      0.17      0.25         6
         144       0.31      0.22      0.26        18
         145       0.00      0.00      0.00         4
         146       0.50      1.00      0.67         1
         147       0.50      0.25      0.33         8
         148       0.91      0.93      0.92       274
         149       0.60      0.86      0.71        14
         150       0.43      0.14      0.21        22
         152       0.63      0.61      0.62        28
         153       0.00      0.00      0.00         4
         154       0.38      0.50      0.43         6
         156       0.68      0.60      0.64        84
         157       0.56      0.61      0.58        23
         158       0.30      0.38      0.33         8
         159       0.75      0.15      0.25        20
         160       0.00      0.00      0.00         1
         161       0.50      0.17      0.25         6
         162       0.56      0.71      0.62         7
         163       0.80      1.00      0.89         4
         164       0.75      0.75      0.75         4
         165       0.00      0.00      0.00         0
         167       0.81      0.97      0.88       463
         168       0.88      0.50      0.64        28
         169       0.67      0.26      0.38        23
         170       0.00      0.00      0.00         4
         171       0.00      0.00      0.00         6
         172       0.00      0.00      0.00         0
         173       0.00      0.00      0.00         1
         174       0.80      0.67      0.73         6
         175       0.92      0.92      0.92       313
         176       0.88      0.74      0.81        31
         177       0.40      0.14      0.21        14
         178       0.50      1.00      0.67         1
         179       0.77      0.69      0.73        35
         180       0.00      0.00      0.00         2
         181       0.50      0.25      0.33        12
         182       0.63      0.49      0.55        59
         183       0.69      0.36      0.47        25
         184       0.75      0.50      0.60        12
         185       0.71      0.71      0.71         7
         186       0.00      0.00      0.00         1
         187       1.00      1.00      1.00         1
         188       0.00      0.00      0.00         1
         189       0.00      0.00      0.00         1
         190       0.83      0.83      0.83         6
         192       0.00      0.00      0.00         3
         193       0.91      0.93      0.92       460
         194       0.63      0.73      0.68        26
         195       0.62      0.33      0.43        15
         196       0.00      0.00      0.00         4
         197       0.70      0.58      0.64        12
         198       0.00      0.00      0.00         2
         199       0.00      0.00      0.00         1
         200       0.67      0.40      0.50         5
         201       0.91      0.94      0.92       348
         202       0.33      0.20      0.25        10
         203       0.55      0.57      0.56        21
         204       0.00      0.00      0.00         1
         205       0.71      0.71      0.71        38
         206       0.67      0.50      0.57         4
         207       1.00      0.17      0.29         6
         209       0.73      0.57      0.64        28
         210       0.67      0.69      0.68        26
         211       0.67      0.57      0.62         7
         212       0.89      1.00      0.94         8
         213       1.00      1.00      1.00         2
         214       0.00      0.00      0.00         1
         215       1.00      0.33      0.50         3
         217       0.67      1.00      0.80         2
         218       0.00      0.00      0.00         0
         219       0.00      0.00      0.00         1
         220       0.93      0.95      0.94       453
         221       0.82      0.74      0.78        31
         222       0.81      0.52      0.63        25
         223       0.09      0.20      0.12         5
         224       0.57      0.36      0.44        11
         225       0.00      0.00      0.00         2
         226       1.00      1.00      1.00         1
         227       0.88      0.70      0.78        10
         228       0.92      0.94      0.93       218
         229       0.38      0.60      0.46         5
         230       0.73      0.47      0.57        17
         231       1.00      0.33      0.50         3
         232       0.87      0.79      0.83        34
         233       0.00      0.00      0.00         2
         234       1.00      0.43      0.60         7
         236       0.74      0.68      0.70        37
         237       0.59      0.63      0.61        27
         238       0.69      0.82      0.75        11
         239       0.60      0.75      0.67         4
         241       1.00      0.50      0.67         2
         242       0.67      0.50      0.57         4
         243       1.00      1.00      1.00         1
         244       0.83      1.00      0.91         5
         246       1.00      1.00      1.00         1
         247       0.90      0.95      0.92       404
         248       0.71      0.86      0.77        28
         249       1.00      0.50      0.67         8
         250       0.33      0.20      0.25         5
         251       0.36      0.44      0.40         9
         252       0.00      0.00      0.00         1
         253       1.00      0.75      0.86         4
         254       0.25      0.17      0.20         6
         255       0.95      0.98      0.96       287
         256       0.67      0.50      0.57         8
         257       1.00      0.75      0.86        16
         259       0.56      0.78      0.65        18
         261       0.00      0.00      0.00         3
         263       0.61      0.53      0.57        43
         264       0.50      0.29      0.36        14
         265       0.80      0.50      0.62         8
         266       0.75      0.38      0.50         8
         267       0.00      0.00      0.00         2
         268       0.00      0.00      0.00         1
         269       0.00      0.00      0.00         4
         271       0.57      0.80      0.67         5
         272       0.00      0.00      0.00         1
         273       1.00      1.00      1.00         2
         274       0.88      0.94      0.91       528
         275       0.77      0.62      0.69        16
         276       0.73      0.57      0.64        14
         277       0.33      0.10      0.15        10
         278       0.70      0.35      0.47        20
         279       0.00      0.00      0.00         2
         280       0.00      0.00      0.00         3
         281       0.00      0.00      0.00         4
         282       0.88      0.96      0.92       277
         283       0.62      0.62      0.62         8
         284       0.40      0.50      0.44         8
         286       0.84      0.66      0.74        32
         287       0.00      0.00      0.00         0
         288       0.33      0.14      0.20         7
         290       0.50      0.75      0.60        44
         291       0.47      0.39      0.42        18
         292       0.73      0.57      0.64        14
         293       1.00      0.50      0.67         4
         295       0.00      0.00      0.00         1
         296       0.80      0.67      0.73         6
         298       1.00      0.67      0.80         3
         300       1.00      0.33      0.50         3
         301       0.89      0.95      0.92       547
         302       0.79      0.87      0.83        30
         303       0.42      0.42      0.42        12
         304       0.57      1.00      0.73         4
         305       0.67      0.33      0.44        12
         306       0.00      0.00      0.00         1
         307       0.00      0.00      0.00         3
         308       0.57      0.57      0.57         7
         309       0.88      0.99      0.93       314
         310       0.50      0.33      0.40         3
         311       0.75      0.33      0.46        18
         312       0.71      0.62      0.67        24
         313       0.00      0.00      0.00         1
         314       0.29      0.18      0.22        11
         316       0.71      0.56      0.63        48
         317       0.95      0.47      0.63        38
         318       0.64      0.47      0.54        15
         319       0.73      0.74      0.74       264

    accuracy                           0.85     12292
   macro avg       0.58      0.47      0.50     12292
weighted avg       0.83      0.85      0.83     12292

Confusion Matrix:
[[  4   0   0 ...   0   0   0]
 [  1   1   0 ...   0   0   0]
 [  0   0   2 ...   0   0   0]
 ...
 [  0   0   0 ...  18   0   0]
 [  0   0   0 ...   0   7   0]
 [  0   0   0 ...   0   1 196]]
