/home/yaxin/My_Files/ml_final/Chord-Classification/Models/MLP/mlp.py:70: UserWarning: Some classes occur only once — using random split.
  warnings.warn("Some classes occur only once — using random split.")
✅ Using cuda | hidden=[512, 256, 128] | lr=0.0002 | batch_size=128 | epochs=30
✅ Usable samples: 122912
✅ Feature shape: (122912, 128) | Classes: 320
Epoch 01/30 | Loss: 1737.3927
Epoch 02/30 | Loss: 922.3424
Epoch 03/30 | Loss: 779.2001
Epoch 04/30 | Loss: 699.2412
Epoch 05/30 | Loss: 647.4970
Epoch 06/30 | Loss: 609.4001
Epoch 07/30 | Loss: 577.0004
Epoch 08/30 | Loss: 550.0464
Epoch 09/30 | Loss: 527.4130
Epoch 10/30 | Loss: 505.9065
Epoch 11/30 | Loss: 485.7135
Epoch 12/30 | Loss: 467.4677
Epoch 13/30 | Loss: 449.7621
Epoch 14/30 | Loss: 433.5864
Epoch 15/30 | Loss: 418.5409
Epoch 16/30 | Loss: 402.7048
Epoch 17/30 | Loss: 388.6663
Epoch 18/30 | Loss: 374.6658
Epoch 19/30 | Loss: 361.6432
Epoch 20/30 | Loss: 348.2761
Epoch 21/30 | Loss: 336.5653
Epoch 22/30 | Loss: 324.6744
Epoch 23/30 | Loss: 313.3867
Epoch 24/30 | Loss: 301.5489
Epoch 25/30 | Loss: 291.7189
Epoch 26/30 | Loss: 280.3281
Epoch 27/30 | Loss: 270.3419
Epoch 28/30 | Loss: 260.8982
Epoch 29/30 | Loss: 251.0893
Epoch 30/30 | Loss: 241.9646

✅ Accuracy: 0.851 | Macro F1-score: 0.527

Classification Report:
              precision    recall  f1-score   support

           0       0.83      0.50      0.62        10
           1       1.00      0.25      0.40         4
           2       1.00      0.67      0.80         3
           3       1.00      0.40      0.57         5
           4       0.00      0.00      0.00         1
           5       0.33      0.25      0.29         4
           7       0.25      1.00      0.40         1
           8       0.93      0.95      0.94       493
           9       0.67      0.74      0.70        19
          10       0.83      0.71      0.77         7
          11       0.00      0.00      0.00         4
          12       0.88      0.78      0.82        18
          13       1.00      1.00      1.00         1
          14       0.00      0.00      0.00         1
          15       0.60      0.75      0.67         4
          16       0.92      0.94      0.93       397
          17       0.70      0.81      0.75        26
          18       0.60      0.38      0.46         8
          19       0.00      0.00      0.00         0
          20       0.74      0.74      0.74        34
          22       0.73      0.38      0.50        21
          24       0.70      0.55      0.62        47
          25       0.47      0.62      0.53        13
          26       0.00      0.00      0.00         6
          27       1.00      0.50      0.67         4
          28       0.00      0.00      0.00         1
          29       0.50      0.50      0.50         2
          30       0.33      0.25      0.29         4
          32       1.00      0.80      0.89         5
          33       0.67      0.67      0.67         3
          34       0.00      0.00      0.00         1
          35       0.91      0.90      0.91       450
          36       1.00      0.82      0.90        17
          37       0.60      0.50      0.55         6
          38       0.50      0.33      0.40         9
          39       0.80      0.50      0.62        16
          40       0.00      0.00      0.00         0
          41       0.25      1.00      0.40         1
          42       1.00      0.55      0.71        11
          43       0.89      0.96      0.92       259
          44       0.71      0.83      0.77         6
          45       0.47      0.67      0.55        12
          46       0.00      0.00      0.00         1
          47       0.83      0.73      0.78        26
          48       0.00      0.00      0.00         2
          49       0.50      0.38      0.43        13
          50       0.00      0.00      0.00         1
          51       0.53      0.62      0.57        42
          52       0.71      0.61      0.65        28
          53       0.44      0.44      0.44         9
          54       1.00      0.50      0.67         4
          56       0.00      0.00      0.00         2
          57       1.00      0.25      0.40         4
          59       0.73      1.00      0.85        11
          60       1.00      0.50      0.67         2
          61       0.91      0.92      0.91       351
          62       0.92      0.85      0.88        13
          63       0.83      0.65      0.73        23
          64       0.00      0.00      0.00         4
          65       0.57      0.73      0.64        11
          66       0.00      0.00      0.00         0
          67       1.00      0.50      0.67         2
          68       0.79      0.75      0.77        20
          69       0.94      0.96      0.95       298
          70       0.60      0.38      0.46         8
          71       1.00      1.00      1.00         1
          73       0.94      0.81      0.87        62
          74       0.00      0.00      0.00         1
          75       0.62      0.36      0.45        14
          76       0.55      0.60      0.57        45
          77       0.67      0.60      0.63        20
          78       0.60      0.50      0.55         6
          79       0.67      0.33      0.44         6
          82       0.50      0.33      0.40         3
          84       0.75      1.00      0.86         3
          85       1.00      1.00      1.00         2
          86       0.89      0.95      0.92       457
          87       0.48      0.69      0.56        16
          88       0.89      0.40      0.55        20
          89       1.00      0.09      0.17        11
          90       0.67      0.53      0.59        15
          91       0.00      0.00      0.00         2
          92       0.00      0.00      0.00         3
          93       0.50      0.80      0.62         5
          94       0.91      0.96      0.94       298
          95       0.29      0.50      0.36         4
          96       0.50      1.00      0.67         1
          97       0.00      0.00      0.00         0
          98       0.79      0.71      0.75        42
         100       0.25      0.12      0.17         8
         102       0.65      0.70      0.67        43
         103       0.80      0.57      0.67        28
         104       0.50      0.31      0.38        13
         105       1.00      0.80      0.89         5
         106       0.00      0.00      0.00         1
         107       0.50      0.17      0.25         6
         108       1.00      0.60      0.75         5
         109       0.50      0.50      0.50         2
         110       0.50      0.67      0.57         3
         111       1.00      1.00      1.00         4
         112       0.00      0.00      0.00         2
         113       0.87      0.94      0.90       404
         114       0.50      0.67      0.57        18
         115       0.64      0.26      0.37        27
         116       0.00      0.00      0.00         4
         117       0.29      0.25      0.27         8
         118       1.00      0.25      0.40         4
         119       1.00      1.00      1.00         2
         120       0.75      0.33      0.46         9
         121       0.90      0.95      0.93       283
         122       0.44      0.33      0.38        12
         123       0.75      0.50      0.60         6
         125       0.93      0.61      0.74        23
         127       0.38      0.50      0.43         6
         129       0.81      0.62      0.71        56
         130       0.60      0.44      0.51        27
         131       0.33      0.33      0.33         9
         132       0.29      0.67      0.40         3
         134       1.00      0.33      0.50         3
         135       0.00      0.00      0.00         1
         136       1.00      0.25      0.40         4
         137       0.75      1.00      0.86         6
         140       0.90      0.92      0.91       524
         141       0.69      0.71      0.70        31
         142       0.76      0.66      0.71        53
         143       0.33      0.33      0.33         6
         144       0.38      0.28      0.32        18
         145       0.33      0.25      0.29         4
         146       0.50      1.00      0.67         1
         147       0.56      0.62      0.59         8
         148       0.93      0.90      0.91       274
         149       0.86      0.86      0.86        14
         150       0.67      0.18      0.29        22
         152       0.71      0.71      0.71        28
         153       1.00      0.75      0.86         4
         154       0.44      0.67      0.53         6
         156       0.68      0.61      0.64        84
         157       0.64      0.61      0.62        23
         158       0.33      0.38      0.35         8
         159       0.69      0.55      0.61        20
         160       0.00      0.00      0.00         1
         161       0.50      0.17      0.25         6
         162       0.43      0.43      0.43         7
         163       1.00      0.75      0.86         4
         164       1.00      1.00      1.00         4
         165       0.00      0.00      0.00         0
         167       0.87      0.95      0.91       463
         168       0.88      0.50      0.64        28
         169       0.58      0.30      0.40        23
         170       0.00      0.00      0.00         4
         171       0.50      0.17      0.25         6
         172       0.00      0.00      0.00         0
         173       0.00      0.00      0.00         1
         174       0.71      0.83      0.77         6
         175       0.92      0.95      0.93       313
         176       0.92      0.71      0.80        31
         177       0.50      0.36      0.42        14
         178       1.00      1.00      1.00         1
         179       0.70      0.74      0.72        35
         180       1.00      0.50      0.67         2
         181       0.31      0.33      0.32        12
         182       0.65      0.51      0.57        59
         183       0.52      0.60      0.56        25
         184       0.57      0.67      0.62        12
         185       1.00      0.86      0.92         7
         186       0.00      0.00      0.00         1
         187       0.00      0.00      0.00         1
         188       0.00      0.00      0.00         1
         189       1.00      1.00      1.00         1
         190       1.00      0.83      0.91         6
         191       0.00      0.00      0.00         0
         192       0.33      0.33      0.33         3
         193       0.90      0.94      0.92       460
         194       0.70      0.81      0.75        26
         195       0.33      0.33      0.33        15
         196       0.00      0.00      0.00         4
         197       1.00      0.25      0.40        12
         198       0.00      0.00      0.00         2
         199       1.00      1.00      1.00         1
         200       0.38      0.60      0.46         5
         201       0.91      0.97      0.94       348
         202       0.40      0.20      0.27        10
         203       0.62      0.48      0.54        21
         204       1.00      1.00      1.00         1
         205       0.88      0.76      0.82        38
         206       0.67      0.50      0.57         4
         207       0.20      0.17      0.18         6
         209       0.69      0.64      0.67        28
         210       0.90      0.35      0.50        26
         211       0.50      0.71      0.59         7
         212       1.00      1.00      1.00         8
         213       1.00      1.00      1.00         2
         214       0.00      0.00      0.00         1
         215       1.00      0.33      0.50         3
         217       1.00      1.00      1.00         2
         219       0.00      0.00      0.00         1
         220       0.91      0.96      0.94       453
         221       0.88      0.74      0.81        31
         222       0.68      0.68      0.68        25
         223       0.00      0.00      0.00         5
         224       0.58      0.64      0.61        11
         225       0.00      0.00      0.00         2
         226       1.00      1.00      1.00         1
         227       0.54      0.70      0.61        10
         228       0.93      0.92      0.92       218
         229       0.67      0.40      0.50         5
         230       0.62      0.29      0.40        17
         231       1.00      0.33      0.50         3
         232       0.90      0.82      0.86        34
         233       0.00      0.00      0.00         2
         234       0.50      0.29      0.36         7
         236       0.74      0.76      0.75        37
         237       0.62      0.74      0.68        27
         238       0.88      0.64      0.74        11
         239       0.60      0.75      0.67         4
         241       1.00      0.50      0.67         2
         242       1.00      0.50      0.67         4
         243       1.00      1.00      1.00         1
         244       0.71      1.00      0.83         5
         246       0.33      1.00      0.50         1
         247       0.89      0.96      0.92       404
         248       0.80      0.71      0.75        28
         249       0.75      0.38      0.50         8
         250       0.00      0.00      0.00         5
         251       0.33      0.67      0.44         9
         252       0.00      0.00      0.00         1
         253       1.00      1.00      1.00         4
         254       0.33      0.33      0.33         6
         255       0.96      0.95      0.96       287
         256       0.43      0.38      0.40         8
         257       0.72      0.81      0.76        16
         259       0.60      0.83      0.70        18
         261       0.00      0.00      0.00         3
         263       0.63      0.40      0.49        43
         264       0.27      0.29      0.28        14
         265       0.80      0.50      0.62         8
         266       0.75      0.75      0.75         8
         267       1.00      0.50      0.67         2
         268       0.00      0.00      0.00         1
         269       0.00      0.00      0.00         4
         270       0.00      0.00      0.00         0
         271       0.80      0.80      0.80         5
         272       0.00      0.00      0.00         1
         273       0.67      1.00      0.80         2
         274       0.90      0.94      0.92       528
         275       0.91      0.62      0.74        16
         276       0.64      0.50      0.56        14
         277       0.50      0.30      0.38        10
         278       0.89      0.40      0.55        20
         279       0.00      0.00      0.00         2
         280       0.00      0.00      0.00         3
         281       0.33      0.25      0.29         4
         282       0.89      0.95      0.92       277
         283       0.64      0.88      0.74         8
         284       0.28      0.62      0.38         8
         286       0.76      0.69      0.72        32
         288       0.25      0.14      0.18         7
         290       0.62      0.52      0.57        44
         291       0.58      0.39      0.47        18
         292       0.88      0.50      0.64        14
         293       0.67      0.50      0.57         4
         295       0.00      0.00      0.00         1
         296       0.71      0.83      0.77         6
         298       0.67      0.67      0.67         3
         299       0.00      0.00      0.00         0
         300       1.00      0.33      0.50         3
         301       0.90      0.93      0.92       547
         302       0.87      0.87      0.87        30
         303       0.38      0.42      0.40        12
         304       0.80      1.00      0.89         4
         305       0.56      0.42      0.48        12
         306       0.33      1.00      0.50         1
         307       0.00      0.00      0.00         3
         308       0.56      0.71      0.62         7
         309       0.93      0.95      0.94       314
         310       0.20      0.33      0.25         3
         311       0.67      0.44      0.53        18
         312       0.70      0.79      0.75        24
         313       0.00      0.00      0.00         1
         314       0.71      0.45      0.56        11
         316       0.61      0.65      0.63        48
         317       0.79      0.58      0.67        38
         318       0.55      0.73      0.63        15
         319       0.72      0.77      0.74       264

    accuracy                           0.85     12292
   macro avg       0.58      0.52      0.53     12292
weighted avg       0.85      0.85      0.84     12292

Confusion Matrix:
[[  5   0   0 ...   0   0   0]
 [  0   1   0 ...   0   0   0]
 [  0   0   2 ...   0   0   0]
 ...
 [  0   0   0 ...  22   0   1]
 [  0   0   0 ...   0  11   0]
 [  0   0   0 ...   0   2 202]]
