/home/yaxin/My_Files/ml_final/Chord-Classification/Models/MLP/mlp.py:70: UserWarning: Some classes occur only once — using random split.
  warnings.warn("Some classes occur only once — using random split.")
✅ Using cuda | hidden=[512, 256] | lr=0.0005 | batch_size=64 | epochs=30
✅ Usable samples: 122912
✅ Feature shape: (122912, 128) | Classes: 320
Epoch 01/30 | Loss: 2210.6357
Epoch 02/30 | Loss: 1311.7901
Epoch 03/30 | Loss: 1111.7223
Epoch 04/30 | Loss: 980.3862
Epoch 05/30 | Loss: 866.4092
Epoch 06/30 | Loss: 775.2216
Epoch 07/30 | Loss: 689.2545
Epoch 08/30 | Loss: 617.6567
Epoch 09/30 | Loss: 551.6380
Epoch 10/30 | Loss: 492.5593
Epoch 11/30 | Loss: 435.6645
Epoch 12/30 | Loss: 391.4338
Epoch 13/30 | Loss: 344.6241
Epoch 14/30 | Loss: 309.2324
Epoch 15/30 | Loss: 270.7212
Epoch 16/30 | Loss: 241.8560
Epoch 17/30 | Loss: 215.1776
Epoch 18/30 | Loss: 195.4177
Epoch 19/30 | Loss: 174.1457
Epoch 20/30 | Loss: 157.9939
Epoch 21/30 | Loss: 147.0338
Epoch 22/30 | Loss: 130.7059
Epoch 23/30 | Loss: 123.6096
Epoch 24/30 | Loss: 110.5776
Epoch 25/30 | Loss: 110.1185
Epoch 26/30 | Loss: 96.9177
Epoch 27/30 | Loss: 92.9661
Epoch 28/30 | Loss: 92.2017
Epoch 29/30 | Loss: 84.0927
Epoch 30/30 | Loss: 82.7534

✅ Accuracy: 0.870 | Macro F1-score: 0.613

Classification Report:
              precision    recall  f1-score   support

           0       1.00      0.20      0.33        10
           1       1.00      0.25      0.40         4
           2       1.00      0.67      0.80         3
           3       1.00      0.80      0.89         5
           4       0.00      0.00      0.00         1
           5       1.00      0.25      0.40         4
           7       1.00      1.00      1.00         1
           8       0.89      0.96      0.92       493
           9       0.78      0.95      0.86        19
          10       0.86      0.86      0.86         7
          11       0.33      0.50      0.40         4
          12       0.86      0.67      0.75        18
          13       1.00      1.00      1.00         1
          14       0.00      0.00      0.00         1
          15       0.60      0.75      0.67         4
          16       0.94      0.94      0.94       397
          17       0.88      0.85      0.86        26
          18       0.75      0.38      0.50         8
          20       0.88      0.65      0.75        34
          21       0.00      0.00      0.00         0
          22       0.45      0.48      0.47        21
          24       0.71      0.43      0.53        47
          25       0.54      0.54      0.54        13
          26       0.00      0.00      0.00         6
          27       0.60      0.75      0.67         4
          28       0.00      0.00      0.00         1
          29       0.50      0.50      0.50         2
          30       0.50      0.50      0.50         4
          32       0.71      1.00      0.83         5
          33       1.00      0.33      0.50         3
          34       1.00      1.00      1.00         1
          35       0.92      0.93      0.93       450
          36       0.93      0.76      0.84        17
          37       0.50      0.83      0.62         6
          38       0.38      0.56      0.45         9
          39       0.75      0.75      0.75        16
          40       0.00      0.00      0.00         0
          41       0.25      1.00      0.40         1
          42       1.00      0.73      0.84        11
          43       0.96      0.93      0.94       259
          44       0.80      0.67      0.73         6
          45       1.00      0.58      0.74        12
          46       1.00      1.00      1.00         1
          47       0.86      0.96      0.91        26
          48       1.00      1.00      1.00         2
          49       0.77      0.77      0.77        13
          50       0.00      0.00      0.00         1
          51       0.81      0.60      0.68        42
          52       0.73      0.57      0.64        28
          53       0.80      0.44      0.57         9
          54       1.00      0.25      0.40         4
          56       0.00      0.00      0.00         2
          57       1.00      0.50      0.67         4
          59       0.83      0.91      0.87        11
          60       1.00      1.00      1.00         2
          61       0.88      0.96      0.92       351
          62       0.72      1.00      0.84        13
          63       0.95      0.78      0.86        23
          64       0.50      0.25      0.33         4
          65       0.71      0.45      0.56        11
          67       1.00      0.50      0.67         2
          68       0.68      0.85      0.76        20
          69       0.91      0.96      0.93       298
          70       0.67      0.75      0.71         8
          71       0.20      1.00      0.33         1
          73       0.90      0.76      0.82        62
          74       0.00      0.00      0.00         1
          75       1.00      0.29      0.44        14
          76       0.83      0.64      0.72        45
          77       0.74      0.70      0.72        20
          78       0.33      0.33      0.33         6
          79       0.75      0.50      0.60         6
          82       1.00      0.33      0.50         3
          84       1.00      1.00      1.00         3
          85       0.67      1.00      0.80         2
          86       0.92      0.95      0.93       457
          87       0.61      0.69      0.65        16
          88       0.81      0.65      0.72        20
          89       0.80      0.36      0.50        11
          90       0.69      0.60      0.64        15
          91       0.00      0.00      0.00         2
          92       0.00      0.00      0.00         3
          93       0.57      0.80      0.67         5
          94       0.94      0.96      0.95       298
          95       1.00      0.50      0.67         4
          96       0.50      1.00      0.67         1
          97       0.00      0.00      0.00         0
          98       0.70      0.67      0.68        42
         100       1.00      0.38      0.55         8
         102       0.74      0.65      0.69        43
         103       0.71      0.71      0.71        28
         104       0.78      0.54      0.64        13
         105       0.75      0.60      0.67         5
         106       0.00      0.00      0.00         1
         107       0.75      0.50      0.60         6
         108       0.80      0.80      0.80         5
         109       1.00      0.50      0.67         2
         110       0.67      0.67      0.67         3
         111       1.00      0.75      0.86         4
         112       0.00      0.00      0.00         2
         113       0.91      0.90      0.91       404
         114       0.65      0.94      0.77        18
         115       0.57      0.48      0.52        27
         116       0.67      0.50      0.57         4
         117       0.42      0.62      0.50         8
         118       1.00      0.50      0.67         4
         119       1.00      0.50      0.67         2
         120       0.71      0.56      0.62         9
         121       0.92      0.94      0.93       283
         122       0.67      0.50      0.57        12
         123       0.33      0.17      0.22         6
         125       0.63      0.74      0.68        23
         127       0.75      0.50      0.60         6
         129       0.61      0.80      0.69        56
         130       0.71      0.63      0.67        27
         131       0.38      0.33      0.35         9
         132       0.67      0.67      0.67         3
         134       1.00      0.33      0.50         3
         135       0.00      0.00      0.00         1
         136       1.00      0.25      0.40         4
         137       0.83      0.83      0.83         6
         138       0.00      0.00      0.00         0
         140       0.92      0.94      0.93       524
         141       0.73      0.71      0.72        31
         142       0.80      0.70      0.75        53
         143       0.40      0.67      0.50         6
         144       0.55      0.33      0.41        18
         145       0.67      1.00      0.80         4
         146       0.00      0.00      0.00         1
         147       0.58      0.88      0.70         8
         148       0.94      0.95      0.94       274
         149       0.87      0.93      0.90        14
         150       0.60      0.41      0.49        22
         152       0.71      0.71      0.71        28
         153       1.00      0.50      0.67         4
         154       0.40      0.33      0.36         6
         156       0.71      0.76      0.74        84
         157       0.62      0.70      0.65        23
         158       0.62      0.62      0.62         8
         159       0.88      0.75      0.81        20
         160       0.00      0.00      0.00         1
         161       1.00      0.33      0.50         6
         162       0.83      0.71      0.77         7
         163       0.60      0.75      0.67         4
         164       1.00      1.00      1.00         4
         165       0.00      0.00      0.00         0
         166       0.00      0.00      0.00         0
         167       0.92      0.94      0.93       463
         168       0.95      0.64      0.77        28
         169       0.52      0.57      0.54        23
         170       0.00      0.00      0.00         4
         171       0.50      0.17      0.25         6
         172       0.00      0.00      0.00         0
         173       0.50      1.00      0.67         1
         174       0.83      0.83      0.83         6
         175       0.91      0.96      0.94       313
         176       0.91      0.94      0.92        31
         177       0.64      0.64      0.64        14
         178       1.00      1.00      1.00         1
         179       0.83      0.71      0.77        35
         180       1.00      0.50      0.67         2
         181       0.70      0.58      0.64        12
         182       0.74      0.59      0.66        59
         183       0.47      0.68      0.56        25
         184       0.67      0.67      0.67        12
         185       0.78      1.00      0.88         7
         186       0.00      0.00      0.00         1
         187       1.00      1.00      1.00         1
         188       0.00      0.00      0.00         1
         189       1.00      1.00      1.00         1
         190       1.00      1.00      1.00         6
         192       1.00      0.67      0.80         3
         193       0.93      0.95      0.94       460
         194       1.00      0.73      0.84        26
         195       0.43      0.40      0.41        15
         196       0.75      0.75      0.75         4
         197       0.73      0.67      0.70        12
         198       1.00      0.50      0.67         2
         199       0.50      1.00      0.67         1
         200       1.00      0.80      0.89         5
         201       0.94      0.94      0.94       348
         202       0.75      0.60      0.67        10
         203       0.65      0.52      0.58        21
         204       1.00      1.00      1.00         1
         205       0.71      0.79      0.75        38
         206       1.00      1.00      1.00         4
         207       0.50      0.33      0.40         6
         209       0.58      0.68      0.62        28
         210       0.79      0.58      0.67        26
         211       0.67      0.57      0.62         7
         212       0.80      1.00      0.89         8
         213       1.00      1.00      1.00         2
         214       0.00      0.00      0.00         1
         215       1.00      0.67      0.80         3
         217       0.50      1.00      0.67         2
         219       0.00      0.00      0.00         1
         220       0.94      0.95      0.95       453
         221       0.86      0.81      0.83        31
         222       0.56      0.72      0.63        25
         223       0.00      0.00      0.00         5
         224       0.47      0.64      0.54        11
         225       0.67      1.00      0.80         2
         226       1.00      1.00      1.00         1
         227       0.78      0.70      0.74        10
         228       0.95      0.90      0.92       218
         229       0.40      0.80      0.53         5
         230       0.60      0.53      0.56        17
         231       1.00      0.33      0.50         3
         232       0.75      0.97      0.85        34
         233       0.00      0.00      0.00         2
         234       1.00      0.57      0.73         7
         236       0.61      0.76      0.67        37
         237       0.73      0.70      0.72        27
         238       0.88      0.64      0.74        11
         239       0.80      1.00      0.89         4
         241       1.00      0.50      0.67         2
         242       0.67      0.50      0.57         4
         243       1.00      1.00      1.00         1
         244       1.00      1.00      1.00         5
         246       1.00      1.00      1.00         1
         247       0.93      0.94      0.93       404
         248       0.92      0.79      0.85        28
         249       0.75      0.75      0.75         8
         250       0.20      0.40      0.27         5
         251       0.71      0.56      0.62         9
         252       0.00      0.00      0.00         1
         253       0.80      1.00      0.89         4
         254       0.67      0.67      0.67         6
         255       0.96      0.97      0.96       287
         256       0.60      0.75      0.67         8
         257       1.00      0.81      0.90        16
         259       0.74      0.78      0.76        18
         261       0.00      0.00      0.00         3
         263       0.83      0.56      0.67        43
         264       0.27      0.43      0.33        14
         265       0.86      0.75      0.80         8
         266       0.83      0.62      0.71         8
         267       0.50      0.50      0.50         2
         268       0.00      0.00      0.00         1
         269       1.00      0.25      0.40         4
         271       1.00      0.80      0.89         5
         272       0.00      0.00      0.00         1
         273       0.00      0.00      0.00         2
         274       0.91      0.95      0.93       528
         275       0.87      0.81      0.84        16
         276       0.70      0.50      0.58        14
         277       0.75      0.60      0.67        10
         278       0.50      0.45      0.47        20
         279       0.00      0.00      0.00         2
         280       0.50      0.33      0.40         3
         281       1.00      0.75      0.86         4
         282       0.91      0.94      0.93       277
         283       0.86      0.75      0.80         8
         284       0.83      0.62      0.71         8
         286       0.65      0.75      0.70        32
         288       0.30      0.43      0.35         7
         290       0.58      0.70      0.64        44
         291       0.83      0.56      0.67        18
         292       0.54      0.50      0.52        14
         293       0.60      0.75      0.67         4
         295       0.00      0.00      0.00         1
         296       1.00      0.83      0.91         6
         298       1.00      0.33      0.50         3
         300       1.00      0.33      0.50         3
         301       0.91      0.94      0.92       547
         302       0.92      0.73      0.81        30
         303       0.75      0.50      0.60        12
         304       0.19      1.00      0.32         4
         305       1.00      0.50      0.67        12
         306       0.00      0.00      0.00         1
         307       0.60      1.00      0.75         3
         308       0.62      0.71      0.67         7
         309       0.93      0.95      0.94       314
         310       0.67      0.67      0.67         3
         311       0.73      0.44      0.55        18
         312       0.71      0.92      0.80        24
         313       0.00      0.00      0.00         1
         314       0.57      0.36      0.44        11
         316       0.79      0.48      0.60        48
         317       0.85      0.61      0.71        38
         318       0.77      0.67      0.71        15
         319       0.71      0.73      0.72       264

    accuracy                           0.87     12292
   macro avg       0.67      0.61      0.61     12292
weighted avg       0.87      0.87      0.87     12292

Confusion Matrix:
[[  2   0   0 ...   0   0   0]
 [  0   1   0 ...   0   0   0]
 [  0   0   2 ...   0   0   0]
 ...
 [  0   0   0 ...  23   0   1]
 [  0   0   0 ...   0  10   0]
 [  0   0   0 ...   1   0 194]]
