/home/yaxin/My_Files/ml_final/Chord-Classification/Models/MLP/mlp.py:70: UserWarning: Some classes occur only once — using random split.
  warnings.warn("Some classes occur only once — using random split.")
✅ Using cuda | hidden=[256, 128] | lr=0.0005 | batch_size=32 | epochs=10
✅ Usable samples: 122912
✅ Feature shape: (122912, 128) | Classes: 320
Epoch 01/10 | Loss: 4528.5491
Epoch 02/10 | Loss: 2761.4130
Epoch 03/10 | Loss: 2397.7202
Epoch 04/10 | Loss: 2162.4565
Epoch 05/10 | Loss: 1978.4013
Epoch 06/10 | Loss: 1824.2674
Epoch 07/10 | Loss: 1691.9453
Epoch 08/10 | Loss: 1572.5441
Epoch 09/10 | Loss: 1469.0917
Epoch 10/10 | Loss: 1373.9348

✅ Accuracy: 0.847 | Macro F1-score: 0.533

Classification Report:
              precision    recall  f1-score   support

           0       0.75      0.30      0.43        10
           1       1.00      0.25      0.40         4
           2       0.00      0.00      0.00         3
           3       0.80      0.80      0.80         5
           4       0.00      0.00      0.00         1
           5       1.00      0.50      0.67         4
           7       1.00      1.00      1.00         1
           8       0.91      0.95      0.93       493
           9       0.68      0.89      0.77        19
          10       1.00      0.43      0.60         7
          11       1.00      0.50      0.67         4
          12       0.69      0.61      0.65        18
          13       0.33      1.00      0.50         1
          14       0.00      0.00      0.00         1
          15       0.75      0.75      0.75         4
          16       0.93      0.92      0.92       397
          17       0.74      0.88      0.81        26
          18       0.80      0.50      0.62         8
          20       0.69      0.65      0.67        34
          21       0.00      0.00      0.00         0
          22       0.50      0.38      0.43        21
          24       0.53      0.57      0.55        47
          25       0.54      0.54      0.54        13
          26       0.00      0.00      0.00         6
          27       0.67      0.50      0.57         4
          28       0.00      0.00      0.00         1
          29       0.33      0.50      0.40         2
          30       1.00      0.25      0.40         4
          32       0.75      0.60      0.67         5
          33       1.00      0.67      0.80         3
          34       1.00      1.00      1.00         1
          35       0.91      0.92      0.92       450
          36       0.93      0.76      0.84        17
          37       0.50      0.67      0.57         6
          38       0.57      0.44      0.50         9
          39       0.67      0.50      0.57        16
          40       0.00      0.00      0.00         0
          41       0.33      1.00      0.50         1
          42       1.00      0.36      0.53        11
          43       0.88      0.95      0.91       259
          44       1.00      0.50      0.67         6
          45       0.67      0.33      0.44        12
          46       0.00      0.00      0.00         1
          47       0.82      0.69      0.75        26
          48       1.00      1.00      1.00         2
          49       0.88      0.54      0.67        13
          50       0.00      0.00      0.00         1
          51       0.62      0.57      0.59        42
          52       0.56      0.54      0.55        28
          53       0.44      0.44      0.44         9
          54       1.00      0.50      0.67         4
          56       0.00      0.00      0.00         2
          57       1.00      0.50      0.67         4
          59       0.90      0.82      0.86        11
          60       0.67      1.00      0.80         2
          61       0.86      0.96      0.91       351
          62       0.52      0.92      0.67        13
          63       0.81      0.57      0.67        23
          64       0.50      0.25      0.33         4
          65       0.75      0.55      0.63        11
          67       1.00      0.50      0.67         2
          68       0.73      0.40      0.52        20
          69       0.94      0.93      0.94       298
          70       0.57      0.50      0.53         8
          71       1.00      1.00      1.00         1
          73       0.80      0.77      0.79        62
          74       0.00      0.00      0.00         1
          75       0.71      0.36      0.48        14
          76       0.88      0.47      0.61        45
          77       0.83      0.50      0.62        20
          78       0.00      0.00      0.00         6
          79       0.50      0.17      0.25         6
          82       1.00      0.67      0.80         3
          84       1.00      1.00      1.00         3
          85       1.00      1.00      1.00         2
          86       0.89      0.95      0.92       457
          87       0.83      0.62      0.71        16
          88       0.89      0.40      0.55        20
          89       0.60      0.55      0.57        11
          90       0.70      0.47      0.56        15
          91       0.00      0.00      0.00         2
          92       1.00      0.33      0.50         3
          93       0.43      0.60      0.50         5
          94       0.90      0.98      0.94       298
          95       0.67      0.50      0.57         4
          96       1.00      1.00      1.00         1
          98       0.74      0.67      0.70        42
         100       0.00      0.00      0.00         8
         102       0.62      0.58      0.60        43
         103       0.80      0.57      0.67        28
         104       0.62      0.38      0.48        13
         105       1.00      0.60      0.75         5
         106       0.00      0.00      0.00         1
         107       0.57      0.67      0.62         6
         108       0.67      0.80      0.73         5
         109       1.00      0.50      0.67         2
         110       0.75      1.00      0.86         3
         111       0.80      1.00      0.89         4
         112       0.00      0.00      0.00         2
         113       0.84      0.94      0.88       404
         114       0.54      0.72      0.62        18
         115       0.41      0.26      0.32        27
         116       0.50      0.25      0.33         4
         117       0.38      0.38      0.38         8
         118       0.50      0.25      0.33         4
         119       0.00      0.00      0.00         2
         120       0.50      0.44      0.47         9
         121       0.92      0.90      0.91       283
         122       0.44      0.33      0.38        12
         123       0.17      0.33      0.22         6
         125       0.71      0.74      0.72        23
         127       0.40      0.33      0.36         6
         129       0.80      0.62      0.70        56
         130       0.75      0.44      0.56        27
         131       0.57      0.44      0.50         9
         132       0.00      0.00      0.00         3
         134       0.50      0.33      0.40         3
         135       0.00      0.00      0.00         1
         136       0.67      0.50      0.57         4
         137       0.83      0.83      0.83         6
         138       0.00      0.00      0.00         0
         140       0.89      0.93      0.91       524
         141       0.69      0.58      0.63        31
         142       0.91      0.58      0.71        53
         143       1.00      0.33      0.50         6
         144       0.67      0.22      0.33        18
         145       0.67      0.50      0.57         4
         146       0.00      0.00      0.00         1
         147       0.71      0.62      0.67         8
         148       0.90      0.93      0.92       274
         149       1.00      0.71      0.83        14
         150       0.62      0.36      0.46        22
         151       0.00      0.00      0.00         0
         152       0.68      0.61      0.64        28
         153       0.50      0.50      0.50         4
         154       1.00      0.33      0.50         6
         156       0.60      0.69      0.64        84
         157       0.79      0.48      0.59        23
         158       0.60      0.38      0.46         8
         159       0.67      0.30      0.41        20
         160       0.00      0.00      0.00         1
         161       1.00      0.17      0.29         6
         162       0.62      0.71      0.67         7
         163       0.67      1.00      0.80         4
         164       0.57      1.00      0.73         4
         165       0.00      0.00      0.00         0
         167       0.83      0.96      0.89       463
         168       0.82      0.64      0.72        28
         169       0.64      0.39      0.49        23
         170       0.00      0.00      0.00         4
         171       0.75      0.50      0.60         6
         172       0.00      0.00      0.00         0
         173       0.00      0.00      0.00         1
         174       1.00      0.67      0.80         6
         175       0.88      0.96      0.92       313
         176       0.87      0.65      0.74        31
         177       0.75      0.21      0.33        14
         178       1.00      1.00      1.00         1
         179       0.83      0.54      0.66        35
         180       1.00      0.50      0.67         2
         181       0.80      0.33      0.47        12
         182       0.71      0.49      0.58        59
         183       0.73      0.44      0.55        25
         184       0.58      0.58      0.58        12
         185       1.00      0.86      0.92         7
         186       0.00      0.00      0.00         1
         187       0.00      0.00      0.00         1
         188       0.00      0.00      0.00         1
         189       1.00      1.00      1.00         1
         190       0.83      0.83      0.83         6
         191       0.00      0.00      0.00         0
         192       0.50      0.33      0.40         3
         193       0.93      0.92      0.93       460
         194       0.67      0.69      0.68        26
         195       0.33      0.33      0.33        15
         196       0.50      0.75      0.60         4
         197       0.70      0.58      0.64        12
         198       0.00      0.00      0.00         2
         199       1.00      1.00      1.00         1
         200       0.67      0.40      0.50         5
         201       0.93      0.96      0.94       348
         202       0.50      0.40      0.44        10
         203       0.60      0.29      0.39        21
         204       1.00      1.00      1.00         1
         205       0.78      0.74      0.76        38
         206       1.00      0.50      0.67         4
         207       0.00      0.00      0.00         6
         209       0.57      0.71      0.63        28
         210       0.61      0.77      0.68        26
         211       0.83      0.71      0.77         7
         212       0.73      1.00      0.84         8
         213       1.00      1.00      1.00         2
         214       0.00      0.00      0.00         1
         215       0.50      0.33      0.40         3
         216       0.00      0.00      0.00         0
         217       1.00      1.00      1.00         2
         218       0.00      0.00      0.00         0
         219       0.00      0.00      0.00         1
         220       0.92      0.95      0.93       453
         221       0.83      0.61      0.70        31
         222       0.50      0.60      0.55        25
         223       0.00      0.00      0.00         5
         224       0.58      0.64      0.61        11
         225       0.00      0.00      0.00         2
         226       1.00      1.00      1.00         1
         227       0.75      0.60      0.67        10
         228       0.93      0.94      0.94       218
         229       1.00      0.60      0.75         5
         230       0.75      0.18      0.29        17
         231       1.00      0.33      0.50         3
         232       0.79      0.91      0.85        34
         233       1.00      0.50      0.67         2
         234       0.50      0.71      0.59         7
         236       0.80      0.54      0.65        37
         237       0.56      0.74      0.63        27
         238       0.78      0.64      0.70        11
         239       1.00      0.75      0.86         4
         240       0.00      0.00      0.00         0
         241       0.00      0.00      0.00         2
         242       1.00      0.25      0.40         4
         243       1.00      1.00      1.00         1
         244       0.83      1.00      0.91         5
         246       1.00      1.00      1.00         1
         247       0.88      0.96      0.92       404
         248       0.74      0.71      0.73        28
         249       0.67      0.25      0.36         8
         250       0.20      0.20      0.20         5
         251       0.50      0.33      0.40         9
         252       0.00      0.00      0.00         1
         253       1.00      1.00      1.00         4
         254       0.80      0.67      0.73         6
         255       0.95      0.98      0.97       287
         256       0.80      0.50      0.62         8
         257       1.00      0.81      0.90        16
         259       0.74      0.78      0.76        18
         260       0.00      0.00      0.00         0
         261       0.00      0.00      0.00         3
         263       0.63      0.63      0.63        43
         264       0.27      0.43      0.33        14
         265       1.00      0.38      0.55         8
         266       0.80      0.50      0.62         8
         267       1.00      0.50      0.67         2
         268       0.00      0.00      0.00         1
         269       0.50      0.25      0.33         4
         270       0.00      0.00      0.00         0
         271       1.00      0.60      0.75         5
         272       0.00      0.00      0.00         1
         273       1.00      0.50      0.67         2
         274       0.88      0.93      0.91       528
         275       0.73      0.69      0.71        16
         276       0.67      0.57      0.62        14
         277       0.50      0.30      0.38        10
         278       0.85      0.55      0.67        20
         279       0.00      0.00      0.00         2
         280       0.00      0.00      0.00         3
         281       0.25      0.25      0.25         4
         282       0.87      0.95      0.91       277
         283       0.75      0.75      0.75         8
         284       0.43      0.38      0.40         8
         286       0.83      0.59      0.69        32
         288       0.20      0.29      0.24         7
         290       0.62      0.57      0.60        44
         291       0.33      0.39      0.36        18
         292       0.56      0.64      0.60        14
         293       1.00      0.50      0.67         4
         295       0.00      0.00      0.00         1
         296       0.42      0.83      0.56         6
         298       1.00      0.33      0.50         3
         300       1.00      0.33      0.50         3
         301       0.87      0.97      0.91       547
         302       0.83      0.80      0.81        30
         303       0.67      0.50      0.57        12
         304       0.50      0.75      0.60         4
         305       0.60      0.25      0.35        12
         306       0.00      0.00      0.00         1
         307       1.00      0.33      0.50         3
         308       0.57      0.57      0.57         7
         309       0.89      0.97      0.93       314
         310       0.40      0.67      0.50         3
         311       0.73      0.44      0.55        18
         312       0.87      0.54      0.67        24
         313       0.00      0.00      0.00         1
         314       0.67      0.36      0.47        11
         316       0.74      0.48      0.58        48
         317       0.80      0.42      0.55        38
         318       0.47      0.47      0.47        15
         319       0.72      0.72      0.72       264

    accuracy                           0.85     12292
   macro avg       0.61      0.51      0.53     12292
weighted avg       0.84      0.85      0.84     12292

Confusion Matrix:
[[  3   0   0 ...   0   0   0]
 [  1   1   0 ...   0   0   0]
 [  0   0   0 ...   0   0   1]
 ...
 [  0   0   0 ...  16   1   0]
 [  0   0   0 ...   0   7   0]
 [  0   0   0 ...   0   1 191]]
